<?xml version="1.0" encoding="UTF-8"?>
<testsuites name="OrangeHRM Directory TestSuite" time="45.288" tests="1" failures="0" errors="0">
   <testsuite name="OrangeHRM Directory TestSuite" tests="1" failures="0" errors="0" time="45.288" skipped="0" timestamp="2023-07-28 18:38:04" hostname="satyasai.samoju - INBL01LAP31245.brd.g-c-i.com" id="Test Suites/OrangeHRM Directory TestSuite">
      <properties>
         <property name="deviceName" value=""/>
         <property name="devicePlatform" value=""/>
         <property name="logFolder" value="C:\\Users\\satyasai.samoju\\git\\TestTunnel_Pratice_Repo\\TestTunnel_Pratice_Repo\\TestTunnel_Pratice_Repo\\TestTunnel_Pratice_Repo\\TestTunnel_Pratice_Repo\\Reports\\20230728_183750\\OrangeHRM Directory TestSuite\\20230728_183751"/>
         <property name="logFiles" value="C:\\Users\\satyasai.samoju\\git\\TestTunnel_Pratice_Repo\\TestTunnel_Pratice_Repo\\TestTunnel_Pratice_Repo\\TestTunnel_Pratice_Repo\\TestTunnel_Pratice_Repo\\Reports\\20230728_183750\\OrangeHRM Directory TestSuite\\20230728_183751\\execution0.log"/>
         <property name="attachments" value=""/>
         <property name="hostName" value="satyasai.samoju - INBL01LAP31245.brd.g-c-i.com"/>
         <property name="os" value="Windows 11 64bit"/>
         <property name="katalonVersion" value="8.6.5.208"/>
         <property name="browser" value="Chrome 115.0.0.0"/>
         <property name="hostAddress" value="192.168.1.9"/>
         <property name="sessionId" value="e0625dc2c19a857b458e14232ee2b9f4"/>
         <property name="seleniumVersion" value="3.141.59"/>
         <property name="proxyInformation" value="ProxyInformation { proxyOption=NO_PROXY, proxyServerType=HTTP, username=, password=********, proxyServerAddress=, proxyServerPort=0, executionList=&quot;&quot;, isApplyToDesiredCapabilities=true }"/>
         <property name="platform" value="Windows 11"/>
      </properties>
      <testcase name="Test Cases/OrangeHRM Directory" time="44.812" classname="Test Cases/OrangeHRM Directory" status="PASSED">
         <system-out><![CDATA[2023-07-28 18:38:04 - [TEST_CASE][PASSED] - Test Cases/OrangeHRM Directory: Test Cases/OrangeHRM Directory

2023-07-28 18:38:05 - [TEST_STEP][PASSED] - callTestCase(findTestCase("Orange HRM LogIN"), [:], STOP_ON_FAILURE): Call Test Case 'Test Cases/Orange HRM LogIN' successfully

2023-07-28 18:38:05 - [TEST_CASE][PASSED] - Test Cases/Orange HRM LogIN: Test Cases/Orange HRM LogIN

2023-07-28 18:38:06 - [TEST_STEP][PASSED] - openBrowser(""): Browser is opened with url: ''

2023-07-28 18:38:06 - [MESSAGE][INFO] - Starting 'Chrome' driver

2023-07-28 18:38:06 - [MESSAGE][INFO] - Action delay is set to 0 milliseconds

2023-07-28 18:38:11 - [MESSAGE][PASSED] - Browser is opened with url: ''

2023-07-28 18:38:11 - [TEST_STEP][PASSED] - maximizeWindow(): Current window maximized

2023-07-28 18:38:12 - [MESSAGE][PASSED] - Current window maximized

2023-07-28 18:38:12 - [TEST_STEP][PASSED] - delay(3): Delayed 3 second(s)

2023-07-28 18:38:15 - [MESSAGE][PASSED] - Delayed 3 second(s)

2023-07-28 18:38:15 - [TEST_STEP][PASSED] - navigateToUrl("https://opensource-demo.orangehrmlive.com/web/index.php/auth/login"): Navigate to 'https://opensource-demo.orangehrmlive.com/web/index.php/auth/login' successfully

2023-07-28 18:38:34 - [MESSAGE][PASSED] - Navigate to 'https://opensource-demo.orangehrmlive.com/web/index.php/auth/login' successfully

2023-07-28 18:38:34 - [TEST_STEP][PASSED] - setText(findTestObject("Object Repository/OragngeHrm LOGIN/Page_OrangeHRM/input_Username_username"), "Admin"): Text 'Admin' is set on object 'Object Repository/OragngeHrm LOGIN/Page_OrangeHRM/input_Username_username'

2023-07-28 18:38:37 - [MESSAGE][PASSED] - Text 'Admin' is set on object 'Object Repository/OragngeHrm LOGIN/Page_OrangeHRM/input_Username_username'

2023-07-28 18:38:37 - [TEST_STEP][PASSED] - setEncryptedText(findTestObject("Object Repository/OragngeHrm LOGIN/Page_OrangeHRM/input_Password_password"), "hUKwJTbofgPU9eVlw/CnDQ=="): Text ****** has been set on object 'Object Repository/OragngeHrm LOGIN/Page_OrangeHRM/input_Password_password'

2023-07-28 18:38:38 - [MESSAGE][PASSED] - Text ****** has been set on object 'Object Repository/OragngeHrm LOGIN/Page_OrangeHRM/input_Password_password'

2023-07-28 18:38:38 - [TEST_STEP][PASSED] - click(findTestObject("Object Repository/OragngeHrm LOGIN/Page_OrangeHRM/button_Login")): Object: 'Object Repository/OragngeHrm LOGIN/Page_OrangeHRM/button_Login' is clicked on

2023-07-28 18:38:40 - [MESSAGE][PASSED] - Object: 'Object Repository/OragngeHrm LOGIN/Page_OrangeHRM/button_Login' is clicked on

2023-07-28 18:38:40 - [MESSAGE][PASSED] - Call Test Case 'Test Cases/Orange HRM LogIN' successfully

2023-07-28 18:38:40 - [TEST_STEP][PASSED] - click(findTestObject("Object Repository/OrangeHRM Directory/Page_OrangeHRM/a_Directory")): Object: 'Object Repository/OrangeHRM Directory/Page_OrangeHRM/a_Directory' is clicked on

2023-07-28 18:38:43 - [MESSAGE][PASSED] - Object: 'Object Repository/OrangeHRM Directory/Page_OrangeHRM/a_Directory' is clicked on

2023-07-28 18:38:43 - [TEST_STEP][PASSED] - setText(findTestObject("Object Repository/OrangeHRM Directory/Page_OrangeHRM/input"), "satyasai"): Text 'satyasai' is set on object 'Object Repository/OrangeHRM Directory/Page_OrangeHRM/input'

2023-07-28 18:38:45 - [MESSAGE][PASSED] - Text 'satyasai' is set on object 'Object Repository/OrangeHRM Directory/Page_OrangeHRM/input'

2023-07-28 18:38:45 - [TEST_STEP][PASSED] - click(findTestObject("Object Repository/OrangeHRM Directory/Page_OrangeHRM/button_Search")): Object: 'Object Repository/OrangeHRM Directory/Page_OrangeHRM/button_Search' is clicked on

2023-07-28 18:38:46 - [MESSAGE][PASSED] - Object: 'Object Repository/OrangeHRM Directory/Page_OrangeHRM/button_Search' is clicked on

2023-07-28 18:38:46 - [TEST_STEP][PASSED] - click(findTestObject("Object Repository/OrangeHRM Directory/Page_OrangeHRM/p_Ganesh  B")): Object: 'Object Repository/OrangeHRM Directory/Page_OrangeHRM/p_Ganesh  B' is clicked on

2023-07-28 18:38:47 - [MESSAGE][PASSED] - Object: 'Object Repository/OrangeHRM Directory/Page_OrangeHRM/p_Ganesh  B' is clicked on

2023-07-28 18:38:47 - [TEST_STEP][PASSED] - click(findTestObject("Object Repository/OrangeHRM Directory/Page_OrangeHRM/button_Reset")): Object: 'Object Repository/OrangeHRM Directory/Page_OrangeHRM/button_Reset' is clicked on

2023-07-28 18:38:48 - [MESSAGE][PASSED] - Object: 'Object Repository/OrangeHRM Directory/Page_OrangeHRM/button_Reset' is clicked on

2023-07-28 18:38:48 - [TEST_STEP][PASSED] - closeBrowser(): Browser is closed

2023-07-28 18:38:49 - [MESSAGE][PASSED] - Browser is closed]]></system-out>
         <system-err><![CDATA[]]></system-err>
      </testcase>
      <system-out><![CDATA[2023-07-28 18:38:04 - [TEST_SUITE][PASSED] - OrangeHRM Directory TestSuite: Test Cases/OrangeHRM Directory]]></system-out>
      <system-err><![CDATA[]]></system-err>
   </testsuite>
</testsuites>
