<?xml version="1.0" encoding="UTF-8"?>
<testsuites name="TestSuite1112" time="76.09" tests="2" failures="0" errors="0">
   <testsuite name="TestSuite1112" tests="2" failures="0" errors="0" time="76.09" skipped="0" timestamp="2023-07-31 12:51:55" hostname="satyasai.samoju - INBL01LAP31245.brd.g-c-i.com" id="Test Suites/TestSuite1112">
      <properties>
         <property name="deviceName" value=""/>
         <property name="devicePlatform" value=""/>
         <property name="logFolder" value="C:\\Users\\satyasai.samoju\\git\\TestTunnel_Pratice_Repo\\TestTunnel_Pratice_Repo\\TestTunnel_Pratice_Repo\\TestTunnel_Pratice_Repo\\TestTunnel_Pratice_Repo\\Reports\\20230731_125142\\TestSuite1112\\20230731_125142"/>
         <property name="logFiles" value="C:\\Users\\satyasai.samoju\\git\\TestTunnel_Pratice_Repo\\TestTunnel_Pratice_Repo\\TestTunnel_Pratice_Repo\\TestTunnel_Pratice_Repo\\TestTunnel_Pratice_Repo\\Reports\\20230731_125142\\TestSuite1112\\20230731_125142\\execution0.log"/>
         <property name="attachments" value=""/>
         <property name="hostName" value="satyasai.samoju - INBL01LAP31245.brd.g-c-i.com"/>
         <property name="os" value="Windows 11 64bit"/>
         <property name="katalonVersion" value="8.6.5.208"/>
         <property name="browser" value="Chrome 115.0.0.0"/>
         <property name="hostAddress" value="192.168.1.7"/>
         <property name="sessionId" value="84aa4269995a282df182b1ad2d0247dc"/>
         <property name="seleniumVersion" value="3.141.59"/>
         <property name="proxyInformation" value="ProxyInformation { proxyOption=NO_PROXY, proxyServerType=HTTP, username=, password=********, proxyServerAddress=, proxyServerPort=0, executionList=&quot;&quot;, isApplyToDesiredCapabilities=true }"/>
         <property name="platform" value="Windows 11"/>
      </properties>
      <testcase name="Test Cases/Orange HRM Perfomance" time="34.136" classname="Test Cases/Orange HRM Perfomance" status="PASSED">
         <system-out><![CDATA[2023-07-31 12:51:56 - [TEST_CASE][PASSED] - Test Cases/Orange HRM Perfomance: Test Cases/Orange HRM Perfomance

2023-07-31 12:51:56 - [TEST_STEP][PASSED] - callTestCase(findTestCase("Orange HRM LogIN"), [:], STOP_ON_FAILURE): Call Test Case 'Test Cases/Orange HRM LogIN' successfully

2023-07-31 12:51:56 - [TEST_CASE][PASSED] - Test Cases/Orange HRM LogIN: Test Cases/Orange HRM LogIN

2023-07-31 12:51:57 - [TEST_STEP][PASSED] - openBrowser(""): Browser is opened with url: ''

2023-07-31 12:51:57 - [MESSAGE][INFO] - Starting 'Chrome' driver

2023-07-31 12:51:57 - [MESSAGE][INFO] - Action delay is set to 0 milliseconds

2023-07-31 12:52:03 - [MESSAGE][PASSED] - Browser is opened with url: ''

2023-07-31 12:52:03 - [TEST_STEP][PASSED] - maximizeWindow(): Current window maximized

2023-07-31 12:52:03 - [MESSAGE][PASSED] - Current window maximized

2023-07-31 12:52:03 - [TEST_STEP][PASSED] - delay(3): Delayed 3 second(s)

2023-07-31 12:52:06 - [MESSAGE][PASSED] - Delayed 3 second(s)

2023-07-31 12:52:06 - [TEST_STEP][PASSED] - navigateToUrl("https://opensource-demo.orangehrmlive.com/web/index.php/auth/login"): Navigate to 'https://opensource-demo.orangehrmlive.com/web/index.php/auth/login' successfully

2023-07-31 12:52:14 - [MESSAGE][PASSED] - Navigate to 'https://opensource-demo.orangehrmlive.com/web/index.php/auth/login' successfully

2023-07-31 12:52:14 - [TEST_STEP][PASSED] - setText(findTestObject("Object Repository/OragngeHrm LOGIN/Page_OrangeHRM/input_Username_username"), "Admin"): Text 'Admin' is set on object 'Object Repository/OragngeHrm LOGIN/Page_OrangeHRM/input_Username_username'

2023-07-31 12:52:17 - [MESSAGE][PASSED] - Text 'Admin' is set on object 'Object Repository/OragngeHrm LOGIN/Page_OrangeHRM/input_Username_username'

2023-07-31 12:52:17 - [TEST_STEP][PASSED] - setEncryptedText(findTestObject("Object Repository/OragngeHrm LOGIN/Page_OrangeHRM/input_Password_password"), "hUKwJTbofgPU9eVlw/CnDQ=="): Text ****** has been set on object 'Object Repository/OragngeHrm LOGIN/Page_OrangeHRM/input_Password_password'

2023-07-31 12:52:17 - [MESSAGE][PASSED] - Text ****** has been set on object 'Object Repository/OragngeHrm LOGIN/Page_OrangeHRM/input_Password_password'

2023-07-31 12:52:17 - [TEST_STEP][PASSED] - click(findTestObject("Object Repository/OragngeHrm LOGIN/Page_OrangeHRM/button_Login")): Object: 'Object Repository/OragngeHrm LOGIN/Page_OrangeHRM/button_Login' is clicked on

2023-07-31 12:52:20 - [MESSAGE][PASSED] - Object: 'Object Repository/OragngeHrm LOGIN/Page_OrangeHRM/button_Login' is clicked on

2023-07-31 12:52:20 - [MESSAGE][PASSED] - Call Test Case 'Test Cases/Orange HRM LogIN' successfully

2023-07-31 12:52:20 - [TEST_STEP][PASSED] - click(findTestObject("Object Repository/OrangeHRM Perfomance/Page_OrangeHRM/span_Performance")): Object: 'Object Repository/OrangeHRM Perfomance/Page_OrangeHRM/span_Performance' is clicked on

2023-07-31 12:52:24 - [MESSAGE][PASSED] - Object: 'Object Repository/OrangeHRM Perfomance/Page_OrangeHRM/span_Performance' is clicked on

2023-07-31 12:52:24 - [TEST_STEP][PASSED] - setText(findTestObject("Object Repository/OrangeHRM Perfomance/Page_OrangeHRM/input"), "satyasai"): Text 'satyasai' is set on object 'Object Repository/OrangeHRM Perfomance/Page_OrangeHRM/input'

2023-07-31 12:52:27 - [MESSAGE][PASSED] - Text 'satyasai' is set on object 'Object Repository/OrangeHRM Perfomance/Page_OrangeHRM/input'

2023-07-31 12:52:27 - [TEST_STEP][PASSED] - click(findTestObject("Object Repository/OrangeHRM Perfomance/Page_OrangeHRM/button_Search")): Object: 'Object Repository/OrangeHRM Perfomance/Page_OrangeHRM/button_Search' is clicked on

2023-07-31 12:52:27 - [MESSAGE][PASSED] - Object: 'Object Repository/OrangeHRM Perfomance/Page_OrangeHRM/button_Search' is clicked on

2023-07-31 12:52:27 - [TEST_STEP][PASSED] - click(findTestObject("Object Repository/OrangeHRM Perfomance/Page_OrangeHRM/button_Reset")): Object: 'Object Repository/OrangeHRM Perfomance/Page_OrangeHRM/button_Reset' is clicked on

2023-07-31 12:52:28 - [MESSAGE][PASSED] - Object: 'Object Repository/OrangeHRM Perfomance/Page_OrangeHRM/button_Reset' is clicked on

2023-07-31 12:52:28 - [TEST_STEP][PASSED] - closeBrowser(): Browser is closed

2023-07-31 12:52:30 - [MESSAGE][PASSED] - Browser is closed]]></system-out>
         <system-err><![CDATA[]]></system-err>
      </testcase>
      <testcase name="Test Cases/Orange HRM PIM report" time="41.415" classname="Test Cases/Orange HRM PIM report" status="PASSED">
         <system-out><![CDATA[2023-07-31 12:52:30 - [TEST_CASE][PASSED] - Test Cases/Orange HRM PIM report: Test Cases/Orange HRM PIM report

2023-07-31 12:52:31 - [TEST_STEP][PASSED] - callTestCase(findTestCase("Orange HRM LogIN"), [:], STOP_ON_FAILURE): Call Test Case 'Test Cases/Orange HRM LogIN' successfully

2023-07-31 12:52:31 - [TEST_CASE][PASSED] - Test Cases/Orange HRM LogIN: Test Cases/Orange HRM LogIN

2023-07-31 12:52:31 - [TEST_STEP][PASSED] - openBrowser(""): Browser is opened with url: ''

2023-07-31 12:52:31 - [MESSAGE][INFO] - Starting 'Chrome' driver

2023-07-31 12:52:31 - [MESSAGE][INFO] - Action delay is set to 0 milliseconds

2023-07-31 12:52:35 - [MESSAGE][PASSED] - Browser is opened with url: ''

2023-07-31 12:52:35 - [TEST_STEP][PASSED] - maximizeWindow(): Current window maximized

2023-07-31 12:52:35 - [MESSAGE][PASSED] - Current window maximized

2023-07-31 12:52:35 - [TEST_STEP][PASSED] - delay(3): Delayed 3 second(s)

2023-07-31 12:52:38 - [MESSAGE][PASSED] - Delayed 3 second(s)

2023-07-31 12:52:38 - [TEST_STEP][PASSED] - navigateToUrl("https://opensource-demo.orangehrmlive.com/web/index.php/auth/login"): Navigate to 'https://opensource-demo.orangehrmlive.com/web/index.php/auth/login' successfully

2023-07-31 12:52:44 - [MESSAGE][PASSED] - Navigate to 'https://opensource-demo.orangehrmlive.com/web/index.php/auth/login' successfully

2023-07-31 12:52:44 - [TEST_STEP][PASSED] - setText(findTestObject("Object Repository/OragngeHrm LOGIN/Page_OrangeHRM/input_Username_username"), "Admin"): Text 'Admin' is set on object 'Object Repository/OragngeHrm LOGIN/Page_OrangeHRM/input_Username_username'

2023-07-31 12:52:46 - [MESSAGE][PASSED] - Text 'Admin' is set on object 'Object Repository/OragngeHrm LOGIN/Page_OrangeHRM/input_Username_username'

2023-07-31 12:52:46 - [TEST_STEP][PASSED] - setEncryptedText(findTestObject("Object Repository/OragngeHrm LOGIN/Page_OrangeHRM/input_Password_password"), "hUKwJTbofgPU9eVlw/CnDQ=="): Text ****** has been set on object 'Object Repository/OragngeHrm LOGIN/Page_OrangeHRM/input_Password_password'

2023-07-31 12:52:47 - [MESSAGE][PASSED] - Text ****** has been set on object 'Object Repository/OragngeHrm LOGIN/Page_OrangeHRM/input_Password_password'

2023-07-31 12:52:47 - [TEST_STEP][PASSED] - click(findTestObject("Object Repository/OragngeHrm LOGIN/Page_OrangeHRM/button_Login")): Object: 'Object Repository/OragngeHrm LOGIN/Page_OrangeHRM/button_Login' is clicked on

2023-07-31 12:52:49 - [MESSAGE][PASSED] - Object: 'Object Repository/OragngeHrm LOGIN/Page_OrangeHRM/button_Login' is clicked on

2023-07-31 12:52:49 - [MESSAGE][PASSED] - Call Test Case 'Test Cases/Orange HRM LogIN' successfully

2023-07-31 12:52:49 - [TEST_STEP][PASSED] - click(findTestObject("Object Repository/Orange HRM PIM Report/Page_OrangeHRM/a_PIM")): Object: 'Object Repository/Orange HRM PIM Report/Page_OrangeHRM/a_PIM' is clicked on

2023-07-31 12:52:54 - [MESSAGE][PASSED] - Object: 'Object Repository/Orange HRM PIM Report/Page_OrangeHRM/a_PIM' is clicked on

2023-07-31 12:52:54 - [TEST_STEP][PASSED] - click(findTestObject("Object Repository/Orange HRM PIM Report/Page_OrangeHRM/li_Reports")): Object: 'Object Repository/Orange HRM PIM Report/Page_OrangeHRM/li_Reports' is clicked on

2023-07-31 12:52:57 - [MESSAGE][PASSED] - Object: 'Object Repository/Orange HRM PIM Report/Page_OrangeHRM/li_Reports' is clicked on

2023-07-31 12:52:57 - [TEST_STEP][PASSED] - setText(findTestObject("Object Repository/Orange HRM PIM Report/Page_OrangeHRM/input"), "satyasai"): Text 'satyasai' is set on object 'Object Repository/Orange HRM PIM Report/Page_OrangeHRM/input'

2023-07-31 12:53:00 - [MESSAGE][PASSED] - Text 'satyasai' is set on object 'Object Repository/Orange HRM PIM Report/Page_OrangeHRM/input'

2023-07-31 12:53:00 - [TEST_STEP][PASSED] - click(findTestObject("Object Repository/Orange HRM PIM Report/Page_OrangeHRM/button_Search")): Object: 'Object Repository/Orange HRM PIM Report/Page_OrangeHRM/button_Search' is clicked on

2023-07-31 12:53:00 - [MESSAGE][PASSED] - Object: 'Object Repository/Orange HRM PIM Report/Page_OrangeHRM/button_Search' is clicked on

2023-07-31 12:53:00 - [TEST_STEP][PASSED] - click(findTestObject("Object Repository/Orange HRM PIM Report/Page_OrangeHRM/i_Actions_oxd-icon bi-check oxd-checkbox-in_fe61ad")): Object: 'Object Repository/Orange HRM PIM Report/Page_OrangeHRM/i_Actions_oxd-icon bi-check oxd-checkbox-in_fe61ad' is clicked on

2023-07-31 12:53:02 - [MESSAGE][PASSED] - Object: 'Object Repository/Orange HRM PIM Report/Page_OrangeHRM/i_Actions_oxd-icon bi-check oxd-checkbox-in_fe61ad' is clicked on

2023-07-31 12:53:02 - [TEST_STEP][PASSED] - click(findTestObject("Object Repository/Orange HRM PIM Report/Page_OrangeHRM/i_All Employee Sub Unit Hierarchy Report_ox_1ff162")): Object: 'Object Repository/Orange HRM PIM Report/Page_OrangeHRM/i_All Employee Sub Unit Hierarchy Report_ox_1ff162' is clicked on

2023-07-31 12:53:04 - [MESSAGE][PASSED] - Object: 'Object Repository/Orange HRM PIM Report/Page_OrangeHRM/i_All Employee Sub Unit Hierarchy Report_ox_1ff162' is clicked on

2023-07-31 12:53:04 - [TEST_STEP][PASSED] - click(findTestObject("Object Repository/Orange HRM PIM Report/Page_OrangeHRM/i_Location_oxd-icon bi-x --clear")): Object: 'Object Repository/Orange HRM PIM Report/Page_OrangeHRM/i_Location_oxd-icon bi-x --clear' is clicked on

2023-07-31 12:53:09 - [MESSAGE][PASSED] - Object: 'Object Repository/Orange HRM PIM Report/Page_OrangeHRM/i_Location_oxd-icon bi-x --clear' is clicked on

2023-07-31 12:53:09 - [TEST_STEP][PASSED] - click(findTestObject("Object Repository/Orange HRM PIM Report/Page_OrangeHRM/button_Save")): Object: 'Object Repository/Orange HRM PIM Report/Page_OrangeHRM/button_Save' is clicked on

2023-07-31 12:53:10 - [MESSAGE][PASSED] - Object: 'Object Repository/Orange HRM PIM Report/Page_OrangeHRM/button_Save' is clicked on

2023-07-31 12:53:10 - [TEST_STEP][PASSED] - closeBrowser(): Browser is closed

2023-07-31 12:53:11 - [MESSAGE][PASSED] - Browser is closed]]></system-out>
         <system-err><![CDATA[]]></system-err>
      </testcase>
      <system-out><![CDATA[2023-07-31 12:51:55 - [TEST_SUITE][PASSED] - TestSuite1112: Test Cases/Orange HRM PIM report]]></system-out>
      <system-err><![CDATA[]]></system-err>
   </testsuite>
</testsuites>
