<?xml version="1.0" encoding="UTF-8"?>
<testsuites name="TestSuite78" time="45.003" tests="2" failures="0" errors="0">
   <testsuite name="TestSuite78" tests="2" failures="0" errors="0" time="45.003" skipped="0" timestamp="2023-07-31 12:44:25" hostname="satyasai.samoju - INBL01LAP31245.brd.g-c-i.com" id="Test Suites/TestSuite78">
      <properties>
         <property name="deviceName" value=""/>
         <property name="devicePlatform" value=""/>
         <property name="logFolder" value="C:\\Users\\satyasai.samoju\\git\\TestTunnel_Pratice_Repo\\TestTunnel_Pratice_Repo\\TestTunnel_Pratice_Repo\\TestTunnel_Pratice_Repo\\TestTunnel_Pratice_Repo\\Reports\\20230731_124409\\TestSuite78\\20230731_124409"/>
         <property name="logFiles" value="C:\\Users\\satyasai.samoju\\git\\TestTunnel_Pratice_Repo\\TestTunnel_Pratice_Repo\\TestTunnel_Pratice_Repo\\TestTunnel_Pratice_Repo\\TestTunnel_Pratice_Repo\\Reports\\20230731_124409\\TestSuite78\\20230731_124409\\execution0.log"/>
         <property name="attachments" value=""/>
         <property name="hostName" value="satyasai.samoju - INBL01LAP31245.brd.g-c-i.com"/>
         <property name="os" value="Windows 11 64bit"/>
         <property name="katalonVersion" value="8.6.5.208"/>
         <property name="browser" value="Chrome 115.0.0.0"/>
         <property name="hostAddress" value="192.168.1.7"/>
         <property name="sessionId" value="2dbc2978477eaa9c307413ea11a13ccc"/>
         <property name="seleniumVersion" value="3.141.59"/>
         <property name="proxyInformation" value="ProxyInformation { proxyOption=NO_PROXY, proxyServerType=HTTP, username=, password=********, proxyServerAddress=, proxyServerPort=0, executionList=&quot;&quot;, isApplyToDesiredCapabilities=true }"/>
         <property name="platform" value="Windows 11"/>
      </properties>
      <testcase name="Test Cases/Medical_Radio_Button" time="22.819" classname="Test Cases/Medical_Radio_Button" status="PASSED">
         <system-out><![CDATA[2023-07-31 12:44:25 - [TEST_CASE][PASSED] - Test Cases/Medical_Radio_Button: Test Cases/Medical_Radio_Button

2023-07-31 12:44:26 - [TEST_STEP][PASSED] - callTestCase(findTestCase("Appointment_Login"), [:], STOP_ON_FAILURE): Call Test Case 'Test Cases/Appointment_Login' successfully

2023-07-31 12:44:26 - [TEST_CASE][PASSED] - Test Cases/Appointment_Login: Test Cases/Appointment_Login

2023-07-31 12:44:26 - [TEST_STEP][PASSED] - openBrowser(""): Browser is opened with url: ''

2023-07-31 12:44:27 - [MESSAGE][INFO] - Starting 'Chrome' driver

2023-07-31 12:44:27 - [MESSAGE][INFO] - Action delay is set to 0 milliseconds

2023-07-31 12:44:32 - [MESSAGE][PASSED] - Browser is opened with url: ''

2023-07-31 12:44:32 - [TEST_STEP][PASSED] - maximizeWindow(): Current window maximized

2023-07-31 12:44:33 - [MESSAGE][PASSED] - Current window maximized

2023-07-31 12:44:33 - [TEST_STEP][PASSED] - navigateToUrl("https://katalon-demo-cura.herokuapp.com/"): Navigate to 'https://katalon-demo-cura.herokuapp.com/' successfully

2023-07-31 12:44:37 - [MESSAGE][PASSED] - Navigate to 'https://katalon-demo-cura.herokuapp.com/' successfully

2023-07-31 12:44:37 - [TEST_STEP][PASSED] - click(findTestObject("Object Repository/MakeAppointment_TestSuite/Page_CURA Healthcare Service/a_Make Appointment")): Object: 'Object Repository/MakeAppointment_TestSuite/Page_CURA Healthcare Service/a_Make Appointment' is clicked on

2023-07-31 12:44:39 - [MESSAGE][PASSED] - Object: 'Object Repository/MakeAppointment_TestSuite/Page_CURA Healthcare Service/a_Make Appointment' is clicked on

2023-07-31 12:44:39 - [TEST_STEP][PASSED] - setText(findTestObject("Object Repository/MakeAppointment_TestSuite/Page_CURA Healthcare Service/input_Username_username"), "John Doe"): Text 'John Doe' is set on object 'Object Repository/MakeAppointment_TestSuite/Page_CURA Healthcare Service/input_Username_username'

2023-07-31 12:44:40 - [MESSAGE][PASSED] - Text 'John Doe' is set on object 'Object Repository/MakeAppointment_TestSuite/Page_CURA Healthcare Service/input_Username_username'

2023-07-31 12:44:40 - [TEST_STEP][PASSED] - setEncryptedText(findTestObject("Object Repository/MakeAppointment_TestSuite/Page_CURA Healthcare Service/input_Password_password"), "g3/DOGG74jC3Flrr3yH+3D/yKbOqqUNM"): Text ****** has been set on object 'Object Repository/MakeAppointment_TestSuite/Page_CURA Healthcare Service/input_Password_password'

2023-07-31 12:44:41 - [MESSAGE][PASSED] - Text ****** has been set on object 'Object Repository/MakeAppointment_TestSuite/Page_CURA Healthcare Service/input_Password_password'

2023-07-31 12:44:41 - [TEST_STEP][PASSED] - click(findTestObject("Object Repository/MakeAppointment_TestSuite/Page_CURA Healthcare Service/button_Login")): Object: 'Object Repository/MakeAppointment_TestSuite/Page_CURA Healthcare Service/button_Login' is clicked on

2023-07-31 12:44:43 - [MESSAGE][PASSED] - Object: 'Object Repository/MakeAppointment_TestSuite/Page_CURA Healthcare Service/button_Login' is clicked on

2023-07-31 12:44:43 - [MESSAGE][PASSED] - Call Test Case 'Test Cases/Appointment_Login' successfully

2023-07-31 12:44:43 - [TEST_STEP][PASSED] - click(findTestObject("Object Repository/Medical_Radio_Button/Page_CURA Healthcare Service/input_Medicaid_programs")): Object: 'Object Repository/Medical_Radio_Button/Page_CURA Healthcare Service/input_Medicaid_programs' is clicked on

2023-07-31 12:44:44 - [MESSAGE][PASSED] - Object: 'Object Repository/Medical_Radio_Button/Page_CURA Healthcare Service/input_Medicaid_programs' is clicked on

2023-07-31 12:44:44 - [TEST_STEP][PASSED] - delay(3): Delayed 3 second(s)

2023-07-31 12:44:47 - [MESSAGE][PASSED] - Delayed 3 second(s)

2023-07-31 12:44:47 - [TEST_STEP][PASSED] - closeBrowser(): Browser is closed

2023-07-31 12:44:48 - [MESSAGE][PASSED] - Browser is closed]]></system-out>
         <system-err><![CDATA[]]></system-err>
      </testcase>
      <testcase name="Test Cases/Medi_Select_date" time="21.607" classname="Test Cases/Medi_Select_date" status="PASSED">
         <system-out><![CDATA[2023-07-31 12:44:48 - [TEST_CASE][PASSED] - Test Cases/Medi_Select_date: Test Cases/Medi_Select_date

2023-07-31 12:44:49 - [TEST_STEP][PASSED] - callTestCase(findTestCase("Appointment_Login"), [:], STOP_ON_FAILURE): Call Test Case 'Test Cases/Appointment_Login' successfully

2023-07-31 12:44:49 - [TEST_CASE][PASSED] - Test Cases/Appointment_Login: Test Cases/Appointment_Login

2023-07-31 12:44:49 - [TEST_STEP][PASSED] - openBrowser(""): Browser is opened with url: ''

2023-07-31 12:44:49 - [MESSAGE][INFO] - Starting 'Chrome' driver

2023-07-31 12:44:49 - [MESSAGE][INFO] - Action delay is set to 0 milliseconds

2023-07-31 12:44:53 - [MESSAGE][PASSED] - Browser is opened with url: ''

2023-07-31 12:44:53 - [TEST_STEP][PASSED] - maximizeWindow(): Current window maximized

2023-07-31 12:44:53 - [MESSAGE][PASSED] - Current window maximized

2023-07-31 12:44:53 - [TEST_STEP][PASSED] - navigateToUrl("https://katalon-demo-cura.herokuapp.com/"): Navigate to 'https://katalon-demo-cura.herokuapp.com/' successfully

2023-07-31 12:44:58 - [MESSAGE][PASSED] - Navigate to 'https://katalon-demo-cura.herokuapp.com/' successfully

2023-07-31 12:44:58 - [TEST_STEP][PASSED] - click(findTestObject("Object Repository/MakeAppointment_TestSuite/Page_CURA Healthcare Service/a_Make Appointment")): Object: 'Object Repository/MakeAppointment_TestSuite/Page_CURA Healthcare Service/a_Make Appointment' is clicked on

2023-07-31 12:44:59 - [MESSAGE][PASSED] - Object: 'Object Repository/MakeAppointment_TestSuite/Page_CURA Healthcare Service/a_Make Appointment' is clicked on

2023-07-31 12:44:59 - [TEST_STEP][PASSED] - setText(findTestObject("Object Repository/MakeAppointment_TestSuite/Page_CURA Healthcare Service/input_Username_username"), "John Doe"): Text 'John Doe' is set on object 'Object Repository/MakeAppointment_TestSuite/Page_CURA Healthcare Service/input_Username_username'

2023-07-31 12:45:01 - [MESSAGE][PASSED] - Text 'John Doe' is set on object 'Object Repository/MakeAppointment_TestSuite/Page_CURA Healthcare Service/input_Username_username'

2023-07-31 12:45:01 - [TEST_STEP][PASSED] - setEncryptedText(findTestObject("Object Repository/MakeAppointment_TestSuite/Page_CURA Healthcare Service/input_Password_password"), "g3/DOGG74jC3Flrr3yH+3D/yKbOqqUNM"): Text ****** has been set on object 'Object Repository/MakeAppointment_TestSuite/Page_CURA Healthcare Service/input_Password_password'

2023-07-31 12:45:02 - [MESSAGE][PASSED] - Text ****** has been set on object 'Object Repository/MakeAppointment_TestSuite/Page_CURA Healthcare Service/input_Password_password'

2023-07-31 12:45:02 - [TEST_STEP][PASSED] - click(findTestObject("Object Repository/MakeAppointment_TestSuite/Page_CURA Healthcare Service/button_Login")): Object: 'Object Repository/MakeAppointment_TestSuite/Page_CURA Healthcare Service/button_Login' is clicked on

2023-07-31 12:45:03 - [MESSAGE][PASSED] - Object: 'Object Repository/MakeAppointment_TestSuite/Page_CURA Healthcare Service/button_Login' is clicked on

2023-07-31 12:45:03 - [MESSAGE][PASSED] - Call Test Case 'Test Cases/Appointment_Login' successfully

2023-07-31 12:45:03 - [TEST_STEP][PASSED] - click(findTestObject("Object Repository/Medi_Select_Date/Page_CURA Healthcare Service/input_Visit Date (Required)_visit_date")): Object: 'Object Repository/Medi_Select_Date/Page_CURA Healthcare Service/input_Visit Date (Required)_visit_date' is clicked on

2023-07-31 12:45:04 - [MESSAGE][PASSED] - Object: 'Object Repository/Medi_Select_Date/Page_CURA Healthcare Service/input_Visit Date (Required)_visit_date' is clicked on

2023-07-31 12:45:04 - [TEST_STEP][PASSED] - click(findTestObject("Object Repository/Medi_Select_Date/Page_CURA Healthcare Service/td_14")): Object: 'Object Repository/Medi_Select_Date/Page_CURA Healthcare Service/td_14' is clicked on

2023-07-31 12:45:05 - [MESSAGE][PASSED] - Object: 'Object Repository/Medi_Select_Date/Page_CURA Healthcare Service/td_14' is clicked on

2023-07-31 12:45:05 - [TEST_STEP][PASSED] - click(findTestObject("Object Repository/Medi_Select_Date/Page_CURA Healthcare Service/div_Comment")): Object: 'Object Repository/Medi_Select_Date/Page_CURA Healthcare Service/div_Comment' is clicked on

2023-07-31 12:45:05 - [MESSAGE][PASSED] - Object: 'Object Repository/Medi_Select_Date/Page_CURA Healthcare Service/div_Comment' is clicked on

2023-07-31 12:45:05 - [TEST_STEP][PASSED] - delay(3): Delayed 3 second(s)

2023-07-31 12:45:08 - [MESSAGE][PASSED] - Delayed 3 second(s)

2023-07-31 12:45:08 - [TEST_STEP][PASSED] - closeBrowser(): Browser is closed

2023-07-31 12:45:10 - [MESSAGE][PASSED] - Browser is closed]]></system-out>
         <system-err><![CDATA[]]></system-err>
      </testcase>
      <system-out><![CDATA[2023-07-31 12:44:25 - [TEST_SUITE][PASSED] - TestSuite78: Test Cases/Medi_Select_date]]></system-out>
      <system-err><![CDATA[]]></system-err>
   </testsuite>
</testsuites>
