<?xml version="1.0" encoding="UTF-8"?>
<testsuites name="OrangeHRM Suite" time="44.734" tests="2" failures="0" errors="0">
   <testsuite name="OrangeHRM Suite" tests="2" failures="0" errors="0" time="44.734" skipped="0" timestamp="2023-07-27 00:08:11" hostname="Administrator - DESKTOP-B8148C9" id="Test Suites/OrangeHRM Suite">
      <properties>
         <property name="deviceName" value=""/>
         <property name="devicePlatform" value=""/>
         <property name="logFolder" value="C:\\selenium\\tmp\\2023.07.27-0.7--4988-x14lzwF10jP7-1647641\\TestTunnel_Pratice_Repo.git\\Reports\\20230727_000804\\OrangeHRM Suite\\20230727_000805"/>
         <property name="logFiles" value="C:\\selenium\\tmp\\2023.07.27-0.7--4988-x14lzwF10jP7-1647641\\TestTunnel_Pratice_Repo.git\\Reports\\20230727_000804\\OrangeHRM Suite\\20230727_000805\\execution0.log"/>
         <property name="attachments" value=""/>
         <property name="hostName" value="Administrator - DESKTOP-B8148C9"/>
         <property name="os" value="Windows 10 64bit"/>
         <property name="katalonVersion" value="8.6.5.208"/>
         <property name="browser" value="Chrome 114.0.0.0"/>
         <property name="hostAddress" value="10.0.2.15"/>
         <property name="sessionId" value="41578478aaa5663db363d7cd290d01e2"/>
         <property name="seleniumVersion" value="3.141.59"/>
         <property name="proxyInformation" value="ProxyInformation { proxyOption=NO_PROXY, proxyServerType=HTTP, username=, password=********, proxyServerAddress=, proxyServerPort=0, executionList=&quot;&quot;, isApplyToDesiredCapabilities=true }"/>
         <property name="platform" value="Windows 10"/>
      </properties>
      <testcase name="Test Cases/OrangeHRM" time="23.67" classname="Test Cases/OrangeHRM" status="PASSED">
         <system-out><![CDATA[2023-07-27 00:08:11 - [TEST_CASE][PASSED] - Test Cases/OrangeHRM: Test Cases/OrangeHRM

2023-07-27 00:08:11 - [TEST_STEP][PASSED] - openBrowser(""): Browser is opened with url: ''

2023-07-27 00:08:12 - [MESSAGE][INFO] - Starting 'Chrome' driver

2023-07-27 00:08:12 - [MESSAGE][INFO] - Action delay is set to 0 milliseconds

2023-07-27 00:08:17 - [MESSAGE][PASSED] - Browser is opened with url: ''

2023-07-27 00:08:17 - [TEST_STEP][PASSED] - navigateToUrl("https://opensource-demo.orangehrmlive.com/web/index.php/auth/login"): Navigate to 'https://opensource-demo.orangehrmlive.com/web/index.php/auth/login' successfully

2023-07-27 00:08:19 - [MESSAGE][PASSED] - Navigate to 'https://opensource-demo.orangehrmlive.com/web/index.php/auth/login' successfully

2023-07-27 00:08:19 - [TEST_STEP][PASSED] - maximizeWindow(): Current window maximized

2023-07-27 00:08:20 - [MESSAGE][PASSED] - Current window maximized

2023-07-27 00:08:20 - [TEST_STEP][PASSED] - setText(findTestObject("Object Repository/Orange_HRM_VerifyText/Page_OrangeHRM/input_Username_username"), "Admin"): Text 'Admin' is set on object 'Object Repository/Orange_HRM_VerifyText/Page_OrangeHRM/input_Username_username'

2023-07-27 00:08:21 - [MESSAGE][PASSED] - Text 'Admin' is set on object 'Object Repository/Orange_HRM_VerifyText/Page_OrangeHRM/input_Username_username'

2023-07-27 00:08:21 - [TEST_STEP][PASSED] - setEncryptedText(findTestObject("Object Repository/Orange_HRM_VerifyText/Page_OrangeHRM/input_Password_password"), "hUKwJTbofgPU9eVlw/CnDQ=="): Text ****** has been set on object 'Object Repository/Orange_HRM_VerifyText/Page_OrangeHRM/input_Password_password'

2023-07-27 00:08:22 - [MESSAGE][PASSED] - Text ****** has been set on object 'Object Repository/Orange_HRM_VerifyText/Page_OrangeHRM/input_Password_password'

2023-07-27 00:08:22 - [TEST_STEP][PASSED] - click(findTestObject("Object Repository/Orange_HRM_VerifyText/Page_OrangeHRM/button_Login")): Object: 'Object Repository/Orange_HRM_VerifyText/Page_OrangeHRM/button_Login' is clicked on

2023-07-27 00:08:23 - [MESSAGE][PASSED] - Object: 'Object Repository/Orange_HRM_VerifyText/Page_OrangeHRM/button_Login' is clicked on

2023-07-27 00:08:23 - [TEST_STEP][PASSED] - click(findTestObject("Object Repository/Orange_HRM_VerifyText/Page_OrangeHRM/a_Admin")): Object: 'Object Repository/Orange_HRM_VerifyText/Page_OrangeHRM/a_Admin' is clicked on

2023-07-27 00:08:27 - [MESSAGE][PASSED] - Object: 'Object Repository/Orange_HRM_VerifyText/Page_OrangeHRM/a_Admin' is clicked on

2023-07-27 00:08:27 - [TEST_STEP][PASSED] - setText(findTestObject("Object Repository/Orange_HRM_VerifyText/Page_OrangeHRM/input_Username_oxd-input oxd-input--focus"), "satyasaee"): Text 'satyasaee' is set on object 'Object Repository/Orange_HRM_VerifyText/Page_OrangeHRM/input_Username_oxd-input oxd-input--focus'

2023-07-27 00:08:29 - [MESSAGE][PASSED] - Text 'satyasaee' is set on object 'Object Repository/Orange_HRM_VerifyText/Page_OrangeHRM/input_Username_oxd-input oxd-input--focus'

2023-07-27 00:08:29 - [TEST_STEP][PASSED] - click(findTestObject("Object Repository/Orange_HRM_VerifyText/Page_OrangeHRM/button_Search")): Object: 'Object Repository/Orange_HRM_VerifyText/Page_OrangeHRM/button_Search' is clicked on

2023-07-27 00:08:30 - [MESSAGE][PASSED] - Object: 'Object Repository/Orange_HRM_VerifyText/Page_OrangeHRM/button_Search' is clicked on

2023-07-27 00:08:30 - [TEST_STEP][PASSED] - text = verifyElementText(findTestObject("Object Repository/Orange_HRM_VerifyText/Page_OrangeHRM/span_No Records Found"), "No Records Found"): Actual text and expected text of test object 'Object Repository/Orange_HRM_VerifyText/Page_OrangeHRM/span_No Records Found' are matched.

2023-07-27 00:08:31 - [MESSAGE][PASSED] - Actual text and expected text of test object 'Object Repository/Orange_HRM_VerifyText/Page_OrangeHRM/span_No Records Found' are matched.

2023-07-27 00:08:31 - [TEST_STEP][PASSED] - delay(3): Delayed 3 second(s)

2023-07-27 00:08:34 - [MESSAGE][PASSED] - Delayed 3 second(s)

2023-07-27 00:08:34 - [TEST_STEP][PASSED] - closeBrowser(): Browser is closed

2023-07-27 00:08:35 - [MESSAGE][PASSED] - Browser is closed]]></system-out>
         <system-err><![CDATA[]]></system-err>
      </testcase>
      <testcase name="Test Cases/OrangeHrm Add Emp" time="20.616" classname="Test Cases/OrangeHrm Add Emp" status="PASSED">
         <system-out><![CDATA[2023-07-27 00:08:35 - [TEST_CASE][PASSED] - Test Cases/OrangeHrm Add Emp: Test Cases/OrangeHrm Add Emp

2023-07-27 00:08:35 - [TEST_STEP][PASSED] - openBrowser(""): Browser is opened with url: ''

2023-07-27 00:08:35 - [MESSAGE][INFO] - Starting 'Chrome' driver

2023-07-27 00:08:35 - [MESSAGE][INFO] - Action delay is set to 0 milliseconds

2023-07-27 00:08:37 - [MESSAGE][PASSED] - Browser is opened with url: ''

2023-07-27 00:08:37 - [TEST_STEP][PASSED] - navigateToUrl("https://opensource-demo.orangehrmlive.com/web/index.php/auth/login"): Navigate to 'https://opensource-demo.orangehrmlive.com/web/index.php/auth/login' successfully

2023-07-27 00:08:39 - [MESSAGE][PASSED] - Navigate to 'https://opensource-demo.orangehrmlive.com/web/index.php/auth/login' successfully

2023-07-27 00:08:39 - [TEST_STEP][PASSED] - maximizeWindow(): Current window maximized

2023-07-27 00:08:39 - [MESSAGE][PASSED] - Current window maximized

2023-07-27 00:08:39 - [TEST_STEP][PASSED] - delay(2): Delayed 2 second(s)

2023-07-27 00:08:41 - [MESSAGE][PASSED] - Delayed 2 second(s)

2023-07-27 00:08:41 - [TEST_STEP][PASSED] - setText(findTestObject("Object Repository/OrangeHRM Add Emp/Page_OrangeHRM/input_Username_username"), "Admin"): Text 'Admin' is set on object 'Object Repository/OrangeHRM Add Emp/Page_OrangeHRM/input_Username_username'

2023-07-27 00:08:42 - [MESSAGE][PASSED] - Text 'Admin' is set on object 'Object Repository/OrangeHRM Add Emp/Page_OrangeHRM/input_Username_username'

2023-07-27 00:08:42 - [TEST_STEP][PASSED] - setEncryptedText(findTestObject("Object Repository/OrangeHRM Add Emp/Page_OrangeHRM/input_Password_password"), "hUKwJTbofgPU9eVlw/CnDQ=="): Text ****** has been set on object 'Object Repository/OrangeHRM Add Emp/Page_OrangeHRM/input_Password_password'

2023-07-27 00:08:43 - [MESSAGE][PASSED] - Text ****** has been set on object 'Object Repository/OrangeHRM Add Emp/Page_OrangeHRM/input_Password_password'

2023-07-27 00:08:43 - [TEST_STEP][PASSED] - click(findTestObject("Object Repository/OrangeHRM Add Emp/Page_OrangeHRM/button_Login")): Object: 'Object Repository/OrangeHRM Add Emp/Page_OrangeHRM/button_Login' is clicked on

2023-07-27 00:08:43 - [MESSAGE][PASSED] - Object: 'Object Repository/OrangeHRM Add Emp/Page_OrangeHRM/button_Login' is clicked on

2023-07-27 00:08:43 - [TEST_STEP][PASSED] - click(findTestObject("Object Repository/OrangeHRM Add Emp/Page_OrangeHRM/a_PIM")): Object: 'Object Repository/OrangeHRM Add Emp/Page_OrangeHRM/a_PIM' is clicked on

2023-07-27 00:08:48 - [MESSAGE][PASSED] - Object: 'Object Repository/OrangeHRM Add Emp/Page_OrangeHRM/a_PIM' is clicked on

2023-07-27 00:08:48 - [TEST_STEP][PASSED] - click(findTestObject("Object Repository/OrangeHRM Add Emp/Page_OrangeHRM/a_Add Employee")): Object: 'Object Repository/OrangeHRM Add Emp/Page_OrangeHRM/a_Add Employee' is clicked on

2023-07-27 00:08:50 - [MESSAGE][PASSED] - Object: 'Object Repository/OrangeHRM Add Emp/Page_OrangeHRM/a_Add Employee' is clicked on

2023-07-27 00:08:50 - [TEST_STEP][PASSED] - setText(findTestObject("Object Repository/OrangeHRM Add Emp/Page_OrangeHRM/input_Employee Full Name_firstName"), "Vijaysai"): Text 'Vijaysai' is set on object 'Object Repository/OrangeHRM Add Emp/Page_OrangeHRM/input_Employee Full Name_firstName'

2023-07-27 00:08:52 - [MESSAGE][PASSED] - Text 'Vijaysai' is set on object 'Object Repository/OrangeHRM Add Emp/Page_OrangeHRM/input_Employee Full Name_firstName'

2023-07-27 00:08:52 - [TEST_STEP][PASSED] - setText(findTestObject("Object Repository/OrangeHRM Add Emp/Page_OrangeHRM/input_Employee Full Name_lastName"), "dundi"): Text 'dundi' is set on object 'Object Repository/OrangeHRM Add Emp/Page_OrangeHRM/input_Employee Full Name_lastName'

2023-07-27 00:08:52 - [MESSAGE][PASSED] - Text 'dundi' is set on object 'Object Repository/OrangeHRM Add Emp/Page_OrangeHRM/input_Employee Full Name_lastName'

2023-07-27 00:08:52 - [TEST_STEP][PASSED] - setText(findTestObject("Object Repository/OrangeHRM Add Emp/Page_OrangeHRM/input_Employee Id_oxd-input oxd-input--active"), "0362"): Text '0362' is set on object 'Object Repository/OrangeHRM Add Emp/Page_OrangeHRM/input_Employee Id_oxd-input oxd-input--active'

2023-07-27 00:08:53 - [MESSAGE][PASSED] - Text '0362' is set on object 'Object Repository/OrangeHRM Add Emp/Page_OrangeHRM/input_Employee Id_oxd-input oxd-input--active'

2023-07-27 00:08:53 - [TEST_STEP][PASSED] - id = verifyElementPresent(findTestObject("OrangeHRM Add Emp/Page_OrangeHRM/input_Employee Id_oxd-input oxd-input--focus"), 0): Object 'Object Repository/OrangeHRM Add Emp/Page_OrangeHRM/input_Employee Id_oxd-input oxd-input--focus' is present

2023-07-27 00:08:53 - [MESSAGE][WARNING] - Timeout '0' is invalid. Using default page load timeout: '30'

2023-07-27 00:08:54 - [MESSAGE][PASSED] - Object 'Object Repository/OrangeHRM Add Emp/Page_OrangeHRM/input_Employee Id_oxd-input oxd-input--focus' is present

2023-07-27 00:08:54 - [TEST_STEP][PASSED] - println(id): null

2023-07-27 00:08:54 - [TEST_STEP][PASSED] - click(findTestObject("Object Repository/OrangeHRM Add Emp/Page_OrangeHRM/button_Save")): Object: 'Object Repository/OrangeHRM Add Emp/Page_OrangeHRM/button_Save' is clicked on

2023-07-27 00:08:54 - [MESSAGE][PASSED] - Object: 'Object Repository/OrangeHRM Add Emp/Page_OrangeHRM/button_Save' is clicked on

2023-07-27 00:08:54 - [TEST_STEP][PASSED] - closeBrowser(): Browser is closed

2023-07-27 00:08:55 - [MESSAGE][PASSED] - Browser is closed]]></system-out>
         <system-err><![CDATA[]]></system-err>
      </testcase>
      <system-out><![CDATA[2023-07-27 00:08:11 - [TEST_SUITE][PASSED] - OrangeHRM Suite: Test Cases/OrangeHrm Add Emp]]></system-out>
      <system-err><![CDATA[]]></system-err>
   </testsuite>
</testsuites>
