<?xml version="1.0" encoding="UTF-8"?>
<testsuites name="Medi_Login_TestSuite" time="31.544" tests="1" failures="0" errors="0">
   <testsuite name="Medi_Login_TestSuite" tests="1" failures="0" errors="0" time="31.544" skipped="0" timestamp="2023-07-28 20:10:43" hostname="satyasai.samoju - INBL01LAP31245.brd.g-c-i.com" id="Test Suites/Medi_Login_TestSuite">
      <properties>
         <property name="deviceName" value=""/>
         <property name="devicePlatform" value=""/>
         <property name="logFolder" value="C:\\Users\\satyasai.samoju\\git\\TestTunnel_Pratice_Repo\\TestTunnel_Pratice_Repo\\TestTunnel_Pratice_Repo\\TestTunnel_Pratice_Repo\\TestTunnel_Pratice_Repo\\Reports\\20230728_201016\\Medi_Login_TestSuite\\20230728_201016"/>
         <property name="logFiles" value="C:\\Users\\satyasai.samoju\\git\\TestTunnel_Pratice_Repo\\TestTunnel_Pratice_Repo\\TestTunnel_Pratice_Repo\\TestTunnel_Pratice_Repo\\TestTunnel_Pratice_Repo\\Reports\\20230728_201016\\Medi_Login_TestSuite\\20230728_201016\\execution0.log"/>
         <property name="attachments" value=""/>
         <property name="hostName" value="satyasai.samoju - INBL01LAP31245.brd.g-c-i.com"/>
         <property name="os" value="Windows 11 64bit"/>
         <property name="katalonVersion" value="8.6.5.208"/>
         <property name="browser" value="Chrome 115.0.0.0"/>
         <property name="hostAddress" value="192.168.1.9"/>
         <property name="sessionId" value="12849dff5cd9ada3224fecd65f36d866"/>
         <property name="seleniumVersion" value="3.141.59"/>
         <property name="proxyInformation" value="ProxyInformation { proxyOption=NO_PROXY, proxyServerType=HTTP, username=, password=********, proxyServerAddress=, proxyServerPort=0, executionList=&quot;&quot;, isApplyToDesiredCapabilities=true }"/>
         <property name="platform" value="Windows 11"/>
      </properties>
      <testcase name="Test Cases/Appointment_Login" time="30.517" classname="Test Cases/Appointment_Login" status="PASSED">
         <system-out><![CDATA[2023-07-28 20:10:45 - [TEST_CASE][PASSED] - Test Cases/Appointment_Login: Test Cases/Appointment_Login

2023-07-28 20:10:46 - [TEST_STEP][PASSED] - openBrowser(""): Browser is opened with url: ''

2023-07-28 20:10:47 - [MESSAGE][INFO] - Starting 'Chrome' driver

2023-07-28 20:10:47 - [MESSAGE][INFO] - Action delay is set to 0 milliseconds

2023-07-28 20:10:58 - [MESSAGE][PASSED] - Browser is opened with url: ''

2023-07-28 20:10:58 - [TEST_STEP][PASSED] - maximizeWindow(): Current window maximized

2023-07-28 20:10:58 - [MESSAGE][PASSED] - Current window maximized

2023-07-28 20:10:58 - [TEST_STEP][PASSED] - navigateToUrl("https://katalon-demo-cura.herokuapp.com/"): Navigate to 'https://katalon-demo-cura.herokuapp.com/' successfully

2023-07-28 20:11:09 - [MESSAGE][PASSED] - Navigate to 'https://katalon-demo-cura.herokuapp.com/' successfully

2023-07-28 20:11:09 - [TEST_STEP][PASSED] - click(findTestObject("Object Repository/MakeAppointment_TestSuite/Page_CURA Healthcare Service/a_Make Appointment")): Object: 'Object Repository/MakeAppointment_TestSuite/Page_CURA Healthcare Service/a_Make Appointment' is clicked on

2023-07-28 20:11:11 - [MESSAGE][PASSED] - Object: 'Object Repository/MakeAppointment_TestSuite/Page_CURA Healthcare Service/a_Make Appointment' is clicked on

2023-07-28 20:11:11 - [TEST_STEP][PASSED] - setText(findTestObject("Object Repository/MakeAppointment_TestSuite/Page_CURA Healthcare Service/input_Username_username"), "John Doe"): Text 'John Doe' is set on object 'Object Repository/MakeAppointment_TestSuite/Page_CURA Healthcare Service/input_Username_username'

2023-07-28 20:11:13 - [MESSAGE][PASSED] - Text 'John Doe' is set on object 'Object Repository/MakeAppointment_TestSuite/Page_CURA Healthcare Service/input_Username_username'

2023-07-28 20:11:13 - [TEST_STEP][PASSED] - setEncryptedText(findTestObject("Object Repository/MakeAppointment_TestSuite/Page_CURA Healthcare Service/input_Password_password"), "g3/DOGG74jC3Flrr3yH+3D/yKbOqqUNM"): Text ****** has been set on object 'Object Repository/MakeAppointment_TestSuite/Page_CURA Healthcare Service/input_Password_password'

2023-07-28 20:11:13 - [MESSAGE][PASSED] - Text ****** has been set on object 'Object Repository/MakeAppointment_TestSuite/Page_CURA Healthcare Service/input_Password_password'

2023-07-28 20:11:13 - [TEST_STEP][PASSED] - click(findTestObject("Object Repository/MakeAppointment_TestSuite/Page_CURA Healthcare Service/button_Login")): Object: 'Object Repository/MakeAppointment_TestSuite/Page_CURA Healthcare Service/button_Login' is clicked on

2023-07-28 20:11:15 - [MESSAGE][PASSED] - Object: 'Object Repository/MakeAppointment_TestSuite/Page_CURA Healthcare Service/button_Login' is clicked on]]></system-out>
         <system-err><![CDATA[]]></system-err>
      </testcase>
      <system-out><![CDATA[2023-07-28 20:10:43 - [TEST_SUITE][PASSED] - Medi_Login_TestSuite: Test Cases/Appointment_Login]]></system-out>
      <system-err><![CDATA[]]></system-err>
   </testsuite>
</testsuites>
