<?xml version="1.0" encoding="UTF-8"?>
<testsuites name="OrangeHRM LOGin PIM Report" time="48.924" tests="1" failures="0" errors="0">
   <testsuite name="OrangeHRM LOGin PIM Report" tests="1" failures="0" errors="0" time="48.924" skipped="0" timestamp="2023-07-28 18:35:41" hostname="satyasai.samoju - INBL01LAP31245.brd.g-c-i.com" id="Test Suites/OrangeHRM LOGin PIM Report">
      <properties>
         <property name="deviceName" value=""/>
         <property name="devicePlatform" value=""/>
         <property name="logFolder" value="C:\\Users\\satyasai.samoju\\git\\TestTunnel_Pratice_Repo\\TestTunnel_Pratice_Repo\\TestTunnel_Pratice_Repo\\TestTunnel_Pratice_Repo\\TestTunnel_Pratice_Repo\\Reports\\20230728_182821\\OrangeHRM LOGin PIM Report\\20230728_182824"/>
         <property name="logFiles" value="C:\\Users\\satyasai.samoju\\git\\TestTunnel_Pratice_Repo\\TestTunnel_Pratice_Repo\\TestTunnel_Pratice_Repo\\TestTunnel_Pratice_Repo\\TestTunnel_Pratice_Repo\\Reports\\20230728_182821\\OrangeHRM LOGin PIM Report\\20230728_182824\\execution0.log"/>
         <property name="attachments" value=""/>
         <property name="hostName" value="satyasai.samoju - INBL01LAP31245.brd.g-c-i.com"/>
         <property name="os" value="Windows 11 64bit"/>
         <property name="katalonVersion" value="8.6.5.208"/>
         <property name="browser" value="Chrome 115.0.0.0"/>
         <property name="hostAddress" value="192.168.1.9"/>
         <property name="sessionId" value="e611ed6ee34f1b236def147b266b6547"/>
         <property name="seleniumVersion" value="3.141.59"/>
         <property name="proxyInformation" value="ProxyInformation { proxyOption=NO_PROXY, proxyServerType=HTTP, username=, password=********, proxyServerAddress=, proxyServerPort=0, executionList=&quot;&quot;, isApplyToDesiredCapabilities=true }"/>
         <property name="platform" value="Windows 11"/>
      </properties>
      <testcase name="Test Cases/Orange HRM PIM report" time="48.375" classname="Test Cases/Orange HRM PIM report" status="PASSED">
         <system-out><![CDATA[2023-07-28 18:35:42 - [TEST_CASE][PASSED] - Test Cases/Orange HRM PIM report: Test Cases/Orange HRM PIM report

2023-07-28 18:35:42 - [TEST_STEP][PASSED] - callTestCase(findTestCase("Orange HRM LogIN"), [:], STOP_ON_FAILURE): Call Test Case 'Test Cases/Orange HRM LogIN' successfully

2023-07-28 18:35:43 - [TEST_CASE][PASSED] - Test Cases/Orange HRM LogIN: Test Cases/Orange HRM LogIN

2023-07-28 18:35:43 - [TEST_STEP][PASSED] - openBrowser(""): Browser is opened with url: ''

2023-07-28 18:35:43 - [MESSAGE][INFO] - Starting 'Chrome' driver

2023-07-28 18:35:43 - [MESSAGE][INFO] - Action delay is set to 0 milliseconds

2023-07-28 18:35:49 - [MESSAGE][PASSED] - Browser is opened with url: ''

2023-07-28 18:35:49 - [TEST_STEP][PASSED] - maximizeWindow(): Current window maximized

2023-07-28 18:35:49 - [MESSAGE][PASSED] - Current window maximized

2023-07-28 18:35:49 - [TEST_STEP][PASSED] - delay(3): Delayed 3 second(s)

2023-07-28 18:35:52 - [MESSAGE][PASSED] - Delayed 3 second(s)

2023-07-28 18:35:52 - [TEST_STEP][PASSED] - navigateToUrl("https://opensource-demo.orangehrmlive.com/web/index.php/auth/login"): Navigate to 'https://opensource-demo.orangehrmlive.com/web/index.php/auth/login' successfully

2023-07-28 18:36:05 - [MESSAGE][PASSED] - Navigate to 'https://opensource-demo.orangehrmlive.com/web/index.php/auth/login' successfully

2023-07-28 18:36:05 - [TEST_STEP][PASSED] - setText(findTestObject("Object Repository/OragngeHrm LOGIN/Page_OrangeHRM/input_Username_username"), "Admin"): Text 'Admin' is set on object 'Object Repository/OragngeHrm LOGIN/Page_OrangeHRM/input_Username_username'

2023-07-28 18:36:07 - [MESSAGE][PASSED] - Text 'Admin' is set on object 'Object Repository/OragngeHrm LOGIN/Page_OrangeHRM/input_Username_username'

2023-07-28 18:36:07 - [TEST_STEP][PASSED] - setEncryptedText(findTestObject("Object Repository/OragngeHrm LOGIN/Page_OrangeHRM/input_Password_password"), "hUKwJTbofgPU9eVlw/CnDQ=="): Text ****** has been set on object 'Object Repository/OragngeHrm LOGIN/Page_OrangeHRM/input_Password_password'

2023-07-28 18:36:08 - [MESSAGE][PASSED] - Text ****** has been set on object 'Object Repository/OragngeHrm LOGIN/Page_OrangeHRM/input_Password_password'

2023-07-28 18:36:08 - [TEST_STEP][PASSED] - click(findTestObject("Object Repository/OragngeHrm LOGIN/Page_OrangeHRM/button_Login")): Object: 'Object Repository/OragngeHrm LOGIN/Page_OrangeHRM/button_Login' is clicked on

2023-07-28 18:36:12 - [MESSAGE][PASSED] - Object: 'Object Repository/OragngeHrm LOGIN/Page_OrangeHRM/button_Login' is clicked on

2023-07-28 18:36:12 - [MESSAGE][PASSED] - Call Test Case 'Test Cases/Orange HRM LogIN' successfully

2023-07-28 18:36:12 - [TEST_STEP][PASSED] - click(findTestObject("Object Repository/Orange HRM PIM Report/Page_OrangeHRM/a_PIM")): Object: 'Object Repository/Orange HRM PIM Report/Page_OrangeHRM/a_PIM' is clicked on

2023-07-28 18:36:16 - [MESSAGE][PASSED] - Object: 'Object Repository/Orange HRM PIM Report/Page_OrangeHRM/a_PIM' is clicked on

2023-07-28 18:36:16 - [TEST_STEP][PASSED] - click(findTestObject("Object Repository/Orange HRM PIM Report/Page_OrangeHRM/li_Reports")): Object: 'Object Repository/Orange HRM PIM Report/Page_OrangeHRM/li_Reports' is clicked on

2023-07-28 18:36:20 - [MESSAGE][PASSED] - Object: 'Object Repository/Orange HRM PIM Report/Page_OrangeHRM/li_Reports' is clicked on

2023-07-28 18:36:20 - [TEST_STEP][PASSED] - setText(findTestObject("Object Repository/Orange HRM PIM Report/Page_OrangeHRM/input"), "satyasai"): Text 'satyasai' is set on object 'Object Repository/Orange HRM PIM Report/Page_OrangeHRM/input'

2023-07-28 18:36:22 - [MESSAGE][PASSED] - Text 'satyasai' is set on object 'Object Repository/Orange HRM PIM Report/Page_OrangeHRM/input'

2023-07-28 18:36:22 - [TEST_STEP][PASSED] - click(findTestObject("Object Repository/Orange HRM PIM Report/Page_OrangeHRM/button_Search")): Object: 'Object Repository/Orange HRM PIM Report/Page_OrangeHRM/button_Search' is clicked on

2023-07-28 18:36:23 - [MESSAGE][PASSED] - Object: 'Object Repository/Orange HRM PIM Report/Page_OrangeHRM/button_Search' is clicked on

2023-07-28 18:36:23 - [TEST_STEP][PASSED] - click(findTestObject("Object Repository/Orange HRM PIM Report/Page_OrangeHRM/i_Actions_oxd-icon bi-check oxd-checkbox-in_fe61ad")): Object: 'Object Repository/Orange HRM PIM Report/Page_OrangeHRM/i_Actions_oxd-icon bi-check oxd-checkbox-in_fe61ad' is clicked on

2023-07-28 18:36:24 - [MESSAGE][PASSED] - Object: 'Object Repository/Orange HRM PIM Report/Page_OrangeHRM/i_Actions_oxd-icon bi-check oxd-checkbox-in_fe61ad' is clicked on

2023-07-28 18:36:24 - [TEST_STEP][PASSED] - click(findTestObject("Object Repository/Orange HRM PIM Report/Page_OrangeHRM/i_All Employee Sub Unit Hierarchy Report_ox_1ff162")): Object: 'Object Repository/Orange HRM PIM Report/Page_OrangeHRM/i_All Employee Sub Unit Hierarchy Report_ox_1ff162' is clicked on

2023-07-28 18:36:25 - [MESSAGE][PASSED] - Object: 'Object Repository/Orange HRM PIM Report/Page_OrangeHRM/i_All Employee Sub Unit Hierarchy Report_ox_1ff162' is clicked on

2023-07-28 18:36:25 - [TEST_STEP][PASSED] - click(findTestObject("Object Repository/Orange HRM PIM Report/Page_OrangeHRM/i_Location_oxd-icon bi-x --clear")): Object: 'Object Repository/Orange HRM PIM Report/Page_OrangeHRM/i_Location_oxd-icon bi-x --clear' is clicked on

2023-07-28 18:36:28 - [MESSAGE][PASSED] - Object: 'Object Repository/Orange HRM PIM Report/Page_OrangeHRM/i_Location_oxd-icon bi-x --clear' is clicked on

2023-07-28 18:36:28 - [TEST_STEP][PASSED] - click(findTestObject("Object Repository/Orange HRM PIM Report/Page_OrangeHRM/button_Save")): Object: 'Object Repository/Orange HRM PIM Report/Page_OrangeHRM/button_Save' is clicked on

2023-07-28 18:36:29 - [MESSAGE][PASSED] - Object: 'Object Repository/Orange HRM PIM Report/Page_OrangeHRM/button_Save' is clicked on

2023-07-28 18:36:29 - [TEST_STEP][PASSED] - closeBrowser(): Browser is closed

2023-07-28 18:36:30 - [MESSAGE][PASSED] - Browser is closed]]></system-out>
         <system-err><![CDATA[]]></system-err>
      </testcase>
      <system-out><![CDATA[2023-07-28 18:35:41 - [TEST_SUITE][PASSED] - OrangeHRM LOGin PIM Report: Test Cases/Orange HRM PIM report]]></system-out>
      <system-err><![CDATA[]]></system-err>
   </testsuite>
</testsuites>
