<?xml version="1.0" encoding="UTF-8"?>
<testsuites name="New Test Suite Collection2" time="221.614" tests="4" failures="0" errors="0">
   <testsuite name="New Test Suite3_Qa" tests="1" failures="0" errors="0" time="45.574" skipped="0" timestamp="2023-07-26 17:27:28" hostname="satyasai.samoju - INBL01LAP31245.brd.g-c-i.com" id="Test Suites/New Test Suite3_Qa">
      <properties>
         <property name="deviceName" value=""/>
         <property name="devicePlatform" value=""/>
         <property name="logFolder" value="C:\\Users\\satyasai.samoju\\git\\TestTunnel_Pratice_Repo\\Reports\\20230726_172657\\New Test Suite3_Qa\\20230726_172658"/>
         <property name="logFiles" value="C:\\Users\\satyasai.samoju\\git\\TestTunnel_Pratice_Repo\\Reports\\20230726_172657\\New Test Suite3_Qa\\20230726_172658\\execution0.log"/>
         <property name="attachments" value=""/>
         <property name="hostName" value="satyasai.samoju - INBL01LAP31245.brd.g-c-i.com"/>
         <property name="os" value="Windows 11 64bit"/>
         <property name="katalonVersion" value="8.6.5.208"/>
         <property name="browser" value="Chrome 114.0.0.0"/>
         <property name="hostAddress" value="192.168.1.5"/>
         <property name="sessionId" value="b2af0391c735a624cad86beb75b598b8"/>
         <property name="seleniumVersion" value="3.141.59"/>
         <property name="proxyInformation" value="ProxyInformation { proxyOption=NO_PROXY, proxyServerType=HTTP, username=, password=********, proxyServerAddress=, proxyServerPort=0, executionList=&quot;&quot;, isApplyToDesiredCapabilities=true }"/>
         <property name="platform" value="Windows 11"/>
      </properties>
      <testcase name="Test Cases/TestTunnel4Demoqa" time="45.293" classname="Test Cases/TestTunnel4Demoqa" status="PASSED">
         <system-out><![CDATA[2023-07-26 17:27:28 - [TEST_CASE][PASSED] - Test Cases/TestTunnel4Demoqa: Test Cases/TestTunnel4Demoqa

2023-07-26 17:27:28 - [TEST_STEP][PASSED] - openBrowser(""): Browser is opened with url: ''

2023-07-26 17:27:29 - [MESSAGE][INFO] - Starting 'Chrome' driver

2023-07-26 17:27:29 - [MESSAGE][INFO] - Action delay is set to 0 milliseconds

2023-07-26 17:27:32 - [MESSAGE][PASSED] - Browser is opened with url: ''

2023-07-26 17:27:32 - [TEST_STEP][PASSED] - maximizeWindow(): Current window maximized

2023-07-26 17:27:32 - [MESSAGE][PASSED] - Current window maximized

2023-07-26 17:27:32 - [TEST_STEP][PASSED] - navigateToUrl("https://demoqa.com/"): Navigate to 'https://demoqa.com/' successfully

2023-07-26 17:27:57 - [MESSAGE][PASSED] - Navigate to 'https://demoqa.com/' successfully

2023-07-26 17:27:57 - [TEST_STEP][PASSED] - delay(2): Delayed 2 second(s)

2023-07-26 17:27:59 - [MESSAGE][PASSED] - Delayed 2 second(s)

2023-07-26 17:27:59 - [TEST_STEP][PASSED] - click(findTestObject("DemoqaText/Page_DEMOQA/path")): Object: 'Object Repository/DemoqaText/Page_DEMOQA/path' is clicked on

2023-07-26 17:28:00 - [MESSAGE][WARNING] - [SELF-HEALING] Failed to find element with id 'Object Repository/DemoqaText/Page_DEMOQA/path'. Try using Self-healing.

2023-07-26 17:28:02 - [MESSAGE][WARNING] - [SELF-HEALING] The current locator of test object 'Object Repository/DemoqaText/Page_DEMOQA/path' was broken. Propose an alternative one: 'path'.

2023-07-26 17:28:02 - [MESSAGE][PASSED] - Object: 'Object Repository/DemoqaText/Page_DEMOQA/path' is clicked on

2023-07-26 17:28:02 - [TEST_STEP][PASSED] - click(findTestObject("DemoqaText/Page_DEMOQA/li_Text Box")): Object: 'Object Repository/DemoqaText/Page_DEMOQA/li_Text Box' is clicked on

2023-07-26 17:28:03 - [MESSAGE][PASSED] - Object: 'Object Repository/DemoqaText/Page_DEMOQA/li_Text Box' is clicked on

2023-07-26 17:28:03 - [TEST_STEP][PASSED] - setText(findTestObject("DemoqaText/Page_DEMOQA/input_Full Name_userName"), "Samoju satyasai"): Text 'Samoju satyasai' is set on object 'Object Repository/DemoqaText/Page_DEMOQA/input_Full Name_userName'

2023-07-26 17:28:04 - [MESSAGE][PASSED] - Text 'Samoju satyasai' is set on object 'Object Repository/DemoqaText/Page_DEMOQA/input_Full Name_userName'

2023-07-26 17:28:04 - [TEST_STEP][PASSED] - setText(findTestObject("DemoqaText/Page_DEMOQA/input_Email_userEmail"), "abc@gmail.com"): Text 'abc@gmail.com' is set on object 'Object Repository/DemoqaText/Page_DEMOQA/input_Email_userEmail'

2023-07-26 17:28:06 - [MESSAGE][PASSED] - Text 'abc@gmail.com' is set on object 'Object Repository/DemoqaText/Page_DEMOQA/input_Email_userEmail'

2023-07-26 17:28:06 - [TEST_STEP][PASSED] - setText(findTestObject("DemoqaText/Page_DEMOQA/textarea_Current Address_currentAddress"), "visakhapatnam"): Text 'visakhapatnam' is set on object 'Object Repository/DemoqaText/Page_DEMOQA/textarea_Current Address_currentAddress'

2023-07-26 17:28:07 - [MESSAGE][PASSED] - Text 'visakhapatnam' is set on object 'Object Repository/DemoqaText/Page_DEMOQA/textarea_Current Address_currentAddress'

2023-07-26 17:28:07 - [TEST_STEP][PASSED] - setText(findTestObject("DemoqaText/Page_DEMOQA/textarea_Permanent Address_permanentAddress"), "visakhapatnam"): Text 'visakhapatnam' is set on object 'Object Repository/DemoqaText/Page_DEMOQA/textarea_Permanent Address_permanentAddress'

2023-07-26 17:28:08 - [MESSAGE][PASSED] - Text 'visakhapatnam' is set on object 'Object Repository/DemoqaText/Page_DEMOQA/textarea_Permanent Address_permanentAddress'

2023-07-26 17:28:08 - [TEST_STEP][PASSED] - click(findTestObject("DemoqaText/Page_DEMOQA/button_Submit")): Object: 'Object Repository/DemoqaText/Page_DEMOQA/button_Submit' is clicked on

2023-07-26 17:28:09 - [MESSAGE][PASSED] - Object: 'Object Repository/DemoqaText/Page_DEMOQA/button_Submit' is clicked on

2023-07-26 17:28:09 - [TEST_STEP][PASSED] - delay(3): Delayed 3 second(s)

2023-07-26 17:28:12 - [MESSAGE][PASSED] - Delayed 3 second(s)

2023-07-26 17:28:12 - [TEST_STEP][PASSED] - closeBrowser(): Browser is closed

2023-07-26 17:28:13 - [MESSAGE][PASSED] - Browser is closed]]></system-out>
         <system-err><![CDATA[]]></system-err>
      </testcase>
      <system-out><![CDATA[2023-07-26 17:27:28 - [TEST_SUITE][PASSED] - New Test Suite3_Qa: Test Cases/TestTunnel4Demoqa]]></system-out>
      <system-err><![CDATA[]]></system-err>
   </testsuite>
   <testsuite name="testtunnel_testsuite1" tests="2" failures="0" errors="0" time="94.567" skipped="0" timestamp="2023-07-26 17:28:39" hostname="satyasai.samoju - INBL01LAP31245.brd.g-c-i.com" id="Test Suites/testtunnel_testsuite1">
      <properties>
         <property name="deviceName" value=""/>
         <property name="devicePlatform" value=""/>
         <property name="logFolder" value="C:\\Users\\satyasai.samoju\\git\\TestTunnel_Pratice_Repo\\Reports\\20230726_172657\\testtunnel_testsuite1\\20230726_172700"/>
         <property name="logFiles" value="C:\\Users\\satyasai.samoju\\git\\TestTunnel_Pratice_Repo\\Reports\\20230726_172657\\testtunnel_testsuite1\\20230726_172700\\execution0.log"/>
         <property name="attachments" value=""/>
         <property name="hostName" value="satyasai.samoju - INBL01LAP31245.brd.g-c-i.com"/>
         <property name="os" value="Windows 11 64bit"/>
         <property name="katalonVersion" value="8.6.5.208"/>
         <property name="browser" value="Chrome 114.0.0.0"/>
         <property name="hostAddress" value="192.168.1.5"/>
         <property name="sessionId" value="af7e81c34dfdbc1b7239d32fe0335f45"/>
         <property name="seleniumVersion" value="3.141.59"/>
         <property name="proxyInformation" value="ProxyInformation { proxyOption=NO_PROXY, proxyServerType=HTTP, username=, password=********, proxyServerAddress=, proxyServerPort=0, executionList=&quot;&quot;, isApplyToDesiredCapabilities=true }"/>
         <property name="platform" value="Windows 11"/>
      </properties>
      <testcase name="Test Cases/TestTunnel1" time="21.335" classname="Test Cases/TestTunnel1" status="PASSED">
         <system-out><![CDATA[2023-07-26 17:28:39 - [TEST_CASE][PASSED] - Test Cases/TestTunnel1: Test Cases/TestTunnel1

2023-07-26 17:28:39 - [TEST_STEP][PASSED] - openBrowser(""): Browser is opened with url: ''

2023-07-26 17:28:40 - [MESSAGE][INFO] - Starting 'Chrome' driver

2023-07-26 17:28:40 - [MESSAGE][INFO] - Action delay is set to 0 milliseconds

2023-07-26 17:28:43 - [MESSAGE][PASSED] - Browser is opened with url: ''

2023-07-26 17:28:43 - [TEST_STEP][PASSED] - maximizeWindow(): Current window maximized

2023-07-26 17:28:43 - [MESSAGE][PASSED] - Current window maximized

2023-07-26 17:28:43 - [TEST_STEP][PASSED] - navigateToUrl("https://www.google.com/"): Navigate to 'https://www.google.com/' successfully

2023-07-26 17:28:55 - [MESSAGE][PASSED] - Navigate to 'https://www.google.com/' successfully

2023-07-26 17:28:55 - [TEST_STEP][PASSED] - delay(4): Delayed 4 second(s)

2023-07-26 17:28:59 - [MESSAGE][PASSED] - Delayed 4 second(s)

2023-07-26 17:28:59 - [TEST_STEP][PASSED] - closeBrowser(): Browser is closed

2023-07-26 17:29:00 - [MESSAGE][PASSED] - Browser is closed]]></system-out>
         <system-err><![CDATA[]]></system-err>
      </testcase>
      <testcase name="Test Cases/Test Tunnel3" time="72.96" classname="Test Cases/Test Tunnel3" status="PASSED">
         <system-out><![CDATA[2023-07-26 17:29:00 - [TEST_CASE][PASSED] - Test Cases/Test Tunnel3: Test Cases/Test Tunnel3

2023-07-26 17:29:01 - [TEST_STEP][PASSED] - openBrowser(""): Browser is opened with url: ''

2023-07-26 17:29:01 - [MESSAGE][INFO] - Starting 'Chrome' driver

2023-07-26 17:29:01 - [MESSAGE][INFO] - Action delay is set to 0 milliseconds

2023-07-26 17:29:03 - [MESSAGE][PASSED] - Browser is opened with url: ''

2023-07-26 17:29:03 - [TEST_STEP][PASSED] - maximizeWindow(): Current window maximized

2023-07-26 17:29:03 - [MESSAGE][PASSED] - Current window maximized

2023-07-26 17:29:03 - [TEST_STEP][PASSED] - navigateToUrl("https://opensource-demo.orangehrmlive.com/web/index.php/auth/login"): Navigate to 'https://opensource-demo.orangehrmlive.com/web/index.php/auth/login' successfully

2023-07-26 17:29:52 - [MESSAGE][PASSED] - Navigate to 'https://opensource-demo.orangehrmlive.com/web/index.php/auth/login' successfully

2023-07-26 17:29:52 - [TEST_STEP][PASSED] - setText(findTestObject("TestTunnel3/Page_OrangeHRM/input_Username_username"), "Admin"): Text 'Admin' is set on object 'Object Repository/TestTunnel3/Page_OrangeHRM/input_Username_username'

2023-07-26 17:29:56 - [MESSAGE][PASSED] - Text 'Admin' is set on object 'Object Repository/TestTunnel3/Page_OrangeHRM/input_Username_username'

2023-07-26 17:29:56 - [TEST_STEP][PASSED] - setText(findTestObject("TestTunnel3/Page_OrangeHRM/input_Password_password"), "admin123"): Text 'admin123' is set on object 'Object Repository/TestTunnel3/Page_OrangeHRM/input_Password_password'

2023-07-26 17:29:57 - [MESSAGE][PASSED] - Text 'admin123' is set on object 'Object Repository/TestTunnel3/Page_OrangeHRM/input_Password_password'

2023-07-26 17:29:57 - [TEST_STEP][PASSED] - click(findTestObject("TestTunnel3/Page_OrangeHRM/button_Login")): Object: 'Object Repository/TestTunnel3/Page_OrangeHRM/button_Login' is clicked on

2023-07-26 17:29:57 - [MESSAGE][PASSED] - Object: 'Object Repository/TestTunnel3/Page_OrangeHRM/button_Login' is clicked on

2023-07-26 17:29:57 - [TEST_STEP][PASSED] - click(findTestObject("TestTunnel3/Page_OrangeHRM/span_Admin")): Object: 'Object Repository/TestTunnel3/Page_OrangeHRM/span_Admin' is clicked on

2023-07-26 17:30:03 - [MESSAGE][PASSED] - Object: 'Object Repository/TestTunnel3/Page_OrangeHRM/span_Admin' is clicked on

2023-07-26 17:30:03 - [TEST_STEP][PASSED] - click(findTestObject("TestTunnel3/Page_OrangeHRM/button_Add")): Object: 'Object Repository/TestTunnel3/Page_OrangeHRM/button_Add' is clicked on

2023-07-26 17:30:09 - [MESSAGE][PASSED] - Object: 'Object Repository/TestTunnel3/Page_OrangeHRM/button_Add' is clicked on

2023-07-26 17:30:09 - [TEST_STEP][PASSED] - delay(3): Delayed 3 second(s)

2023-07-26 17:30:12 - [MESSAGE][PASSED] - Delayed 3 second(s)

2023-07-26 17:30:12 - [TEST_STEP][PASSED] - closeBrowser(): Browser is closed

2023-07-26 17:30:13 - [MESSAGE][PASSED] - Browser is closed]]></system-out>
         <system-err><![CDATA[]]></system-err>
      </testcase>
      <system-out><![CDATA[2023-07-26 17:28:39 - [TEST_SUITE][PASSED] - testtunnel_testsuite1: Test Cases/Test Tunnel3]]></system-out>
      <system-err><![CDATA[]]></system-err>
   </testsuite>
   <testsuite name="testTunnel_testSuite2" tests="1" failures="0" errors="0" time="18.212" skipped="0" timestamp="2023-07-26 17:30:37" hostname="satyasai.samoju - INBL01LAP31245.brd.g-c-i.com" id="Test Suites/testTunnel_testSuite2">
      <properties>
         <property name="deviceName" value=""/>
         <property name="devicePlatform" value=""/>
         <property name="logFolder" value="C:\\Users\\satyasai.samoju\\git\\TestTunnel_Pratice_Repo\\Reports\\20230726_172657\\testTunnel_testSuite2\\20230726_172702"/>
         <property name="logFiles" value="C:\\Users\\satyasai.samoju\\git\\TestTunnel_Pratice_Repo\\Reports\\20230726_172657\\testTunnel_testSuite2\\20230726_172702\\execution0.log"/>
         <property name="attachments" value=""/>
         <property name="hostName" value="satyasai.samoju - INBL01LAP31245.brd.g-c-i.com"/>
         <property name="os" value="Windows 11 64bit"/>
         <property name="katalonVersion" value="8.6.5.208"/>
         <property name="browser" value="Chrome 114.0.0.0"/>
         <property name="hostAddress" value="192.168.1.5"/>
         <property name="sessionId" value="15566d36e76fb55312338d63ed8850b1"/>
         <property name="seleniumVersion" value="3.141.59"/>
         <property name="proxyInformation" value="ProxyInformation { proxyOption=NO_PROXY, proxyServerType=HTTP, username=, password=********, proxyServerAddress=, proxyServerPort=0, executionList=&quot;&quot;, isApplyToDesiredCapabilities=true }"/>
         <property name="platform" value="Windows 11"/>
      </properties>
      <testcase name="Test Cases/TestTunnel2" time="17.972" classname="Test Cases/TestTunnel2" status="PASSED">
         <system-out><![CDATA[2023-07-26 17:30:37 - [TEST_CASE][PASSED] - Test Cases/TestTunnel2: Test Cases/TestTunnel2

2023-07-26 17:30:37 - [TEST_STEP][PASSED] - openBrowser(""): Browser is opened with url: ''

2023-07-26 17:30:38 - [MESSAGE][INFO] - Starting 'Chrome' driver

2023-07-26 17:30:38 - [MESSAGE][INFO] - Action delay is set to 0 milliseconds

2023-07-26 17:30:41 - [MESSAGE][PASSED] - Browser is opened with url: ''

2023-07-26 17:30:41 - [TEST_STEP][PASSED] - maximizeWindow(): Current window maximized

2023-07-26 17:30:41 - [MESSAGE][PASSED] - Current window maximized

2023-07-26 17:30:41 - [TEST_STEP][PASSED] - navigateToUrl("https://www.youtube.com/"): Navigate to 'https://www.youtube.com/' successfully

2023-07-26 17:30:50 - [MESSAGE][PASSED] - Navigate to 'https://www.youtube.com/' successfully

2023-07-26 17:30:50 - [TEST_STEP][PASSED] - delay(3): Delayed 3 second(s)

2023-07-26 17:30:53 - [MESSAGE][PASSED] - Delayed 3 second(s)

2023-07-26 17:30:53 - [TEST_STEP][PASSED] - closeBrowser(): Browser is closed

2023-07-26 17:30:55 - [MESSAGE][PASSED] - Browser is closed]]></system-out>
         <system-err><![CDATA[]]></system-err>
      </testcase>
      <system-out><![CDATA[2023-07-26 17:30:37 - [TEST_SUITE][PASSED] - testTunnel_testSuite2: Test Cases/TestTunnel2]]></system-out>
      <system-err><![CDATA[]]></system-err>
   </testsuite>
</testsuites>
