<?xml version="1.0" encoding="UTF-8"?>
<testsuites name="testtunnel_testsuite1" time="196.595" tests="2" failures="0" errors="0">
   <testsuite name="testtunnel_testsuite1" tests="2" failures="0" errors="0" time="196.595" skipped="0" timestamp="2023-07-26 17:20:13" hostname="satyasai.samoju - INBL01LAP31245.brd.g-c-i.com" id="Test Suites/testtunnel_testsuite1">
      <properties>
         <property name="deviceName" value=""/>
         <property name="devicePlatform" value=""/>
         <property name="logFolder" value="C:\\Users\\satyasai.samoju\\git\\TestTunnel_Pratice_Repo\\Reports\\20230726_171654\\testtunnel_testsuite1\\20230726_171657"/>
         <property name="logFiles" value="C:\\Users\\satyasai.samoju\\git\\TestTunnel_Pratice_Repo\\Reports\\20230726_171654\\testtunnel_testsuite1\\20230726_171657\\execution0.log"/>
         <property name="attachments" value=""/>
         <property name="hostName" value="satyasai.samoju - INBL01LAP31245.brd.g-c-i.com"/>
         <property name="os" value="Windows 11 64bit"/>
         <property name="katalonVersion" value="8.6.5.208"/>
         <property name="browser" value="Chrome 114.0.0.0"/>
         <property name="hostAddress" value="192.168.1.5"/>
         <property name="sessionId" value="cf9a70d30c7581d8cb50e6581eb502c2"/>
         <property name="seleniumVersion" value="3.141.59"/>
         <property name="proxyInformation" value="ProxyInformation { proxyOption=NO_PROXY, proxyServerType=HTTP, username=, password=********, proxyServerAddress=, proxyServerPort=0, executionList=&quot;&quot;, isApplyToDesiredCapabilities=true }"/>
         <property name="platform" value="Windows 11"/>
      </properties>
      <testcase name="Test Cases/TestTunnel1" time="125.552" classname="Test Cases/TestTunnel1" status="PASSED">
         <system-out><![CDATA[2023-07-26 17:20:13 - [TEST_CASE][PASSED] - Test Cases/TestTunnel1: Test Cases/TestTunnel1

2023-07-26 17:20:13 - [TEST_STEP][PASSED] - openBrowser(""): Browser is opened with url: ''

2023-07-26 17:20:13 - [MESSAGE][INFO] - Starting 'Chrome' driver

2023-07-26 17:20:13 - [MESSAGE][INFO] - Action delay is set to 0 milliseconds

2023-07-26 17:20:17 - [MESSAGE][PASSED] - Browser is opened with url: ''

2023-07-26 17:20:17 - [TEST_STEP][PASSED] - maximizeWindow(): Current window maximized

2023-07-26 17:20:17 - [MESSAGE][PASSED] - Current window maximized

2023-07-26 17:20:17 - [TEST_STEP][PASSED] - navigateToUrl("https://www.google.com/"): Navigate to 'https://www.google.com/' successfully

2023-07-26 17:22:13 - [MESSAGE][PASSED] - Navigate to 'https://www.google.com/' successfully

2023-07-26 17:22:13 - [TEST_STEP][PASSED] - delay(4): Delayed 4 second(s)

2023-07-26 17:22:17 - [MESSAGE][PASSED] - Delayed 4 second(s)

2023-07-26 17:22:17 - [TEST_STEP][PASSED] - closeBrowser(): Browser is closed

2023-07-26 17:22:18 - [MESSAGE][PASSED] - Browser is closed]]></system-out>
         <system-err><![CDATA[]]></system-err>
      </testcase>
      <testcase name="Test Cases/Test Tunnel3" time="70.769" classname="Test Cases/Test Tunnel3" status="PASSED">
         <system-out><![CDATA[2023-07-26 17:22:18 - [TEST_CASE][PASSED] - Test Cases/Test Tunnel3: Test Cases/Test Tunnel3

2023-07-26 17:22:19 - [TEST_STEP][PASSED] - openBrowser(""): Browser is opened with url: ''

2023-07-26 17:22:19 - [MESSAGE][INFO] - Starting 'Chrome' driver

2023-07-26 17:22:19 - [MESSAGE][INFO] - Action delay is set to 0 milliseconds

2023-07-26 17:22:21 - [MESSAGE][PASSED] - Browser is opened with url: ''

2023-07-26 17:22:21 - [TEST_STEP][PASSED] - maximizeWindow(): Current window maximized

2023-07-26 17:22:21 - [MESSAGE][PASSED] - Current window maximized

2023-07-26 17:22:21 - [TEST_STEP][PASSED] - navigateToUrl("https://opensource-demo.orangehrmlive.com/web/index.php/auth/login"): Navigate to 'https://opensource-demo.orangehrmlive.com/web/index.php/auth/login' successfully

2023-07-26 17:23:06 - [MESSAGE][PASSED] - Navigate to 'https://opensource-demo.orangehrmlive.com/web/index.php/auth/login' successfully

2023-07-26 17:23:06 - [TEST_STEP][PASSED] - setText(findTestObject("TestTunnel3/Page_OrangeHRM/input_Username_username"), "Admin"): Text 'Admin' is set on object 'Object Repository/TestTunnel3/Page_OrangeHRM/input_Username_username'

2023-07-26 17:23:11 - [MESSAGE][PASSED] - Text 'Admin' is set on object 'Object Repository/TestTunnel3/Page_OrangeHRM/input_Username_username'

2023-07-26 17:23:11 - [TEST_STEP][PASSED] - setText(findTestObject("TestTunnel3/Page_OrangeHRM/input_Password_password"), "admin123"): Text 'admin123' is set on object 'Object Repository/TestTunnel3/Page_OrangeHRM/input_Password_password'

2023-07-26 17:23:12 - [MESSAGE][PASSED] - Text 'admin123' is set on object 'Object Repository/TestTunnel3/Page_OrangeHRM/input_Password_password'

2023-07-26 17:23:12 - [TEST_STEP][PASSED] - click(findTestObject("TestTunnel3/Page_OrangeHRM/button_Login")): Object: 'Object Repository/TestTunnel3/Page_OrangeHRM/button_Login' is clicked on

2023-07-26 17:23:12 - [MESSAGE][PASSED] - Object: 'Object Repository/TestTunnel3/Page_OrangeHRM/button_Login' is clicked on

2023-07-26 17:23:12 - [TEST_STEP][PASSED] - click(findTestObject("TestTunnel3/Page_OrangeHRM/span_Admin")): Object: 'Object Repository/TestTunnel3/Page_OrangeHRM/span_Admin' is clicked on

2023-07-26 17:23:22 - [MESSAGE][PASSED] - Object: 'Object Repository/TestTunnel3/Page_OrangeHRM/span_Admin' is clicked on

2023-07-26 17:23:22 - [TEST_STEP][PASSED] - click(findTestObject("TestTunnel3/Page_OrangeHRM/button_Add")): Object: 'Object Repository/TestTunnel3/Page_OrangeHRM/button_Add' is clicked on

2023-07-26 17:23:25 - [MESSAGE][PASSED] - Object: 'Object Repository/TestTunnel3/Page_OrangeHRM/button_Add' is clicked on

2023-07-26 17:23:25 - [TEST_STEP][PASSED] - delay(3): Delayed 3 second(s)

2023-07-26 17:23:28 - [MESSAGE][PASSED] - Delayed 3 second(s)

2023-07-26 17:23:28 - [TEST_STEP][PASSED] - closeBrowser(): Browser is closed

2023-07-26 17:23:29 - [MESSAGE][PASSED] - Browser is closed]]></system-out>
         <system-err><![CDATA[]]></system-err>
      </testcase>
      <system-out><![CDATA[2023-07-26 17:20:13 - [TEST_SUITE][PASSED] - testtunnel_testsuite1: Test Cases/Test Tunnel3]]></system-out>
      <system-err><![CDATA[]]></system-err>
   </testsuite>
</testsuites>
