<?xml version="1.0" encoding="UTF-8"?>
<testsuites name="testtunnel_testsuite1" time="14.185" tests="1" failures="0" errors="0">
   <testsuite name="testtunnel_testsuite1" tests="1" failures="0" errors="0" time="14.185" skipped="0" timestamp="2023-07-25 15:37:21" hostname="satyasai.samoju - INBL01LAP31245.brd.g-c-i.com" id="Test Suites/testtunnel_testsuite1">
      <properties>
         <property name="deviceName" value=""/>
         <property name="devicePlatform" value=""/>
         <property name="logFolder" value="C:\\Users\\satyasai.samoju\\git\\TestTunnel_Pratice_Repo\\Reports\\20230725_153716\\testtunnel_testsuite1\\20230725_153717"/>
         <property name="logFiles" value="C:\\Users\\satyasai.samoju\\git\\TestTunnel_Pratice_Repo\\Reports\\20230725_153716\\testtunnel_testsuite1\\20230725_153717\\execution0.log"/>
         <property name="attachments" value=""/>
         <property name="hostName" value="satyasai.samoju - INBL01LAP31245.brd.g-c-i.com"/>
         <property name="os" value="Windows 11 64bit"/>
         <property name="katalonVersion" value="8.6.5.208"/>
         <property name="browser" value="Chrome 114.0.0.0"/>
         <property name="hostAddress" value="192.168.1.10"/>
         <property name="sessionId" value="1ba9f0665b63efa33280b9835d38765d"/>
         <property name="seleniumVersion" value="3.141.59"/>
         <property name="proxyInformation" value="ProxyInformation { proxyOption=NO_PROXY, proxyServerType=HTTP, username=, password=********, proxyServerAddress=, proxyServerPort=0, executionList=&quot;&quot;, isApplyToDesiredCapabilities=true }"/>
         <property name="platform" value="Windows 11"/>
      </properties>
      <testcase name="Test Cases/TestTunnel1" time="13.932" classname="Test Cases/TestTunnel1" status="PASSED">
         <system-out><![CDATA[2023-07-25 15:37:22 - [TEST_CASE][PASSED] - Test Cases/TestTunnel1: Test Cases/TestTunnel1

2023-07-25 15:37:22 - [TEST_STEP][PASSED] - openBrowser(""): Browser is opened with url: ''

2023-07-25 15:37:22 - [MESSAGE][INFO] - Starting 'Chrome' driver

2023-07-25 15:37:22 - [MESSAGE][INFO] - Action delay is set to 0 milliseconds

2023-07-25 15:37:28 - [MESSAGE][PASSED] - Browser is opened with url: ''

2023-07-25 15:37:28 - [TEST_STEP][PASSED] - maximizeWindow(): Current window maximized

2023-07-25 15:37:28 - [MESSAGE][PASSED] - Current window maximized

2023-07-25 15:37:28 - [TEST_STEP][PASSED] - navigateToUrl("https://www.google.com/"): Navigate to 'https://www.google.com/' successfully

2023-07-25 15:37:31 - [MESSAGE][PASSED] - Navigate to 'https://www.google.com/' successfully

2023-07-25 15:37:31 - [TEST_STEP][PASSED] - delay(3): Delayed 3 second(s)

2023-07-25 15:37:34 - [MESSAGE][PASSED] - Delayed 3 second(s)

2023-07-25 15:37:34 - [TEST_STEP][PASSED] - closeBrowser(): Browser is closed

2023-07-25 15:37:36 - [MESSAGE][PASSED] - Browser is closed]]></system-out>
         <system-err><![CDATA[]]></system-err>
      </testcase>
      <system-out><![CDATA[2023-07-25 15:37:21 - [TEST_SUITE][PASSED] - testtunnel_testsuite1: Test Cases/TestTunnel1]]></system-out>
      <system-err><![CDATA[]]></system-err>
   </testsuite>
</testsuites>
