<?xml version="1.0" encoding="UTF-8"?>
<testsuites name="testTunnel_testSuite2" time="13.551" tests="1" failures="0" errors="0">
   <testsuite name="testTunnel_testSuite2" tests="1" failures="0" errors="0" time="13.551" skipped="0" timestamp="2023-07-25 15:37:43" hostname="satyasai.samoju - INBL01LAP31245.brd.g-c-i.com" id="Test Suites/testTunnel_testSuite2">
      <properties>
         <property name="deviceName" value=""/>
         <property name="devicePlatform" value=""/>
         <property name="logFolder" value="C:\\Users\\satyasai.samoju\\git\\TestTunnel_Pratice_Repo\\Reports\\20230725_153740\\testTunnel_testSuite2\\20230725_153740"/>
         <property name="logFiles" value="C:\\Users\\satyasai.samoju\\git\\TestTunnel_Pratice_Repo\\Reports\\20230725_153740\\testTunnel_testSuite2\\20230725_153740\\execution0.log"/>
         <property name="attachments" value=""/>
         <property name="hostName" value="satyasai.samoju - INBL01LAP31245.brd.g-c-i.com"/>
         <property name="os" value="Windows 11 64bit"/>
         <property name="katalonVersion" value="8.6.5.208"/>
         <property name="browser" value="Chrome 114.0.0.0"/>
         <property name="hostAddress" value="192.168.1.10"/>
         <property name="sessionId" value="3571585393e2bbb0f424667db151d061"/>
         <property name="seleniumVersion" value="3.141.59"/>
         <property name="proxyInformation" value="ProxyInformation { proxyOption=NO_PROXY, proxyServerType=HTTP, username=, password=********, proxyServerAddress=, proxyServerPort=0, executionList=&quot;&quot;, isApplyToDesiredCapabilities=true }"/>
         <property name="platform" value="Windows 11"/>
      </properties>
      <testcase name="Test Cases/TestTunnel2" time="13.284" classname="Test Cases/TestTunnel2" status="PASSED">
         <system-out><![CDATA[2023-07-25 15:37:43 - [TEST_CASE][PASSED] - Test Cases/TestTunnel2: Test Cases/TestTunnel2

2023-07-25 15:37:43 - [TEST_STEP][PASSED] - openBrowser(""): Browser is opened with url: ''

2023-07-25 15:37:44 - [MESSAGE][INFO] - Starting 'Chrome' driver

2023-07-25 15:37:44 - [MESSAGE][INFO] - Action delay is set to 0 milliseconds

2023-07-25 15:37:47 - [MESSAGE][PASSED] - Browser is opened with url: ''

2023-07-25 15:37:47 - [TEST_STEP][PASSED] - maximizeWindow(): Current window maximized

2023-07-25 15:37:47 - [MESSAGE][PASSED] - Current window maximized

2023-07-25 15:37:47 - [TEST_STEP][PASSED] - navigateToUrl("https://www.youtube.com/"): Navigate to 'https://www.youtube.com/' successfully

2023-07-25 15:37:52 - [MESSAGE][PASSED] - Navigate to 'https://www.youtube.com/' successfully

2023-07-25 15:37:52 - [TEST_STEP][PASSED] - delay(3): Delayed 3 second(s)

2023-07-25 15:37:55 - [MESSAGE][PASSED] - Delayed 3 second(s)

2023-07-25 15:37:55 - [TEST_STEP][PASSED] - closeBrowser(): Browser is closed

2023-07-25 15:37:56 - [MESSAGE][PASSED] - Browser is closed]]></system-out>
         <system-err><![CDATA[]]></system-err>
      </testcase>
      <system-out><![CDATA[2023-07-25 15:37:43 - [TEST_SUITE][PASSED] - testTunnel_testSuite2: Test Cases/TestTunnel2]]></system-out>
      <system-err><![CDATA[]]></system-err>
   </testsuite>
</testsuites>
