<?xml version="1.0" encoding="UTF-8"?>
<testsuites name="testtunnel_testsuite1" time="198.297" tests="2" failures="0" errors="0">
   <testsuite name="testtunnel_testsuite1" tests="2" failures="0" errors="0" time="198.297" skipped="0" timestamp="2023-07-26 16:51:50" hostname="satyasai.samoju - INBL01LAP31245.brd.g-c-i.com" id="Test Suites/testtunnel_testsuite1">
      <properties>
         <property name="deviceName"/>
         <property name="devicePlatform" value="WINDOWS"/>
         <property name="logFolder" value="C:\\Users\\satyasai.samoju\\git\\TestTunnel_Pratice_Repo\\Reports\\20230726_165116\\testtunnel_testsuite1\\20230726_165116"/>
         <property name="logFiles" value="C:\\Users\\satyasai.samoju\\git\\TestTunnel_Pratice_Repo\\Reports\\20230726_165116\\testtunnel_testsuite1\\20230726_165116\\execution0.log"/>
         <property name="attachments" value=""/>
         <property name="hostName" value="satyasai.samoju - INBL01LAP31245.brd.g-c-i.com"/>
         <property name="remoteDriverUrl" value="testcloud.katalon.com/hub"/>
         <property name="desiredCapabilities" value="{
  &quot;se:cdpVersion&quot;: &quot;114.0.5735.91&quot;,
  &quot;timeouts&quot;: {
    &quot;implicit&quot;: 0,
    &quot;pageLoad&quot;: 300000,
    &quot;script&quot;: 30000
  },
  &quot;platform&quot;: &quot;WINDOWS&quot;,
  &quot;goog:chromeOptions&quot;: {
    &quot;debuggerAddress&quot;: &quot;localhost:49877&quot;
  },
  &quot;requestId&quot;: &quot;f3940f0c-8d47-430c-b08e-285c1268bb96&quot;,
  &quot;webauthn:extension:credBlob&quot;: true,
  &quot;acceptInsecureCerts&quot;: false,
  &quot;browserVersion&quot;: &quot;114.0.0.0&quot;,
  &quot;browserName&quot;: &quot;chrome&quot;,
  &quot;javascriptEnabled&quot;: true,
  &quot;katalon:option&quot;: {
    &quot;unlimitedExecutionMinutes&quot;: true,
    &quot;userId&quot;: 1243919,
    &quot;organizationId&quot;: &quot;1221318&quot;,
    &quot;class&quot;: &quot;com.katalon.testcloud.grid.common.tunnel.domain.UserOptionCapability&quot;,
    &quot;runFromTestCloud&quot;: true,
    &quot;usingTunnel&quot;: false
  },
  &quot;platformName&quot;: &quot;WINDOWS&quot;,
  &quot;setWindowRect&quot;: true,
  &quot;webauthn:extension:largeBlob&quot;: true,
  &quot;networkConnectionEnabled&quot;: false,
  &quot;chrome&quot;: {
    &quot;chromedriverVersion&quot;: &quot;114.0.5735.90 (386bc09e8f4f2e025eddae123f36f6263096ae49-refs/branch-heads/5735@{#1052})&quot;,
    &quot;userDataDir&quot;: &quot;C:\\Windows\\SystemTemp\\scoped_dir3548_1695194481&quot;
  },
  &quot;os&quot;: &quot;windows&quot;,
  &quot;pageLoadStrategy&quot;: &quot;normal&quot;,
  &quot;unhandledPromptBehavior&quot;: &quot;dismiss and notify&quot;,
  &quot;strictFileInteractability&quot;: false,
  &quot;se:cdp&quot;: &quot;ws://10.0.2.15:4444/session/18171a5f6e26b88adfe02493081c52f3/se/cdp&quot;,
  &quot;proxy&quot;: {
    &quot;proxyType&quot;: &quot;DIRECT&quot;,
    &quot;autodetect&quot;: false
  },
  &quot;webauthn:extension:minPinLength&quot;: true,
  &quot;webauthn:extension:prf&quot;: true,
  &quot;webauthn:virtualAuthenticators&quot;: true
}"/>
         <property name="os" value="Windows 11 64bit"/>
         <property name="remoteOS" value="Windows"/>
         <property name="katalonVersion" value="8.6.5.208"/>
         <property name="browser" value="Chrome 114.0.0.0"/>
         <property name="hostAddress" value="192.168.1.5"/>
         <property name="sessionId" value="18171a5f6e26b88adfe02493081c52f3"/>
         <property name="seleniumVersion" value="3.141.59"/>
         <property name="proxyInformation" value="ProxyInformation { proxyOption=NO_PROXY, proxyServerType=HTTP, username=, password=********, proxyServerAddress=, proxyServerPort=0, executionList=&quot;&quot;, isApplyToDesiredCapabilities=true }"/>
         <property name="platform" value="Windows 11"/>
      </properties>
      <testcase name="Test Cases/TestTunnel1" time="92.879" classname="Test Cases/TestTunnel1" status="PASSED">
         <system-out><![CDATA[2023-07-26 16:51:51 - [TEST_CASE][PASSED] - Test Cases/TestTunnel1: Test Cases/TestTunnel1

2023-07-26 16:51:51 - [TEST_STEP][PASSED] - openBrowser(""): Browser is opened with url: ''

2023-07-26 16:51:52 - [MESSAGE][INFO] - User set preference: ['os', 'windows']

2023-07-26 16:51:52 - [MESSAGE][INFO] - User set preference: ['browserName', 'chrome']

2023-07-26 16:51:52 - [MESSAGE][INFO] - User set preference: ['browserVersion', '114']

2023-07-26 16:51:52 - [MESSAGE][INFO] - User set preference: ['katalon:option', '{organizationId=1221318, tunnelId=, usingTunnel=false}']

2023-07-26 16:51:52 - [MESSAGE][INFO] - Connecting to remote web server 'testcloud.katalon.com/hub' with type 'Selenium'

2023-07-26 16:51:54 - [MESSAGE][INFO] - Action delay is set to 0 milliseconds

2023-07-26 16:53:10 - [MESSAGE][PASSED] - Browser is opened with url: ''

2023-07-26 16:53:10 - [TEST_STEP][PASSED] - maximizeWindow(): Current window maximized

2023-07-26 16:53:11 - [MESSAGE][PASSED] - Current window maximized

2023-07-26 16:53:11 - [TEST_STEP][PASSED] - navigateToUrl("https://www.google.com/"): Navigate to 'https://www.google.com/' successfully

2023-07-26 16:53:16 - [MESSAGE][PASSED] - Navigate to 'https://www.google.com/' successfully

2023-07-26 16:53:16 - [TEST_STEP][PASSED] - delay(4): Delayed 4 second(s)

2023-07-26 16:53:20 - [MESSAGE][PASSED] - Delayed 4 second(s)

2023-07-26 16:53:20 - [TEST_STEP][PASSED] - closeBrowser(): Browser is closed

2023-07-26 16:53:24 - [MESSAGE][PASSED] - Browser is closed]]></system-out>
         <system-err><![CDATA[]]></system-err>
      </testcase>
      <testcase name="Test Cases/Test Tunnel3" time="104.917" classname="Test Cases/Test Tunnel3" status="PASSED">
         <system-out><![CDATA[2023-07-26 16:53:24 - [TEST_CASE][PASSED] - Test Cases/Test Tunnel3: Test Cases/Test Tunnel3

2023-07-26 16:53:24 - [TEST_STEP][PASSED] - openBrowser(""): Browser is opened with url: ''

2023-07-26 16:53:24 - [MESSAGE][INFO] - User set preference: ['os', 'windows']

2023-07-26 16:53:24 - [MESSAGE][INFO] - User set preference: ['browserName', 'chrome']

2023-07-26 16:53:24 - [MESSAGE][INFO] - User set preference: ['browserVersion', '114']

2023-07-26 16:53:24 - [MESSAGE][INFO] - User set preference: ['katalon:option', '{organizationId=1221318, tunnelId=, usingTunnel=false}']

2023-07-26 16:53:24 - [MESSAGE][INFO] - Connecting to remote web server 'testcloud.katalon.com/hub' with type 'Selenium'

2023-07-26 16:53:24 - [MESSAGE][INFO] - Action delay is set to 0 milliseconds

2023-07-26 16:54:20 - [MESSAGE][PASSED] - Browser is opened with url: ''

2023-07-26 16:54:20 - [TEST_STEP][PASSED] - maximizeWindow(): Current window maximized

2023-07-26 16:54:21 - [MESSAGE][PASSED] - Current window maximized

2023-07-26 16:54:21 - [TEST_STEP][PASSED] - navigateToUrl("https://opensource-demo.orangehrmlive.com/web/index.php/auth/login"): Navigate to 'https://opensource-demo.orangehrmlive.com/web/index.php/auth/login' successfully

2023-07-26 16:54:24 - [MESSAGE][PASSED] - Navigate to 'https://opensource-demo.orangehrmlive.com/web/index.php/auth/login' successfully

2023-07-26 16:54:24 - [TEST_STEP][PASSED] - setText(findTestObject("TestTunnel3/Page_OrangeHRM/input_Username_username"), "Admin"): Text 'Admin' is set on object 'Object Repository/TestTunnel3/Page_OrangeHRM/input_Username_username'

2023-07-26 16:54:36 - [MESSAGE][PASSED] - Text 'Admin' is set on object 'Object Repository/TestTunnel3/Page_OrangeHRM/input_Username_username'

2023-07-26 16:54:36 - [TEST_STEP][PASSED] - setText(findTestObject("TestTunnel3/Page_OrangeHRM/input_Password_password"), "admin123"): Text 'admin123' is set on object 'Object Repository/TestTunnel3/Page_OrangeHRM/input_Password_password'

2023-07-26 16:54:44 - [MESSAGE][PASSED] - Text 'admin123' is set on object 'Object Repository/TestTunnel3/Page_OrangeHRM/input_Password_password'

2023-07-26 16:54:44 - [TEST_STEP][PASSED] - click(findTestObject("TestTunnel3/Page_OrangeHRM/button_Login")): Object: 'Object Repository/TestTunnel3/Page_OrangeHRM/button_Login' is clicked on

2023-07-26 16:54:50 - [MESSAGE][PASSED] - Object: 'Object Repository/TestTunnel3/Page_OrangeHRM/button_Login' is clicked on

2023-07-26 16:54:50 - [TEST_STEP][PASSED] - click(findTestObject("TestTunnel3/Page_OrangeHRM/span_Admin")): Object: 'Object Repository/TestTunnel3/Page_OrangeHRM/span_Admin' is clicked on

2023-07-26 16:54:58 - [MESSAGE][PASSED] - Object: 'Object Repository/TestTunnel3/Page_OrangeHRM/span_Admin' is clicked on

2023-07-26 16:54:58 - [TEST_STEP][PASSED] - click(findTestObject("TestTunnel3/Page_OrangeHRM/button_Add")): Object: 'Object Repository/TestTunnel3/Page_OrangeHRM/button_Add' is clicked on

2023-07-26 16:55:03 - [MESSAGE][PASSED] - Object: 'Object Repository/TestTunnel3/Page_OrangeHRM/button_Add' is clicked on

2023-07-26 16:55:03 - [TEST_STEP][PASSED] - delay(3): Delayed 3 second(s)

2023-07-26 16:55:06 - [MESSAGE][PASSED] - Delayed 3 second(s)

2023-07-26 16:55:06 - [TEST_STEP][PASSED] - closeBrowser(): Browser is closed

2023-07-26 16:55:09 - [MESSAGE][PASSED] - Browser is closed]]></system-out>
         <system-err><![CDATA[]]></system-err>
      </testcase>
      <system-out><![CDATA[2023-07-26 16:51:50 - [TEST_SUITE][PASSED] - testtunnel_testsuite1: Test Cases/Test Tunnel3]]></system-out>
      <system-err><![CDATA[]]></system-err>
   </testsuite>
</testsuites>
