<?xml version="1.0" encoding="UTF-8"?>
<testsuites name="OrangeHRM Time" time="44.69" tests="1" failures="0" errors="0">
   <testsuite name="OrangeHRM Time" tests="1" failures="0" errors="0" time="44.69" skipped="0" timestamp="2023-07-28 18:53:56" hostname="satyasai.samoju - INBL01LAP31245.brd.g-c-i.com" id="Test Suites/OrangeHRM Time">
      <properties>
         <property name="deviceName" value=""/>
         <property name="devicePlatform" value=""/>
         <property name="logFolder" value="C:\\Users\\satyasai.samoju\\git\\TestTunnel_Pratice_Repo\\TestTunnel_Pratice_Repo\\TestTunnel_Pratice_Repo\\TestTunnel_Pratice_Repo\\TestTunnel_Pratice_Repo\\Reports\\20230728_185344\\OrangeHRM Time\\20230728_185345"/>
         <property name="logFiles" value="C:\\Users\\satyasai.samoju\\git\\TestTunnel_Pratice_Repo\\TestTunnel_Pratice_Repo\\TestTunnel_Pratice_Repo\\TestTunnel_Pratice_Repo\\TestTunnel_Pratice_Repo\\Reports\\20230728_185344\\OrangeHRM Time\\20230728_185345\\execution0.log"/>
         <property name="attachments" value=""/>
         <property name="hostName" value="satyasai.samoju - INBL01LAP31245.brd.g-c-i.com"/>
         <property name="os" value="Windows 11 64bit"/>
         <property name="katalonVersion" value="8.6.5.208"/>
         <property name="browser" value="Chrome 115.0.0.0"/>
         <property name="hostAddress" value="192.168.1.9"/>
         <property name="sessionId" value="3f724bd255c30ded9c0df566db2a0825"/>
         <property name="seleniumVersion" value="3.141.59"/>
         <property name="proxyInformation" value="ProxyInformation { proxyOption=NO_PROXY, proxyServerType=HTTP, username=, password=********, proxyServerAddress=, proxyServerPort=0, executionList=&quot;&quot;, isApplyToDesiredCapabilities=true }"/>
         <property name="platform" value="Windows 11"/>
      </properties>
      <testcase name="Test Cases/Orange HRM Time" time="44.43" classname="Test Cases/Orange HRM Time" status="PASSED">
         <system-out><![CDATA[2023-07-28 18:53:56 - [TEST_CASE][PASSED] - Test Cases/Orange HRM Time: Test Cases/Orange HRM Time

2023-07-28 18:53:57 - [TEST_STEP][PASSED] - callTestCase(findTestCase("Orange HRM LogIN"), [:], STOP_ON_FAILURE): Call Test Case 'Test Cases/Orange HRM LogIN' successfully

2023-07-28 18:53:57 - [TEST_CASE][PASSED] - Test Cases/Orange HRM LogIN: Test Cases/Orange HRM LogIN

2023-07-28 18:53:57 - [TEST_STEP][PASSED] - openBrowser(""): Browser is opened with url: ''

2023-07-28 18:53:58 - [MESSAGE][INFO] - Starting 'Chrome' driver

2023-07-28 18:53:58 - [MESSAGE][INFO] - Action delay is set to 0 milliseconds

2023-07-28 18:54:01 - [MESSAGE][PASSED] - Browser is opened with url: ''

2023-07-28 18:54:01 - [TEST_STEP][PASSED] - maximizeWindow(): Current window maximized

2023-07-28 18:54:01 - [MESSAGE][PASSED] - Current window maximized

2023-07-28 18:54:01 - [TEST_STEP][PASSED] - delay(3): Delayed 3 second(s)

2023-07-28 18:54:04 - [MESSAGE][PASSED] - Delayed 3 second(s)

2023-07-28 18:54:04 - [TEST_STEP][PASSED] - navigateToUrl("https://opensource-demo.orangehrmlive.com/web/index.php/auth/login"): Navigate to 'https://opensource-demo.orangehrmlive.com/web/index.php/auth/login' successfully

2023-07-28 18:54:30 - [MESSAGE][PASSED] - Navigate to 'https://opensource-demo.orangehrmlive.com/web/index.php/auth/login' successfully

2023-07-28 18:54:30 - [TEST_STEP][PASSED] - setText(findTestObject("Object Repository/OragngeHrm LOGIN/Page_OrangeHRM/input_Username_username"), "Admin"): Text 'Admin' is set on object 'Object Repository/OragngeHrm LOGIN/Page_OrangeHRM/input_Username_username'

2023-07-28 18:54:33 - [MESSAGE][PASSED] - Text 'Admin' is set on object 'Object Repository/OragngeHrm LOGIN/Page_OrangeHRM/input_Username_username'

2023-07-28 18:54:33 - [TEST_STEP][PASSED] - setEncryptedText(findTestObject("Object Repository/OragngeHrm LOGIN/Page_OrangeHRM/input_Password_password"), "hUKwJTbofgPU9eVlw/CnDQ=="): Text ****** has been set on object 'Object Repository/OragngeHrm LOGIN/Page_OrangeHRM/input_Password_password'

2023-07-28 18:54:34 - [MESSAGE][PASSED] - Text ****** has been set on object 'Object Repository/OragngeHrm LOGIN/Page_OrangeHRM/input_Password_password'

2023-07-28 18:54:34 - [TEST_STEP][PASSED] - click(findTestObject("Object Repository/OragngeHrm LOGIN/Page_OrangeHRM/button_Login")): Object: 'Object Repository/OragngeHrm LOGIN/Page_OrangeHRM/button_Login' is clicked on

2023-07-28 18:54:36 - [MESSAGE][PASSED] - Object: 'Object Repository/OragngeHrm LOGIN/Page_OrangeHRM/button_Login' is clicked on

2023-07-28 18:54:36 - [MESSAGE][PASSED] - Call Test Case 'Test Cases/Orange HRM LogIN' successfully

2023-07-28 18:54:36 - [TEST_STEP][PASSED] - click(findTestObject("Object Repository/Orange HRM Time/Page_OrangeHRM/a_Time")): Object: 'Object Repository/Orange HRM Time/Page_OrangeHRM/a_Time' is clicked on

2023-07-28 18:54:40 - [MESSAGE][PASSED] - Object: 'Object Repository/Orange HRM Time/Page_OrangeHRM/a_Time' is clicked on

2023-07-28 18:54:40 - [TEST_STEP][PASSED] - closeBrowser(): Browser is closed

2023-07-28 18:54:41 - [MESSAGE][PASSED] - Browser is closed]]></system-out>
         <system-err><![CDATA[]]></system-err>
      </testcase>
      <system-out><![CDATA[2023-07-28 18:53:56 - [TEST_SUITE][PASSED] - OrangeHRM Time: Test Cases/Orange HRM Time]]></system-out>
      <system-err><![CDATA[]]></system-err>
   </testsuite>
</testsuites>
