<?xml version="1.0" encoding="UTF-8"?>
<testsuites name="OrangeHRM_Login n Login PIM TS_Collection" time="86.402" tests="1" failures="0" errors="0">
   <testsuite name="OrangeHRM LOGin PIM Report" tests="1" failures="0" errors="0" time="68.101" skipped="0" timestamp="2023-07-28 18:39:52" hostname="satyasai.samoju - INBL01LAP31245.brd.g-c-i.com" id="Test Suites/OrangeHRM LOGin PIM Report">
      <properties>
         <property name="deviceName" value=""/>
         <property name="devicePlatform" value=""/>
         <property name="logFolder" value="C:\\Users\\satyasai.samoju\\git\\TestTunnel_Pratice_Repo\\TestTunnel_Pratice_Repo\\TestTunnel_Pratice_Repo\\TestTunnel_Pratice_Repo\\TestTunnel_Pratice_Repo\\Reports\\20230728_183941\\OrangeHRM LOGin PIM Report\\20230728_183942"/>
         <property name="logFiles" value="C:\\Users\\satyasai.samoju\\git\\TestTunnel_Pratice_Repo\\TestTunnel_Pratice_Repo\\TestTunnel_Pratice_Repo\\TestTunnel_Pratice_Repo\\TestTunnel_Pratice_Repo\\Reports\\20230728_183941\\OrangeHRM LOGin PIM Report\\20230728_183942\\execution0.log"/>
         <property name="attachments" value=""/>
         <property name="hostName" value="satyasai.samoju - INBL01LAP31245.brd.g-c-i.com"/>
         <property name="os" value="Windows 11 64bit"/>
         <property name="katalonVersion" value="8.6.5.208"/>
         <property name="browser" value="Chrome 115.0.0.0"/>
         <property name="hostAddress" value="192.168.1.9"/>
         <property name="sessionId" value="e6add725d4cc2b8812284c5621387f46"/>
         <property name="seleniumVersion" value="3.141.59"/>
         <property name="proxyInformation" value="ProxyInformation { proxyOption=NO_PROXY, proxyServerType=HTTP, username=, password=********, proxyServerAddress=, proxyServerPort=0, executionList=&quot;&quot;, isApplyToDesiredCapabilities=true }"/>
         <property name="platform" value="Windows 11"/>
      </properties>
      <testcase name="Test Cases/Orange HRM PIM report" time="67.854" classname="Test Cases/Orange HRM PIM report" status="PASSED">
         <system-out><![CDATA[2023-07-28 18:39:52 - [TEST_CASE][PASSED] - Test Cases/Orange HRM PIM report: Test Cases/Orange HRM PIM report

2023-07-28 18:39:53 - [TEST_STEP][PASSED] - callTestCase(findTestCase("Orange HRM LogIN"), [:], STOP_ON_FAILURE): Call Test Case 'Test Cases/Orange HRM LogIN' successfully

2023-07-28 18:39:53 - [TEST_CASE][PASSED] - Test Cases/Orange HRM LogIN: Test Cases/Orange HRM LogIN

2023-07-28 18:39:53 - [TEST_STEP][PASSED] - openBrowser(""): Browser is opened with url: ''

2023-07-28 18:39:53 - [MESSAGE][INFO] - Starting 'Chrome' driver

2023-07-28 18:39:53 - [MESSAGE][INFO] - Action delay is set to 0 milliseconds

2023-07-28 18:39:57 - [MESSAGE][PASSED] - Browser is opened with url: ''

2023-07-28 18:39:57 - [TEST_STEP][PASSED] - maximizeWindow(): Current window maximized

2023-07-28 18:39:57 - [MESSAGE][PASSED] - Current window maximized

2023-07-28 18:39:57 - [TEST_STEP][PASSED] - delay(3): Delayed 3 second(s)

2023-07-28 18:40:00 - [MESSAGE][PASSED] - Delayed 3 second(s)

2023-07-28 18:40:00 - [TEST_STEP][PASSED] - navigateToUrl("https://opensource-demo.orangehrmlive.com/web/index.php/auth/login"): Navigate to 'https://opensource-demo.orangehrmlive.com/web/index.php/auth/login' successfully

2023-07-28 18:40:10 - [MESSAGE][PASSED] - Navigate to 'https://opensource-demo.orangehrmlive.com/web/index.php/auth/login' successfully

2023-07-28 18:40:10 - [TEST_STEP][PASSED] - setText(findTestObject("Object Repository/OragngeHrm LOGIN/Page_OrangeHRM/input_Username_username"), "Admin"): Text 'Admin' is set on object 'Object Repository/OragngeHrm LOGIN/Page_OrangeHRM/input_Username_username'

2023-07-28 18:40:12 - [MESSAGE][PASSED] - Text 'Admin' is set on object 'Object Repository/OragngeHrm LOGIN/Page_OrangeHRM/input_Username_username'

2023-07-28 18:40:12 - [TEST_STEP][PASSED] - setEncryptedText(findTestObject("Object Repository/OragngeHrm LOGIN/Page_OrangeHRM/input_Password_password"), "hUKwJTbofgPU9eVlw/CnDQ=="): Text ****** has been set on object 'Object Repository/OragngeHrm LOGIN/Page_OrangeHRM/input_Password_password'

2023-07-28 18:40:13 - [MESSAGE][PASSED] - Text ****** has been set on object 'Object Repository/OragngeHrm LOGIN/Page_OrangeHRM/input_Password_password'

2023-07-28 18:40:13 - [TEST_STEP][PASSED] - click(findTestObject("Object Repository/OragngeHrm LOGIN/Page_OrangeHRM/button_Login")): Object: 'Object Repository/OragngeHrm LOGIN/Page_OrangeHRM/button_Login' is clicked on

2023-07-28 18:40:13 - [MESSAGE][PASSED] - Object: 'Object Repository/OragngeHrm LOGIN/Page_OrangeHRM/button_Login' is clicked on

2023-07-28 18:40:13 - [MESSAGE][PASSED] - Call Test Case 'Test Cases/Orange HRM LogIN' successfully

2023-07-28 18:40:13 - [TEST_STEP][PASSED] - click(findTestObject("Object Repository/Orange HRM PIM Report/Page_OrangeHRM/a_PIM")): Object: 'Object Repository/Orange HRM PIM Report/Page_OrangeHRM/a_PIM' is clicked on

2023-07-28 18:40:19 - [MESSAGE][PASSED] - Object: 'Object Repository/Orange HRM PIM Report/Page_OrangeHRM/a_PIM' is clicked on

2023-07-28 18:40:19 - [TEST_STEP][PASSED] - click(findTestObject("Object Repository/Orange HRM PIM Report/Page_OrangeHRM/li_Reports")): Object: 'Object Repository/Orange HRM PIM Report/Page_OrangeHRM/li_Reports' is clicked on

2023-07-28 18:40:22 - [MESSAGE][PASSED] - Object: 'Object Repository/Orange HRM PIM Report/Page_OrangeHRM/li_Reports' is clicked on

2023-07-28 18:40:22 - [TEST_STEP][PASSED] - setText(findTestObject("Object Repository/Orange HRM PIM Report/Page_OrangeHRM/input"), "satyasai"): Text 'satyasai' is set on object 'Object Repository/Orange HRM PIM Report/Page_OrangeHRM/input'

2023-07-28 18:40:24 - [MESSAGE][PASSED] - Text 'satyasai' is set on object 'Object Repository/Orange HRM PIM Report/Page_OrangeHRM/input'

2023-07-28 18:40:24 - [TEST_STEP][PASSED] - click(findTestObject("Object Repository/Orange HRM PIM Report/Page_OrangeHRM/button_Search")): Object: 'Object Repository/Orange HRM PIM Report/Page_OrangeHRM/button_Search' is clicked on

2023-07-28 18:40:25 - [MESSAGE][PASSED] - Object: 'Object Repository/Orange HRM PIM Report/Page_OrangeHRM/button_Search' is clicked on

2023-07-28 18:40:25 - [TEST_STEP][PASSED] - click(findTestObject("Object Repository/Orange HRM PIM Report/Page_OrangeHRM/i_Actions_oxd-icon bi-check oxd-checkbox-in_fe61ad")): Object: 'Object Repository/Orange HRM PIM Report/Page_OrangeHRM/i_Actions_oxd-icon bi-check oxd-checkbox-in_fe61ad' is clicked on

2023-07-28 18:40:25 - [MESSAGE][PASSED] - Object: 'Object Repository/Orange HRM PIM Report/Page_OrangeHRM/i_Actions_oxd-icon bi-check oxd-checkbox-in_fe61ad' is clicked on

2023-07-28 18:40:25 - [TEST_STEP][PASSED] - click(findTestObject("Object Repository/Orange HRM PIM Report/Page_OrangeHRM/i_All Employee Sub Unit Hierarchy Report_ox_1ff162")): Object: 'Object Repository/Orange HRM PIM Report/Page_OrangeHRM/i_All Employee Sub Unit Hierarchy Report_ox_1ff162' is clicked on

2023-07-28 18:40:27 - [MESSAGE][PASSED] - Object: 'Object Repository/Orange HRM PIM Report/Page_OrangeHRM/i_All Employee Sub Unit Hierarchy Report_ox_1ff162' is clicked on

2023-07-28 18:40:27 - [TEST_STEP][PASSED] - click(findTestObject("Object Repository/Orange HRM PIM Report/Page_OrangeHRM/i_Location_oxd-icon bi-x --clear")): Object: 'Object Repository/Orange HRM PIM Report/Page_OrangeHRM/i_Location_oxd-icon bi-x --clear' is clicked on

2023-07-28 18:40:58 - [MESSAGE][INFO] - Unable to find the element located by 'By.xpath: //div[@id='app']/div/div[2]/div[2]/div/div/form/div[3]/div/div[7]/div/span[3]/i'. Please recheck the objects properties to make sure the desired element is located. 

2023-07-28 18:40:58 - [MESSAGE][WARNING] - [SELF-HEALING] Failed to find element with id 'Object Repository/Orange HRM PIM Report/Page_OrangeHRM/i_Location_oxd-icon bi-x --clear'. Try using Self-healing.

2023-07-28 18:40:58 - [MESSAGE][WARNING] - [SELF-HEALING] The current locator of test object 'Object Repository/Orange HRM PIM Report/Page_OrangeHRM/i_Location_oxd-icon bi-x --clear' was broken. Propose an alternative one: 'id("app")/div[@class="oxd-layout"]/div[@class="oxd-layout-container"]/div[@class="oxd-layout-context"]/div[@class="orangehrm-background-container"]/div[@class="orangehrm-card-container"]/form[@class="oxd-form"]/div[@class="oxd-form-row"]/div[@class="oxd-grid-4 orangehrm-full-width-grid"]/div[@class="oxd-grid-item oxd-grid-item--gutters"]/div[@class="oxd-multiselect-chips-area"]/span[@class="oxd-chip oxd-chip--default oxd-multiselect-chips-selected"]/i[@class="oxd-icon bi-x --clear"]'.

2023-07-28 18:40:58 - [MESSAGE][PASSED] - Object: 'Object Repository/Orange HRM PIM Report/Page_OrangeHRM/i_Location_oxd-icon bi-x --clear' is clicked on

2023-07-28 18:40:58 - [TEST_STEP][PASSED] - click(findTestObject("Object Repository/Orange HRM PIM Report/Page_OrangeHRM/button_Save")): Object: 'Object Repository/Orange HRM PIM Report/Page_OrangeHRM/button_Save' is clicked on

2023-07-28 18:40:59 - [MESSAGE][PASSED] - Object: 'Object Repository/Orange HRM PIM Report/Page_OrangeHRM/button_Save' is clicked on

2023-07-28 18:40:59 - [TEST_STEP][PASSED] - closeBrowser(): Browser is closed

2023-07-28 18:41:00 - [MESSAGE][PASSED] - Browser is closed]]></system-out>
         <system-err><![CDATA[]]></system-err>
      </testcase>
      <system-out><![CDATA[2023-07-28 18:39:52 - [TEST_SUITE][PASSED] - OrangeHRM LOGin PIM Report: Test Cases/Orange HRM PIM report]]></system-out>
      <system-err><![CDATA[]]></system-err>
   </testsuite>
</testsuites>
