<?xml version="1.0" encoding="UTF-8"?>
<testsuites name="Test Suite1718" time="68.632" tests="2" failures="0" errors="0">
   <testsuite name="Test Suite1718" tests="2" failures="0" errors="0" time="68.632" skipped="0" timestamp="2023-07-31 13:01:36" hostname="satyasai.samoju - INBL01LAP31245.brd.g-c-i.com" id="Test Suites/Test Suite1718">
      <properties>
         <property name="deviceName" value=""/>
         <property name="devicePlatform" value=""/>
         <property name="logFolder" value="C:\\Users\\satyasai.samoju\\git\\TestTunnel_Pratice_Repo\\TestTunnel_Pratice_Repo\\TestTunnel_Pratice_Repo\\TestTunnel_Pratice_Repo\\TestTunnel_Pratice_Repo\\Reports\\20230731_130122\\Test Suite1718\\20230731_130122"/>
         <property name="logFiles" value="C:\\Users\\satyasai.samoju\\git\\TestTunnel_Pratice_Repo\\TestTunnel_Pratice_Repo\\TestTunnel_Pratice_Repo\\TestTunnel_Pratice_Repo\\TestTunnel_Pratice_Repo\\Reports\\20230731_130122\\Test Suite1718\\20230731_130122\\execution0.log"/>
         <property name="attachments" value=""/>
         <property name="hostName" value="satyasai.samoju - INBL01LAP31245.brd.g-c-i.com"/>
         <property name="os" value="Windows 11 64bit"/>
         <property name="katalonVersion" value="8.6.5.208"/>
         <property name="browser" value="Chrome 115.0.0.0"/>
         <property name="hostAddress" value="192.168.1.7"/>
         <property name="sessionId" value="fdb0e9b189f8da319d641d2feba11d78"/>
         <property name="seleniumVersion" value="3.141.59"/>
         <property name="proxyInformation" value="ProxyInformation { proxyOption=NO_PROXY, proxyServerType=HTTP, username=, password=********, proxyServerAddress=, proxyServerPort=0, executionList=&quot;&quot;, isApplyToDesiredCapabilities=true }"/>
         <property name="platform" value="Windows 11"/>
      </properties>
      <testcase name="Test Cases/OrangeHRM" time="41.749" classname="Test Cases/OrangeHRM" status="PASSED">
         <system-out><![CDATA[2023-07-31 13:01:37 - [TEST_CASE][PASSED] - Test Cases/OrangeHRM: Test Cases/OrangeHRM

2023-07-31 13:01:38 - [TEST_STEP][PASSED] - openBrowser(""): Browser is opened with url: ''

2023-07-31 13:01:38 - [MESSAGE][INFO] - Starting 'Chrome' driver

2023-07-31 13:01:38 - [MESSAGE][INFO] - Action delay is set to 0 milliseconds

2023-07-31 13:01:43 - [MESSAGE][PASSED] - Browser is opened with url: ''

2023-07-31 13:01:43 - [TEST_STEP][PASSED] - navigateToUrl("https://opensource-demo.orangehrmlive.com/web/index.php/auth/login"): Navigate to 'https://opensource-demo.orangehrmlive.com/web/index.php/auth/login' successfully

2023-07-31 13:01:59 - [MESSAGE][PASSED] - Navigate to 'https://opensource-demo.orangehrmlive.com/web/index.php/auth/login' successfully

2023-07-31 13:01:59 - [TEST_STEP][PASSED] - maximizeWindow(): Current window maximized

2023-07-31 13:02:00 - [MESSAGE][PASSED] - Current window maximized

2023-07-31 13:02:00 - [TEST_STEP][PASSED] - setText(findTestObject("Object Repository/Orange_HRM_VerifyText/Page_OrangeHRM/input_Username_username"), "Admin"): Text 'Admin' is set on object 'Object Repository/Orange_HRM_VerifyText/Page_OrangeHRM/input_Username_username'

2023-07-31 13:02:02 - [MESSAGE][PASSED] - Text 'Admin' is set on object 'Object Repository/Orange_HRM_VerifyText/Page_OrangeHRM/input_Username_username'

2023-07-31 13:02:02 - [TEST_STEP][PASSED] - setEncryptedText(findTestObject("Object Repository/Orange_HRM_VerifyText/Page_OrangeHRM/input_Password_password"), "hUKwJTbofgPU9eVlw/CnDQ=="): Text ****** has been set on object 'Object Repository/Orange_HRM_VerifyText/Page_OrangeHRM/input_Password_password'

2023-07-31 13:02:03 - [MESSAGE][PASSED] - Text ****** has been set on object 'Object Repository/Orange_HRM_VerifyText/Page_OrangeHRM/input_Password_password'

2023-07-31 13:02:03 - [TEST_STEP][PASSED] - click(findTestObject("Object Repository/Orange_HRM_VerifyText/Page_OrangeHRM/button_Login")): Object: 'Object Repository/Orange_HRM_VerifyText/Page_OrangeHRM/button_Login' is clicked on

2023-07-31 13:02:05 - [MESSAGE][PASSED] - Object: 'Object Repository/Orange_HRM_VerifyText/Page_OrangeHRM/button_Login' is clicked on

2023-07-31 13:02:05 - [TEST_STEP][PASSED] - click(findTestObject("Object Repository/Orange_HRM_VerifyText/Page_OrangeHRM/a_Admin")): Object: 'Object Repository/Orange_HRM_VerifyText/Page_OrangeHRM/a_Admin' is clicked on

2023-07-31 13:02:10 - [MESSAGE][PASSED] - Object: 'Object Repository/Orange_HRM_VerifyText/Page_OrangeHRM/a_Admin' is clicked on

2023-07-31 13:02:10 - [TEST_STEP][PASSED] - setText(findTestObject("Object Repository/Orange_HRM_VerifyText/Page_OrangeHRM/input_Username_oxd-input oxd-input--focus"), "satyasaee"): Text 'satyasaee' is set on object 'Object Repository/Orange_HRM_VerifyText/Page_OrangeHRM/input_Username_oxd-input oxd-input--focus'

2023-07-31 13:02:12 - [MESSAGE][PASSED] - Text 'satyasaee' is set on object 'Object Repository/Orange_HRM_VerifyText/Page_OrangeHRM/input_Username_oxd-input oxd-input--focus'

2023-07-31 13:02:12 - [TEST_STEP][PASSED] - click(findTestObject("Object Repository/Orange_HRM_VerifyText/Page_OrangeHRM/button_Search")): Object: 'Object Repository/Orange_HRM_VerifyText/Page_OrangeHRM/button_Search' is clicked on

2023-07-31 13:02:13 - [MESSAGE][PASSED] - Object: 'Object Repository/Orange_HRM_VerifyText/Page_OrangeHRM/button_Search' is clicked on

2023-07-31 13:02:13 - [TEST_STEP][PASSED] - text = verifyElementText(findTestObject("Object Repository/Orange_HRM_VerifyText/Page_OrangeHRM/span_No Records Found"), "No Records Found"): Actual text and expected text of test object 'Object Repository/Orange_HRM_VerifyText/Page_OrangeHRM/span_No Records Found' are matched.

2023-07-31 13:02:14 - [MESSAGE][PASSED] - Actual text and expected text of test object 'Object Repository/Orange_HRM_VerifyText/Page_OrangeHRM/span_No Records Found' are matched.

2023-07-31 13:02:14 - [TEST_STEP][PASSED] - delay(3): Delayed 3 second(s)

2023-07-31 13:02:17 - [MESSAGE][PASSED] - Delayed 3 second(s)

2023-07-31 13:02:17 - [TEST_STEP][PASSED] - closeBrowser(): Browser is closed

2023-07-31 13:02:19 - [MESSAGE][PASSED] - Browser is closed]]></system-out>
         <system-err><![CDATA[]]></system-err>
      </testcase>
      <testcase name="Test Cases/Test Tunnel3" time="26.33" classname="Test Cases/Test Tunnel3" status="PASSED">
         <system-out><![CDATA[2023-07-31 13:02:19 - [TEST_CASE][PASSED] - Test Cases/Test Tunnel3: Test Cases/Test Tunnel3

2023-07-31 13:02:20 - [TEST_STEP][PASSED] - openBrowser(""): Browser is opened with url: ''

2023-07-31 13:02:20 - [MESSAGE][INFO] - Starting 'Chrome' driver

2023-07-31 13:02:20 - [MESSAGE][INFO] - Action delay is set to 0 milliseconds

2023-07-31 13:02:24 - [MESSAGE][PASSED] - Browser is opened with url: ''

2023-07-31 13:02:24 - [TEST_STEP][PASSED] - maximizeWindow(): Current window maximized

2023-07-31 13:02:24 - [MESSAGE][PASSED] - Current window maximized

2023-07-31 13:02:24 - [TEST_STEP][PASSED] - navigateToUrl("https://opensource-demo.orangehrmlive.com/web/index.php/auth/login"): Navigate to 'https://opensource-demo.orangehrmlive.com/web/index.php/auth/login' successfully

2023-07-31 13:02:29 - [MESSAGE][PASSED] - Navigate to 'https://opensource-demo.orangehrmlive.com/web/index.php/auth/login' successfully

2023-07-31 13:02:29 - [TEST_STEP][PASSED] - setText(findTestObject("TestTunnel3/Page_OrangeHRM/input_Username_username"), "Admin"): Text 'Admin' is set on object 'Object Repository/TestTunnel3/Page_OrangeHRM/input_Username_username'

2023-07-31 13:02:31 - [MESSAGE][PASSED] - Text 'Admin' is set on object 'Object Repository/TestTunnel3/Page_OrangeHRM/input_Username_username'

2023-07-31 13:02:31 - [TEST_STEP][PASSED] - setText(findTestObject("TestTunnel3/Page_OrangeHRM/input_Password_password"), "admin123"): Text 'admin123' is set on object 'Object Repository/TestTunnel3/Page_OrangeHRM/input_Password_password'

2023-07-31 13:02:32 - [MESSAGE][PASSED] - Text 'admin123' is set on object 'Object Repository/TestTunnel3/Page_OrangeHRM/input_Password_password'

2023-07-31 13:02:32 - [TEST_STEP][PASSED] - click(findTestObject("TestTunnel3/Page_OrangeHRM/button_Login")): Object: 'Object Repository/TestTunnel3/Page_OrangeHRM/button_Login' is clicked on

2023-07-31 13:02:34 - [MESSAGE][PASSED] - Object: 'Object Repository/TestTunnel3/Page_OrangeHRM/button_Login' is clicked on

2023-07-31 13:02:34 - [TEST_STEP][PASSED] - click(findTestObject("TestTunnel3/Page_OrangeHRM/span_Admin")): Object: 'Object Repository/TestTunnel3/Page_OrangeHRM/span_Admin' is clicked on

2023-07-31 13:02:38 - [MESSAGE][PASSED] - Object: 'Object Repository/TestTunnel3/Page_OrangeHRM/span_Admin' is clicked on

2023-07-31 13:02:38 - [TEST_STEP][PASSED] - click(findTestObject("TestTunnel3/Page_OrangeHRM/button_Add")): Object: 'Object Repository/TestTunnel3/Page_OrangeHRM/button_Add' is clicked on

2023-07-31 13:02:41 - [MESSAGE][PASSED] - Object: 'Object Repository/TestTunnel3/Page_OrangeHRM/button_Add' is clicked on

2023-07-31 13:02:41 - [TEST_STEP][PASSED] - delay(3): Delayed 3 second(s)

2023-07-31 13:02:44 - [MESSAGE][PASSED] - Delayed 3 second(s)

2023-07-31 13:02:44 - [TEST_STEP][PASSED] - closeBrowser(): Browser is closed

2023-07-31 13:02:45 - [MESSAGE][PASSED] - Browser is closed]]></system-out>
         <system-err><![CDATA[]]></system-err>
      </testcase>
      <system-out><![CDATA[2023-07-31 13:01:36 - [TEST_SUITE][PASSED] - Test Suite1718: Test Cases/Test Tunnel3]]></system-out>
      <system-err><![CDATA[]]></system-err>
   </testsuite>
</testsuites>
