<?xml version="1.0" encoding="UTF-8"?>
<testsuites name="OrangeHRM Suite" time="63.944" tests="1" failures="0" errors="0">
   <testsuite name="OrangeHRM Suite" tests="1" failures="0" errors="0" time="63.944" skipped="0" timestamp="2023-07-27 13:06:17" hostname="satyasai.samoju - INBL01LAP31245.brd.g-c-i.com" id="Test Suites/OrangeHRM Suite">
      <properties>
         <property name="deviceName" value=""/>
         <property name="devicePlatform" value=""/>
         <property name="logFolder" value="C:\\Users\\satyasai.samoju\\git\\TestTunnel_Pratice_Repo\\Reports\\20230727_130602\\OrangeHRM Suite\\20230727_130602"/>
         <property name="logFiles" value="C:\\Users\\satyasai.samoju\\git\\TestTunnel_Pratice_Repo\\Reports\\20230727_130602\\OrangeHRM Suite\\20230727_130602\\execution0.log"/>
         <property name="attachments" value=""/>
         <property name="hostName" value="satyasai.samoju - INBL01LAP31245.brd.g-c-i.com"/>
         <property name="os" value="Windows 11 64bit"/>
         <property name="katalonVersion" value="8.6.5.208"/>
         <property name="browser" value="Chrome 115.0.0.0"/>
         <property name="hostAddress" value="192.168.1.5"/>
         <property name="sessionId" value="d0dd21d1db0267008f8b7550ffe1d291"/>
         <property name="seleniumVersion" value="3.141.59"/>
         <property name="proxyInformation" value="ProxyInformation { proxyOption=NO_PROXY, proxyServerType=HTTP, username=, password=********, proxyServerAddress=, proxyServerPort=0, executionList=&quot;&quot;, isApplyToDesiredCapabilities=true }"/>
         <property name="platform" value="Windows 11"/>
      </properties>
      <testcase name="Test Cases/OrangeHRM" time="63.454" classname="Test Cases/OrangeHRM" status="PASSED">
         <system-out><![CDATA[2023-07-27 13:06:18 - [TEST_CASE][PASSED] - Test Cases/OrangeHRM: Test Cases/OrangeHRM

2023-07-27 13:06:19 - [TEST_STEP][PASSED] - openBrowser(""): Browser is opened with url: ''

2023-07-27 13:06:19 - [MESSAGE][INFO] - Starting 'Chrome' driver

2023-07-27 13:06:19 - [MESSAGE][INFO] - Action delay is set to 0 milliseconds

2023-07-27 13:06:25 - [MESSAGE][PASSED] - Browser is opened with url: ''

2023-07-27 13:06:25 - [TEST_STEP][PASSED] - navigateToUrl("https://opensource-demo.orangehrmlive.com/web/index.php/auth/login"): Navigate to 'https://opensource-demo.orangehrmlive.com/web/index.php/auth/login' successfully

2023-07-27 13:06:59 - [MESSAGE][PASSED] - Navigate to 'https://opensource-demo.orangehrmlive.com/web/index.php/auth/login' successfully

2023-07-27 13:06:59 - [TEST_STEP][PASSED] - maximizeWindow(): Current window maximized

2023-07-27 13:06:59 - [MESSAGE][PASSED] - Current window maximized

2023-07-27 13:06:59 - [TEST_STEP][PASSED] - setText(findTestObject("Object Repository/Orange_HRM_VerifyText/Page_OrangeHRM/input_Username_username"), "Admin"): Text 'Admin' is set on object 'Object Repository/Orange_HRM_VerifyText/Page_OrangeHRM/input_Username_username'

2023-07-27 13:07:01 - [MESSAGE][PASSED] - Text 'Admin' is set on object 'Object Repository/Orange_HRM_VerifyText/Page_OrangeHRM/input_Username_username'

2023-07-27 13:07:01 - [TEST_STEP][PASSED] - setEncryptedText(findTestObject("Object Repository/Orange_HRM_VerifyText/Page_OrangeHRM/input_Password_password"), "hUKwJTbofgPU9eVlw/CnDQ=="): Text ****** has been set on object 'Object Repository/Orange_HRM_VerifyText/Page_OrangeHRM/input_Password_password'

2023-07-27 13:07:02 - [MESSAGE][PASSED] - Text ****** has been set on object 'Object Repository/Orange_HRM_VerifyText/Page_OrangeHRM/input_Password_password'

2023-07-27 13:07:02 - [TEST_STEP][PASSED] - click(findTestObject("Object Repository/Orange_HRM_VerifyText/Page_OrangeHRM/button_Login")): Object: 'Object Repository/Orange_HRM_VerifyText/Page_OrangeHRM/button_Login' is clicked on

2023-07-27 13:07:06 - [MESSAGE][PASSED] - Object: 'Object Repository/Orange_HRM_VerifyText/Page_OrangeHRM/button_Login' is clicked on

2023-07-27 13:07:06 - [TEST_STEP][PASSED] - click(findTestObject("Object Repository/Orange_HRM_VerifyText/Page_OrangeHRM/a_Admin")): Object: 'Object Repository/Orange_HRM_VerifyText/Page_OrangeHRM/a_Admin' is clicked on

2023-07-27 13:07:12 - [MESSAGE][PASSED] - Object: 'Object Repository/Orange_HRM_VerifyText/Page_OrangeHRM/a_Admin' is clicked on

2023-07-27 13:07:12 - [TEST_STEP][PASSED] - setText(findTestObject("Object Repository/Orange_HRM_VerifyText/Page_OrangeHRM/input_Username_oxd-input oxd-input--focus"), "satyasaee"): Text 'satyasaee' is set on object 'Object Repository/Orange_HRM_VerifyText/Page_OrangeHRM/input_Username_oxd-input oxd-input--focus'

2023-07-27 13:07:15 - [MESSAGE][PASSED] - Text 'satyasaee' is set on object 'Object Repository/Orange_HRM_VerifyText/Page_OrangeHRM/input_Username_oxd-input oxd-input--focus'

2023-07-27 13:07:15 - [TEST_STEP][PASSED] - click(findTestObject("Object Repository/Orange_HRM_VerifyText/Page_OrangeHRM/button_Search")): Object: 'Object Repository/Orange_HRM_VerifyText/Page_OrangeHRM/button_Search' is clicked on

2023-07-27 13:07:16 - [MESSAGE][PASSED] - Object: 'Object Repository/Orange_HRM_VerifyText/Page_OrangeHRM/button_Search' is clicked on

2023-07-27 13:07:16 - [TEST_STEP][PASSED] - text = verifyElementText(findTestObject("Object Repository/Orange_HRM_VerifyText/Page_OrangeHRM/span_No Records Found"), "No Records Found"): Actual text and expected text of test object 'Object Repository/Orange_HRM_VerifyText/Page_OrangeHRM/span_No Records Found' are matched.

2023-07-27 13:07:17 - [MESSAGE][PASSED] - Actual text and expected text of test object 'Object Repository/Orange_HRM_VerifyText/Page_OrangeHRM/span_No Records Found' are matched.

2023-07-27 13:07:17 - [TEST_STEP][PASSED] - delay(3): Delayed 3 second(s)

2023-07-27 13:07:20 - [MESSAGE][PASSED] - Delayed 3 second(s)

2023-07-27 13:07:20 - [TEST_STEP][PASSED] - closeBrowser(): Browser is closed

2023-07-27 13:07:21 - [MESSAGE][PASSED] - Browser is closed]]></system-out>
         <system-err><![CDATA[]]></system-err>
      </testcase>
      <system-out><![CDATA[2023-07-27 13:06:17 - [TEST_SUITE][PASSED] - OrangeHRM Suite: Test Cases/OrangeHRM]]></system-out>
      <system-err><![CDATA[]]></system-err>
   </testsuite>
</testsuites>
