<?xml version="1.0" encoding="UTF-8"?>
<testsuites name="Medi_Change_Fecility_TestSuite" time="48.782" tests="1" failures="0" errors="0">
   <testsuite name="Medi_Change_Fecility_TestSuite" tests="1" failures="0" errors="0" time="48.782" skipped="0" timestamp="2023-07-28 20:01:35" hostname="satyasai.samoju - INBL01LAP31245.brd.g-c-i.com" id="Test Suites/Medi_Change_Fecility_TestSuite">
      <properties>
         <property name="deviceName" value=""/>
         <property name="devicePlatform" value=""/>
         <property name="logFolder" value="C:\\Users\\satyasai.samoju\\git\\TestTunnel_Pratice_Repo\\TestTunnel_Pratice_Repo\\TestTunnel_Pratice_Repo\\TestTunnel_Pratice_Repo\\TestTunnel_Pratice_Repo\\Reports\\20230728_200108\\Medi_Change_Fecility_TestSuite\\20230728_200111"/>
         <property name="logFiles" value="C:\\Users\\satyasai.samoju\\git\\TestTunnel_Pratice_Repo\\TestTunnel_Pratice_Repo\\TestTunnel_Pratice_Repo\\TestTunnel_Pratice_Repo\\TestTunnel_Pratice_Repo\\Reports\\20230728_200108\\Medi_Change_Fecility_TestSuite\\20230728_200111\\execution0.log"/>
         <property name="attachments" value=""/>
         <property name="hostName" value="satyasai.samoju - INBL01LAP31245.brd.g-c-i.com"/>
         <property name="os" value="Windows 11 64bit"/>
         <property name="katalonVersion" value="8.6.5.208"/>
         <property name="browser" value="Chrome 115.0.0.0"/>
         <property name="hostAddress" value="192.168.1.9"/>
         <property name="sessionId" value="1571261a38bd385790ef810cee4f7545"/>
         <property name="seleniumVersion" value="3.141.59"/>
         <property name="proxyInformation" value="ProxyInformation { proxyOption=NO_PROXY, proxyServerType=HTTP, username=, password=********, proxyServerAddress=, proxyServerPort=0, executionList=&quot;&quot;, isApplyToDesiredCapabilities=true }"/>
         <property name="platform" value="Windows 11"/>
      </properties>
      <testcase name="Test Cases/Medical_Change_Fecility" time="48.25" classname="Test Cases/Medical_Change_Fecility" status="PASSED">
         <system-out><![CDATA[2023-07-28 20:01:36 - [TEST_CASE][PASSED] - Test Cases/Medical_Change_Fecility: Test Cases/Medical_Change_Fecility

2023-07-28 20:01:37 - [TEST_STEP][PASSED] - callTestCase(findTestCase("Appointment_Login"), [:], STOP_ON_FAILURE): Call Test Case 'Test Cases/Appointment_Login' successfully

2023-07-28 20:01:37 - [TEST_CASE][PASSED] - Test Cases/Appointment_Login: Test Cases/Appointment_Login

2023-07-28 20:01:37 - [TEST_STEP][PASSED] - openBrowser(""): Browser is opened with url: ''

2023-07-28 20:01:38 - [MESSAGE][INFO] - Starting 'Chrome' driver

2023-07-28 20:01:38 - [MESSAGE][INFO] - Action delay is set to 0 milliseconds

2023-07-28 20:01:45 - [MESSAGE][PASSED] - Browser is opened with url: ''

2023-07-28 20:01:45 - [TEST_STEP][PASSED] - maximizeWindow(): Current window maximized

2023-07-28 20:01:45 - [MESSAGE][PASSED] - Current window maximized

2023-07-28 20:01:45 - [TEST_STEP][PASSED] - navigateToUrl("https://katalon-demo-cura.herokuapp.com/"): Navigate to 'https://katalon-demo-cura.herokuapp.com/' successfully

2023-07-28 20:02:13 - [MESSAGE][PASSED] - Navigate to 'https://katalon-demo-cura.herokuapp.com/' successfully

2023-07-28 20:02:13 - [TEST_STEP][PASSED] - click(findTestObject("Object Repository/MakeAppointment_TestSuite/Page_CURA Healthcare Service/a_Make Appointment")): Object: 'Object Repository/MakeAppointment_TestSuite/Page_CURA Healthcare Service/a_Make Appointment' is clicked on

2023-07-28 20:02:15 - [MESSAGE][PASSED] - Object: 'Object Repository/MakeAppointment_TestSuite/Page_CURA Healthcare Service/a_Make Appointment' is clicked on

2023-07-28 20:02:15 - [TEST_STEP][PASSED] - setText(findTestObject("Object Repository/MakeAppointment_TestSuite/Page_CURA Healthcare Service/input_Username_username"), "John Doe"): Text 'John Doe' is set on object 'Object Repository/MakeAppointment_TestSuite/Page_CURA Healthcare Service/input_Username_username'

2023-07-28 20:02:17 - [MESSAGE][PASSED] - Text 'John Doe' is set on object 'Object Repository/MakeAppointment_TestSuite/Page_CURA Healthcare Service/input_Username_username'

2023-07-28 20:02:17 - [TEST_STEP][PASSED] - setEncryptedText(findTestObject("Object Repository/MakeAppointment_TestSuite/Page_CURA Healthcare Service/input_Password_password"), "g3/DOGG74jC3Flrr3yH+3D/yKbOqqUNM"): Text ****** has been set on object 'Object Repository/MakeAppointment_TestSuite/Page_CURA Healthcare Service/input_Password_password'

2023-07-28 20:02:18 - [MESSAGE][PASSED] - Text ****** has been set on object 'Object Repository/MakeAppointment_TestSuite/Page_CURA Healthcare Service/input_Password_password'

2023-07-28 20:02:18 - [TEST_STEP][PASSED] - click(findTestObject("Object Repository/MakeAppointment_TestSuite/Page_CURA Healthcare Service/button_Login")): Object: 'Object Repository/MakeAppointment_TestSuite/Page_CURA Healthcare Service/button_Login' is clicked on

2023-07-28 20:02:19 - [MESSAGE][PASSED] - Object: 'Object Repository/MakeAppointment_TestSuite/Page_CURA Healthcare Service/button_Login' is clicked on

2023-07-28 20:02:19 - [MESSAGE][PASSED] - Call Test Case 'Test Cases/Appointment_Login' successfully

2023-07-28 20:02:19 - [TEST_STEP][PASSED] - click(findTestObject("Object Repository/Page_CURA Healthcare Service/input_Apply for hospital readmission_hospit_63901f")): Object: 'Object Repository/Page_CURA Healthcare Service/input_Apply for hospital readmission_hospit_63901f' is clicked on

2023-07-28 20:02:20 - [MESSAGE][PASSED] - Object: 'Object Repository/Page_CURA Healthcare Service/input_Apply for hospital readmission_hospit_63901f' is clicked on

2023-07-28 20:02:20 - [TEST_STEP][PASSED] - delay(3): Delayed 3 second(s)

2023-07-28 20:02:23 - [MESSAGE][PASSED] - Delayed 3 second(s)

2023-07-28 20:02:23 - [TEST_STEP][PASSED] - closeBrowser(): Browser is closed

2023-07-28 20:02:24 - [MESSAGE][PASSED] - Browser is closed]]></system-out>
         <system-err><![CDATA[]]></system-err>
      </testcase>
      <system-out><![CDATA[2023-07-28 20:01:35 - [TEST_SUITE][PASSED] - Medi_Change_Fecility_TestSuite: Test Cases/Medical_Change_Fecility]]></system-out>
      <system-err><![CDATA[]]></system-err>
   </testsuite>
</testsuites>
