<?xml version="1.0" encoding="UTF-8"?>
<testsuites name="OrangeHRM TEST SUITE COLLECTION" time="217.204" tests="3" failures="0" errors="0">
   <testsuite name="OrangeHRM Suite" tests="3" failures="0" errors="0" time="189.588" skipped="0" timestamp="2023-07-27 15:32:22" hostname="satyasai.samoju - INBL01LAP31245.brd.g-c-i.com" id="Test Suites/OrangeHRM Suite">
      <properties>
         <property name="deviceName" value=""/>
         <property name="devicePlatform" value=""/>
         <property name="logFolder" value="C:\\Users\\satyasai.samoju\\git\\TestTunnel_Pratice_Repo\\Reports\\20230727_153205\\OrangeHRM Suite\\20230727_153206"/>
         <property name="logFiles" value="C:\\Users\\satyasai.samoju\\git\\TestTunnel_Pratice_Repo\\Reports\\20230727_153205\\OrangeHRM Suite\\20230727_153206\\execution0.log"/>
         <property name="attachments" value=""/>
         <property name="hostName" value="satyasai.samoju - INBL01LAP31245.brd.g-c-i.com"/>
         <property name="os" value="Windows 11 64bit"/>
         <property name="katalonVersion" value="8.6.5.208"/>
         <property name="browser" value="Chrome 115.0.0.0"/>
         <property name="hostAddress" value="192.168.1.12"/>
         <property name="sessionId" value="b043d5a4fd6243014fe8c7a689cfee1a"/>
         <property name="seleniumVersion" value="3.141.59"/>
         <property name="proxyInformation" value="ProxyInformation { proxyOption=NO_PROXY, proxyServerType=HTTP, username=, password=********, proxyServerAddress=, proxyServerPort=0, executionList=&quot;&quot;, isApplyToDesiredCapabilities=true }"/>
         <property name="platform" value="Windows 11"/>
      </properties>
      <testcase name="Test Cases/Orange HRM LogIN" time="54.09" classname="Test Cases/Orange HRM LogIN" status="PASSED">
         <system-out><![CDATA[2023-07-27 15:32:23 - [TEST_CASE][PASSED] - Test Cases/Orange HRM LogIN: Test Cases/Orange HRM LogIN

2023-07-27 15:32:23 - [TEST_STEP][PASSED] - openBrowser(""): Browser is opened with url: ''

2023-07-27 15:32:23 - [MESSAGE][INFO] - Starting 'Chrome' driver

2023-07-27 15:32:23 - [MESSAGE][INFO] - Action delay is set to 0 milliseconds

2023-07-27 15:32:29 - [MESSAGE][PASSED] - Browser is opened with url: ''

2023-07-27 15:32:29 - [TEST_STEP][PASSED] - maximizeWindow(): Current window maximized

2023-07-27 15:32:29 - [MESSAGE][PASSED] - Current window maximized

2023-07-27 15:32:29 - [TEST_STEP][PASSED] - delay(3): Delayed 3 second(s)

2023-07-27 15:32:32 - [MESSAGE][PASSED] - Delayed 3 second(s)

2023-07-27 15:32:32 - [TEST_STEP][PASSED] - navigateToUrl("https://opensource-demo.orangehrmlive.com/web/index.php/auth/login"): Navigate to 'https://opensource-demo.orangehrmlive.com/web/index.php/auth/login' successfully

2023-07-27 15:33:13 - [MESSAGE][PASSED] - Navigate to 'https://opensource-demo.orangehrmlive.com/web/index.php/auth/login' successfully

2023-07-27 15:33:13 - [TEST_STEP][PASSED] - setText(findTestObject("Object Repository/OragngeHrm LOGIN/Page_OrangeHRM/input_Username_username"), "Admin"): Text 'Admin' is set on object 'Object Repository/OragngeHrm LOGIN/Page_OrangeHRM/input_Username_username'

2023-07-27 15:33:16 - [MESSAGE][PASSED] - Text 'Admin' is set on object 'Object Repository/OragngeHrm LOGIN/Page_OrangeHRM/input_Username_username'

2023-07-27 15:33:16 - [TEST_STEP][PASSED] - setEncryptedText(findTestObject("Object Repository/OragngeHrm LOGIN/Page_OrangeHRM/input_Password_password"), "hUKwJTbofgPU9eVlw/CnDQ=="): Text ****** has been set on object 'Object Repository/OragngeHrm LOGIN/Page_OrangeHRM/input_Password_password'

2023-07-27 15:33:16 - [MESSAGE][PASSED] - Text ****** has been set on object 'Object Repository/OragngeHrm LOGIN/Page_OrangeHRM/input_Password_password'

2023-07-27 15:33:16 - [TEST_STEP][PASSED] - click(findTestObject("Object Repository/OragngeHrm LOGIN/Page_OrangeHRM/button_Login")): Object: 'Object Repository/OragngeHrm LOGIN/Page_OrangeHRM/button_Login' is clicked on

2023-07-27 15:33:17 - [MESSAGE][PASSED] - Object: 'Object Repository/OragngeHrm LOGIN/Page_OrangeHRM/button_Login' is clicked on]]></system-out>
         <system-err><![CDATA[]]></system-err>
      </testcase>
      <testcase name="Test Cases/Emp Verify Oragge Hrm" time="99.075" classname="Test Cases/Emp Verify Oragge Hrm" status="PASSED">
         <system-out><![CDATA[2023-07-27 15:33:17 - [TEST_CASE][PASSED] - Test Cases/Emp Verify Oragge Hrm: Test Cases/Emp Verify Oragge Hrm

2023-07-27 15:33:17 - [TEST_STEP][PASSED] - callTestCase(findTestCase("Orange HRM LogIN"), [:], STOP_ON_FAILURE): Call Test Case 'Test Cases/Orange HRM LogIN' successfully

2023-07-27 15:33:17 - [TEST_CASE][PASSED] - Test Cases/Orange HRM LogIN: Test Cases/Orange HRM LogIN

2023-07-27 15:33:17 - [TEST_STEP][PASSED] - openBrowser(""): Browser is opened with url: ''

2023-07-27 15:33:17 - [MESSAGE][WARNING] - A browser is already opened. Closing browser and opening a new one

2023-07-27 15:33:20 - [MESSAGE][INFO] - Starting 'Chrome' driver

2023-07-27 15:33:20 - [MESSAGE][INFO] - Action delay is set to 0 milliseconds

2023-07-27 15:33:23 - [MESSAGE][PASSED] - Browser is opened with url: ''

2023-07-27 15:33:23 - [TEST_STEP][PASSED] - maximizeWindow(): Current window maximized

2023-07-27 15:33:23 - [MESSAGE][PASSED] - Current window maximized

2023-07-27 15:33:23 - [TEST_STEP][PASSED] - delay(3): Delayed 3 second(s)

2023-07-27 15:33:26 - [MESSAGE][PASSED] - Delayed 3 second(s)

2023-07-27 15:33:26 - [TEST_STEP][PASSED] - navigateToUrl("https://opensource-demo.orangehrmlive.com/web/index.php/auth/login"): Navigate to 'https://opensource-demo.orangehrmlive.com/web/index.php/auth/login' successfully

2023-07-27 15:34:36 - [MESSAGE][PASSED] - Navigate to 'https://opensource-demo.orangehrmlive.com/web/index.php/auth/login' successfully

2023-07-27 15:34:36 - [TEST_STEP][PASSED] - setText(findTestObject("Object Repository/OragngeHrm LOGIN/Page_OrangeHRM/input_Username_username"), "Admin"): Text 'Admin' is set on object 'Object Repository/OragngeHrm LOGIN/Page_OrangeHRM/input_Username_username'

2023-07-27 15:34:42 - [MESSAGE][PASSED] - Text 'Admin' is set on object 'Object Repository/OragngeHrm LOGIN/Page_OrangeHRM/input_Username_username'

2023-07-27 15:34:42 - [TEST_STEP][PASSED] - setEncryptedText(findTestObject("Object Repository/OragngeHrm LOGIN/Page_OrangeHRM/input_Password_password"), "hUKwJTbofgPU9eVlw/CnDQ=="): Text ****** has been set on object 'Object Repository/OragngeHrm LOGIN/Page_OrangeHRM/input_Password_password'

2023-07-27 15:34:42 - [MESSAGE][PASSED] - Text ****** has been set on object 'Object Repository/OragngeHrm LOGIN/Page_OrangeHRM/input_Password_password'

2023-07-27 15:34:42 - [TEST_STEP][PASSED] - click(findTestObject("Object Repository/OragngeHrm LOGIN/Page_OrangeHRM/button_Login")): Object: 'Object Repository/OragngeHrm LOGIN/Page_OrangeHRM/button_Login' is clicked on

2023-07-27 15:34:43 - [MESSAGE][PASSED] - Object: 'Object Repository/OragngeHrm LOGIN/Page_OrangeHRM/button_Login' is clicked on

2023-07-27 15:34:43 - [MESSAGE][PASSED] - Call Test Case 'Test Cases/Orange HRM LogIN' successfully

2023-07-27 15:34:43 - [TEST_STEP][PASSED] - click(findTestObject("Object Repository/Emp Verification OrangeHRM/Page_OrangeHRM/a_PIM")): Object: 'Object Repository/Emp Verification OrangeHRM/Page_OrangeHRM/a_PIM' is clicked on

2023-07-27 15:34:48 - [MESSAGE][PASSED] - Object: 'Object Repository/Emp Verification OrangeHRM/Page_OrangeHRM/a_PIM' is clicked on

2023-07-27 15:34:48 - [TEST_STEP][PASSED] - setText(findTestObject("Object Repository/Emp Verification OrangeHRM/Page_OrangeHRM/input"), "Vijay"): Text 'Vijay' is set on object 'Object Repository/Emp Verification OrangeHRM/Page_OrangeHRM/input'

2023-07-27 15:34:51 - [MESSAGE][PASSED] - Text 'Vijay' is set on object 'Object Repository/Emp Verification OrangeHRM/Page_OrangeHRM/input'

2023-07-27 15:34:51 - [TEST_STEP][PASSED] - click(findTestObject("Object Repository/Emp Verification OrangeHRM/Page_OrangeHRM/button_Search")): Object: 'Object Repository/Emp Verification OrangeHRM/Page_OrangeHRM/button_Search' is clicked on

2023-07-27 15:34:51 - [MESSAGE][PASSED] - Object: 'Object Repository/Emp Verification OrangeHRM/Page_OrangeHRM/button_Search' is clicked on

2023-07-27 15:34:51 - [TEST_STEP][NOT_RUN] - verifyElementText(findTestObject("Object Repository/Emp Verification OrangeHRM/Page_OrangeHRM/span_(5) Records Found"), "(5) Records Found"): NOT_RUN: verifyElementText(findTestObject("Object Repository/Emp Verification OrangeHRM/Page_OrangeHRM/span_(5) Records Found"), "(5) Records Found")

2023-07-27 15:34:51 - [MESSAGE][NOT_RUN] - NOT_RUN: verifyElementText(findTestObject("Object Repository/Emp Verification OrangeHRM/Page_OrangeHRM/span_(5) Records Found"), "(5) Records Found")

2023-07-27 15:34:51 - [TEST_STEP][PASSED] - data = click(findTestObject("Object Repository/Emp Verification OrangeHRM/Page_OrangeHRM/div_03780362Vijaysai dundi")): Object: 'Object Repository/Emp Verification OrangeHRM/Page_OrangeHRM/div_03780362Vijaysai dundi' is clicked on

2023-07-27 15:34:54 - [MESSAGE][PASSED] - Object: 'Object Repository/Emp Verification OrangeHRM/Page_OrangeHRM/div_03780362Vijaysai dundi' is clicked on

2023-07-27 15:34:54 - [TEST_STEP][PASSED] - println(data): null

2023-07-27 15:34:54 - [TEST_STEP][PASSED] - closeBrowser(): Browser is closed

2023-07-27 15:34:56 - [MESSAGE][PASSED] - Browser is closed]]></system-out>
         <system-err><![CDATA[]]></system-err>
      </testcase>
      <testcase name="Test Cases/OrangeHrm Add Emp" time="36.167" classname="Test Cases/OrangeHrm Add Emp" status="PASSED">
         <system-out><![CDATA[2023-07-27 15:34:56 - [TEST_CASE][PASSED] - Test Cases/OrangeHrm Add Emp: Test Cases/OrangeHrm Add Emp

2023-07-27 15:34:56 - [TEST_STEP][PASSED] - callTestCase(findTestCase("Orange HRM LogIN"), [:], STOP_ON_FAILURE): Call Test Case 'Test Cases/Orange HRM LogIN' successfully

2023-07-27 15:34:56 - [TEST_CASE][PASSED] - Test Cases/Orange HRM LogIN: Test Cases/Orange HRM LogIN

2023-07-27 15:34:56 - [TEST_STEP][PASSED] - openBrowser(""): Browser is opened with url: ''

2023-07-27 15:34:56 - [MESSAGE][INFO] - Starting 'Chrome' driver

2023-07-27 15:34:56 - [MESSAGE][INFO] - Action delay is set to 0 milliseconds

2023-07-27 15:34:59 - [MESSAGE][PASSED] - Browser is opened with url: ''

2023-07-27 15:34:59 - [TEST_STEP][PASSED] - maximizeWindow(): Current window maximized

2023-07-27 15:34:59 - [MESSAGE][PASSED] - Current window maximized

2023-07-27 15:34:59 - [TEST_STEP][PASSED] - delay(3): Delayed 3 second(s)

2023-07-27 15:35:02 - [MESSAGE][PASSED] - Delayed 3 second(s)

2023-07-27 15:35:02 - [TEST_STEP][PASSED] - navigateToUrl("https://opensource-demo.orangehrmlive.com/web/index.php/auth/login"): Navigate to 'https://opensource-demo.orangehrmlive.com/web/index.php/auth/login' successfully

2023-07-27 15:35:13 - [MESSAGE][PASSED] - Navigate to 'https://opensource-demo.orangehrmlive.com/web/index.php/auth/login' successfully

2023-07-27 15:35:13 - [TEST_STEP][PASSED] - setText(findTestObject("Object Repository/OragngeHrm LOGIN/Page_OrangeHRM/input_Username_username"), "Admin"): Text 'Admin' is set on object 'Object Repository/OragngeHrm LOGIN/Page_OrangeHRM/input_Username_username'

2023-07-27 15:35:15 - [MESSAGE][PASSED] - Text 'Admin' is set on object 'Object Repository/OragngeHrm LOGIN/Page_OrangeHRM/input_Username_username'

2023-07-27 15:35:15 - [TEST_STEP][PASSED] - setEncryptedText(findTestObject("Object Repository/OragngeHrm LOGIN/Page_OrangeHRM/input_Password_password"), "hUKwJTbofgPU9eVlw/CnDQ=="): Text ****** has been set on object 'Object Repository/OragngeHrm LOGIN/Page_OrangeHRM/input_Password_password'

2023-07-27 15:35:15 - [MESSAGE][PASSED] - Text ****** has been set on object 'Object Repository/OragngeHrm LOGIN/Page_OrangeHRM/input_Password_password'

2023-07-27 15:35:15 - [TEST_STEP][PASSED] - click(findTestObject("Object Repository/OragngeHrm LOGIN/Page_OrangeHRM/button_Login")): Object: 'Object Repository/OragngeHrm LOGIN/Page_OrangeHRM/button_Login' is clicked on

2023-07-27 15:35:17 - [MESSAGE][PASSED] - Object: 'Object Repository/OragngeHrm LOGIN/Page_OrangeHRM/button_Login' is clicked on

2023-07-27 15:35:17 - [MESSAGE][PASSED] - Call Test Case 'Test Cases/Orange HRM LogIN' successfully

2023-07-27 15:35:17 - [TEST_STEP][PASSED] - click(findTestObject("Object Repository/OrangeHRM Add Emp/Page_OrangeHRM/a_PIM")): Object: 'Object Repository/OrangeHRM Add Emp/Page_OrangeHRM/a_PIM' is clicked on

2023-07-27 15:35:22 - [MESSAGE][PASSED] - Object: 'Object Repository/OrangeHRM Add Emp/Page_OrangeHRM/a_PIM' is clicked on

2023-07-27 15:35:22 - [TEST_STEP][PASSED] - click(findTestObject("Object Repository/OrangeHRM Add Emp/Page_OrangeHRM/a_Add Employee")): Object: 'Object Repository/OrangeHRM Add Emp/Page_OrangeHRM/a_Add Employee' is clicked on

2023-07-27 15:35:25 - [MESSAGE][PASSED] - Object: 'Object Repository/OrangeHRM Add Emp/Page_OrangeHRM/a_Add Employee' is clicked on

2023-07-27 15:35:25 - [TEST_STEP][PASSED] - setText(findTestObject("Object Repository/OrangeHRM Add Emp/Page_OrangeHRM/input_Employee Full Name_firstName"), "Vijaysai"): Text 'Vijaysai' is set on object 'Object Repository/OrangeHRM Add Emp/Page_OrangeHRM/input_Employee Full Name_firstName'

2023-07-27 15:35:28 - [MESSAGE][PASSED] - Text 'Vijaysai' is set on object 'Object Repository/OrangeHRM Add Emp/Page_OrangeHRM/input_Employee Full Name_firstName'

2023-07-27 15:35:28 - [TEST_STEP][PASSED] - setText(findTestObject("Object Repository/OrangeHRM Add Emp/Page_OrangeHRM/input_Employee Full Name_lastName"), "dundi"): Text 'dundi' is set on object 'Object Repository/OrangeHRM Add Emp/Page_OrangeHRM/input_Employee Full Name_lastName'

2023-07-27 15:35:29 - [MESSAGE][PASSED] - Text 'dundi' is set on object 'Object Repository/OrangeHRM Add Emp/Page_OrangeHRM/input_Employee Full Name_lastName'

2023-07-27 15:35:29 - [TEST_STEP][PASSED] - setText(findTestObject("Object Repository/OrangeHRM Add Emp/Page_OrangeHRM/input_Employee Id_oxd-input oxd-input--active"), "0362"): Text '0362' is set on object 'Object Repository/OrangeHRM Add Emp/Page_OrangeHRM/input_Employee Id_oxd-input oxd-input--active'

2023-07-27 15:35:30 - [MESSAGE][PASSED] - Text '0362' is set on object 'Object Repository/OrangeHRM Add Emp/Page_OrangeHRM/input_Employee Id_oxd-input oxd-input--active'

2023-07-27 15:35:30 - [TEST_STEP][PASSED] - id = verifyElementPresent(findTestObject("OrangeHRM Add Emp/Page_OrangeHRM/input_Employee Id_oxd-input oxd-input--focus"), 0): Object 'Object Repository/OrangeHRM Add Emp/Page_OrangeHRM/input_Employee Id_oxd-input oxd-input--focus' is present

2023-07-27 15:35:30 - [MESSAGE][WARNING] - Timeout '0' is invalid. Using default page load timeout: '30'

2023-07-27 15:35:30 - [MESSAGE][PASSED] - Object 'Object Repository/OrangeHRM Add Emp/Page_OrangeHRM/input_Employee Id_oxd-input oxd-input--focus' is present

2023-07-27 15:35:30 - [TEST_STEP][PASSED] - println(id): null

2023-07-27 15:35:30 - [TEST_STEP][PASSED] - click(findTestObject("Object Repository/OrangeHRM Add Emp/Page_OrangeHRM/button_Save")): Object: 'Object Repository/OrangeHRM Add Emp/Page_OrangeHRM/button_Save' is clicked on

2023-07-27 15:35:31 - [MESSAGE][PASSED] - Object: 'Object Repository/OrangeHRM Add Emp/Page_OrangeHRM/button_Save' is clicked on

2023-07-27 15:35:31 - [TEST_STEP][PASSED] - closeBrowser(): Browser is closed

2023-07-27 15:35:32 - [MESSAGE][PASSED] - Browser is closed]]></system-out>
         <system-err><![CDATA[]]></system-err>
      </testcase>
      <system-out><![CDATA[2023-07-27 15:32:22 - [TEST_SUITE][PASSED] - OrangeHRM Suite: Test Cases/OrangeHrm Add Emp]]></system-out>
      <system-err><![CDATA[]]></system-err>
   </testsuite>
</testsuites>
