<?xml version="1.0" encoding="UTF-8"?>
<testsuites name="testtunnel_testsuite1" time="107.491" tests="2" failures="0" errors="0">
   <testsuite name="testtunnel_testsuite1" tests="2" failures="0" errors="0" time="107.491" skipped="0" timestamp="2023-07-25 18:57:15" hostname="satyasai.samoju - INBL01LAP31245.brd.g-c-i.com" id="Test Suites/testtunnel_testsuite1">
      <properties>
         <property name="deviceName" value=""/>
         <property name="devicePlatform" value=""/>
         <property name="logFolder" value="C:\\Users\\satyasai.samoju\\git\\TestTunnel_Pratice_Repo\\Reports\\20230725_185654\\testtunnel_testsuite1\\20230725_185655"/>
         <property name="logFiles" value="C:\\Users\\satyasai.samoju\\git\\TestTunnel_Pratice_Repo\\Reports\\20230725_185654\\testtunnel_testsuite1\\20230725_185655\\execution0.log"/>
         <property name="attachments" value=""/>
         <property name="hostName" value="satyasai.samoju - INBL01LAP31245.brd.g-c-i.com"/>
         <property name="os" value="Windows 11 64bit"/>
         <property name="katalonVersion" value="8.6.5.208"/>
         <property name="browser" value="Chrome 114.0.0.0"/>
         <property name="hostAddress" value="192.168.1.10"/>
         <property name="sessionId" value="2708e3b7b2b0cf0d23c969386f54a69d"/>
         <property name="seleniumVersion" value="3.141.59"/>
         <property name="proxyInformation" value="ProxyInformation { proxyOption=NO_PROXY, proxyServerType=HTTP, username=, password=********, proxyServerAddress=, proxyServerPort=0, executionList=&quot;&quot;, isApplyToDesiredCapabilities=true }"/>
         <property name="platform" value="Windows 11"/>
      </properties>
      <testcase name="Test Cases/TestTunnel1" time="36.494" classname="Test Cases/TestTunnel1" status="PASSED">
         <system-out><![CDATA[2023-07-25 18:57:16 - [TEST_CASE][PASSED] - Test Cases/TestTunnel1: Test Cases/TestTunnel1

2023-07-25 18:57:16 - [TEST_STEP][PASSED] - openBrowser(""): Browser is opened with url: ''

2023-07-25 18:57:16 - [MESSAGE][INFO] - Starting 'Chrome' driver

2023-07-25 18:57:16 - [MESSAGE][INFO] - Action delay is set to 0 milliseconds

2023-07-25 18:57:20 - [MESSAGE][PASSED] - Browser is opened with url: ''

2023-07-25 18:57:20 - [TEST_STEP][PASSED] - maximizeWindow(): Current window maximized

2023-07-25 18:57:20 - [MESSAGE][PASSED] - Current window maximized

2023-07-25 18:57:20 - [TEST_STEP][PASSED] - navigateToUrl("https://www.google.com/"): Navigate to 'https://www.google.com/' successfully

2023-07-25 18:57:46 - [MESSAGE][PASSED] - Navigate to 'https://www.google.com/' successfully

2023-07-25 18:57:46 - [TEST_STEP][PASSED] - delay(4): Delayed 4 second(s)

2023-07-25 18:57:50 - [MESSAGE][PASSED] - Delayed 4 second(s)

2023-07-25 18:57:50 - [TEST_STEP][PASSED] - closeBrowser(): Browser is closed

2023-07-25 18:57:52 - [MESSAGE][PASSED] - Browser is closed]]></system-out>
         <system-err><![CDATA[]]></system-err>
      </testcase>
      <testcase name="Test Cases/Test Tunnel3" time="70.705" classname="Test Cases/Test Tunnel3" status="PASSED">
         <system-out><![CDATA[2023-07-25 18:57:52 - [TEST_CASE][PASSED] - Test Cases/Test Tunnel3: Test Cases/Test Tunnel3

2023-07-25 18:57:53 - [TEST_STEP][PASSED] - openBrowser(""): Browser is opened with url: ''

2023-07-25 18:57:53 - [MESSAGE][INFO] - Starting 'Chrome' driver

2023-07-25 18:57:53 - [MESSAGE][INFO] - Action delay is set to 0 milliseconds

2023-07-25 18:57:55 - [MESSAGE][PASSED] - Browser is opened with url: ''

2023-07-25 18:57:55 - [TEST_STEP][PASSED] - maximizeWindow(): Current window maximized

2023-07-25 18:57:55 - [MESSAGE][PASSED] - Current window maximized

2023-07-25 18:57:55 - [TEST_STEP][PASSED] - navigateToUrl("https://opensource-demo.orangehrmlive.com/web/index.php/auth/login"): Navigate to 'https://opensource-demo.orangehrmlive.com/web/index.php/auth/login' successfully

2023-07-25 18:58:42 - [MESSAGE][PASSED] - Navigate to 'https://opensource-demo.orangehrmlive.com/web/index.php/auth/login' successfully

2023-07-25 18:58:42 - [TEST_STEP][PASSED] - setText(findTestObject("TestTunnel3/Page_OrangeHRM/input_Username_username"), "Admin"): Text 'Admin' is set on object 'Object Repository/TestTunnel3/Page_OrangeHRM/input_Username_username'

2023-07-25 18:58:48 - [MESSAGE][PASSED] - Text 'Admin' is set on object 'Object Repository/TestTunnel3/Page_OrangeHRM/input_Username_username'

2023-07-25 18:58:48 - [TEST_STEP][PASSED] - setText(findTestObject("TestTunnel3/Page_OrangeHRM/input_Password_password"), "admin123"): Text 'admin123' is set on object 'Object Repository/TestTunnel3/Page_OrangeHRM/input_Password_password'

2023-07-25 18:58:49 - [MESSAGE][PASSED] - Text 'admin123' is set on object 'Object Repository/TestTunnel3/Page_OrangeHRM/input_Password_password'

2023-07-25 18:58:49 - [TEST_STEP][PASSED] - click(findTestObject("TestTunnel3/Page_OrangeHRM/button_Login")): Object: 'Object Repository/TestTunnel3/Page_OrangeHRM/button_Login' is clicked on

2023-07-25 18:58:51 - [MESSAGE][PASSED] - Object: 'Object Repository/TestTunnel3/Page_OrangeHRM/button_Login' is clicked on

2023-07-25 18:58:51 - [TEST_STEP][PASSED] - click(findTestObject("TestTunnel3/Page_OrangeHRM/span_Admin")): Object: 'Object Repository/TestTunnel3/Page_OrangeHRM/span_Admin' is clicked on

2023-07-25 18:58:55 - [MESSAGE][PASSED] - Object: 'Object Repository/TestTunnel3/Page_OrangeHRM/span_Admin' is clicked on

2023-07-25 18:58:55 - [TEST_STEP][PASSED] - click(findTestObject("TestTunnel3/Page_OrangeHRM/button_Add")): Object: 'Object Repository/TestTunnel3/Page_OrangeHRM/button_Add' is clicked on

2023-07-25 18:58:59 - [MESSAGE][PASSED] - Object: 'Object Repository/TestTunnel3/Page_OrangeHRM/button_Add' is clicked on

2023-07-25 18:58:59 - [TEST_STEP][PASSED] - delay(3): Delayed 3 second(s)

2023-07-25 18:59:02 - [MESSAGE][PASSED] - Delayed 3 second(s)

2023-07-25 18:59:02 - [TEST_STEP][PASSED] - closeBrowser(): Browser is closed

2023-07-25 18:59:03 - [MESSAGE][PASSED] - Browser is closed]]></system-out>
         <system-err><![CDATA[]]></system-err>
      </testcase>
      <system-out><![CDATA[2023-07-25 18:57:15 - [TEST_SUITE][PASSED] - testtunnel_testsuite1: Test Cases/Test Tunnel3]]></system-out>
      <system-err><![CDATA[]]></system-err>
   </testsuite>
</testsuites>
