<?xml version="1.0" encoding="UTF-8"?>
<testsuites name="Medi_RadioButton1 TS Collection" time="60.478" tests="1" failures="0" errors="0">
   <testsuite name="Medi_RadioButton1 TestSuite" tests="1" failures="0" errors="0" time="35.979" skipped="0" timestamp="2023-07-28 20:14:40" hostname="satyasai.samoju - INBL01LAP31245.brd.g-c-i.com" id="Test Suites/Medi_RadioButton1 TestSuite">
      <properties>
         <property name="deviceName" value=""/>
         <property name="devicePlatform" value=""/>
         <property name="logFolder" value="C:\\Users\\satyasai.samoju\\git\\TestTunnel_Pratice_Repo\\TestTunnel_Pratice_Repo\\TestTunnel_Pratice_Repo\\TestTunnel_Pratice_Repo\\TestTunnel_Pratice_Repo\\Reports\\20230728_201424\\Medi_RadioButton1 TestSuite\\20230728_201425"/>
         <property name="logFiles" value="C:\\Users\\satyasai.samoju\\git\\TestTunnel_Pratice_Repo\\TestTunnel_Pratice_Repo\\TestTunnel_Pratice_Repo\\TestTunnel_Pratice_Repo\\TestTunnel_Pratice_Repo\\Reports\\20230728_201424\\Medi_RadioButton1 TestSuite\\20230728_201425\\execution0.log"/>
         <property name="attachments" value=""/>
         <property name="hostName" value="satyasai.samoju - INBL01LAP31245.brd.g-c-i.com"/>
         <property name="os" value="Windows 11 64bit"/>
         <property name="katalonVersion" value="8.6.5.208"/>
         <property name="browser" value="Chrome 115.0.0.0"/>
         <property name="hostAddress" value="192.168.1.9"/>
         <property name="sessionId" value="29a9dd1ee5863900e54e1eae36ab4fac"/>
         <property name="seleniumVersion" value="3.141.59"/>
         <property name="proxyInformation" value="ProxyInformation { proxyOption=NO_PROXY, proxyServerType=HTTP, username=, password=********, proxyServerAddress=, proxyServerPort=0, executionList=&quot;&quot;, isApplyToDesiredCapabilities=true }"/>
         <property name="platform" value="Windows 11"/>
      </properties>
      <testcase name="Test Cases/Medical_Radio_Button" time="35.506" classname="Test Cases/Medical_Radio_Button" status="PASSED">
         <system-out><![CDATA[2023-07-28 20:14:40 - [TEST_CASE][PASSED] - Test Cases/Medical_Radio_Button: Test Cases/Medical_Radio_Button

2023-07-28 20:14:41 - [TEST_STEP][PASSED] - callTestCase(findTestCase("Appointment_Login"), [:], STOP_ON_FAILURE): Call Test Case 'Test Cases/Appointment_Login' successfully

2023-07-28 20:14:41 - [TEST_CASE][PASSED] - Test Cases/Appointment_Login: Test Cases/Appointment_Login

2023-07-28 20:14:42 - [TEST_STEP][PASSED] - openBrowser(""): Browser is opened with url: ''

2023-07-28 20:14:42 - [MESSAGE][INFO] - Starting 'Chrome' driver

2023-07-28 20:14:42 - [MESSAGE][INFO] - Action delay is set to 0 milliseconds

2023-07-28 20:14:48 - [MESSAGE][PASSED] - Browser is opened with url: ''

2023-07-28 20:14:48 - [TEST_STEP][PASSED] - maximizeWindow(): Current window maximized

2023-07-28 20:14:48 - [MESSAGE][PASSED] - Current window maximized

2023-07-28 20:14:48 - [TEST_STEP][PASSED] - navigateToUrl("https://katalon-demo-cura.herokuapp.com/"): Navigate to 'https://katalon-demo-cura.herokuapp.com/' successfully

2023-07-28 20:15:04 - [MESSAGE][PASSED] - Navigate to 'https://katalon-demo-cura.herokuapp.com/' successfully

2023-07-28 20:15:04 - [TEST_STEP][PASSED] - click(findTestObject("Object Repository/MakeAppointment_TestSuite/Page_CURA Healthcare Service/a_Make Appointment")): Object: 'Object Repository/MakeAppointment_TestSuite/Page_CURA Healthcare Service/a_Make Appointment' is clicked on

2023-07-28 20:15:07 - [MESSAGE][PASSED] - Object: 'Object Repository/MakeAppointment_TestSuite/Page_CURA Healthcare Service/a_Make Appointment' is clicked on

2023-07-28 20:15:07 - [TEST_STEP][PASSED] - setText(findTestObject("Object Repository/MakeAppointment_TestSuite/Page_CURA Healthcare Service/input_Username_username"), "John Doe"): Text 'John Doe' is set on object 'Object Repository/MakeAppointment_TestSuite/Page_CURA Healthcare Service/input_Username_username'

2023-07-28 20:15:08 - [MESSAGE][PASSED] - Text 'John Doe' is set on object 'Object Repository/MakeAppointment_TestSuite/Page_CURA Healthcare Service/input_Username_username'

2023-07-28 20:15:08 - [TEST_STEP][PASSED] - setEncryptedText(findTestObject("Object Repository/MakeAppointment_TestSuite/Page_CURA Healthcare Service/input_Password_password"), "g3/DOGG74jC3Flrr3yH+3D/yKbOqqUNM"): Text ****** has been set on object 'Object Repository/MakeAppointment_TestSuite/Page_CURA Healthcare Service/input_Password_password'

2023-07-28 20:15:09 - [MESSAGE][PASSED] - Text ****** has been set on object 'Object Repository/MakeAppointment_TestSuite/Page_CURA Healthcare Service/input_Password_password'

2023-07-28 20:15:09 - [TEST_STEP][PASSED] - click(findTestObject("Object Repository/MakeAppointment_TestSuite/Page_CURA Healthcare Service/button_Login")): Object: 'Object Repository/MakeAppointment_TestSuite/Page_CURA Healthcare Service/button_Login' is clicked on

2023-07-28 20:15:11 - [MESSAGE][PASSED] - Object: 'Object Repository/MakeAppointment_TestSuite/Page_CURA Healthcare Service/button_Login' is clicked on

2023-07-28 20:15:11 - [MESSAGE][PASSED] - Call Test Case 'Test Cases/Appointment_Login' successfully

2023-07-28 20:15:11 - [TEST_STEP][PASSED] - click(findTestObject("Object Repository/Medical_Radio_Button/Page_CURA Healthcare Service/input_Medicaid_programs")): Object: 'Object Repository/Medical_Radio_Button/Page_CURA Healthcare Service/input_Medicaid_programs' is clicked on

2023-07-28 20:15:11 - [MESSAGE][PASSED] - Object: 'Object Repository/Medical_Radio_Button/Page_CURA Healthcare Service/input_Medicaid_programs' is clicked on

2023-07-28 20:15:11 - [TEST_STEP][PASSED] - delay(3): Delayed 3 second(s)

2023-07-28 20:15:15 - [MESSAGE][PASSED] - Delayed 3 second(s)

2023-07-28 20:15:15 - [TEST_STEP][PASSED] - closeBrowser(): Browser is closed

2023-07-28 20:15:16 - [MESSAGE][PASSED] - Browser is closed]]></system-out>
         <system-err><![CDATA[]]></system-err>
      </testcase>
      <system-out><![CDATA[2023-07-28 20:14:40 - [TEST_SUITE][PASSED] - Medi_RadioButton1 TestSuite: Test Cases/Medical_Radio_Button]]></system-out>
      <system-err><![CDATA[]]></system-err>
   </testsuite>
</testsuites>
