<?xml version="1.0" encoding="UTF-8"?>
<testsuites name="New Test Suite Collection1516" time="73.829" tests="2" failures="0" errors="0">
   <testsuite name="Test Suite1516" tests="2" failures="0" errors="0" time="56.988" skipped="0" timestamp="2023-07-31 13:46:18" hostname="satyasai.samoju - INBL01LAP31245.brd.g-c-i.com" id="Test Suites/Test Suite1516">
      <properties>
         <property name="deviceName" value=""/>
         <property name="devicePlatform" value=""/>
         <property name="logFolder" value="C:\\Users\\satyasai.samoju\\git\\TestTunnel_Pratice_Repo\\TestTunnel_Pratice_Repo\\TestTunnel_Pratice_Repo\\TestTunnel_Pratice_Repo\\TestTunnel_Pratice_Repo\\Reports\\20230731_134606\\Test Suite1516\\20230731_134607"/>
         <property name="logFiles" value="C:\\Users\\satyasai.samoju\\git\\TestTunnel_Pratice_Repo\\TestTunnel_Pratice_Repo\\TestTunnel_Pratice_Repo\\TestTunnel_Pratice_Repo\\TestTunnel_Pratice_Repo\\Reports\\20230731_134606\\Test Suite1516\\20230731_134607\\execution0.log"/>
         <property name="attachments" value=""/>
         <property name="hostName" value="satyasai.samoju - INBL01LAP31245.brd.g-c-i.com"/>
         <property name="os" value="Windows 11 64bit"/>
         <property name="katalonVersion" value="8.6.5.208"/>
         <property name="browser" value="Chrome 115.0.0.0"/>
         <property name="hostAddress" value="192.168.1.14"/>
         <property name="sessionId" value="c7f28d4e8a2f409192ba616e213ec4fb"/>
         <property name="seleniumVersion" value="3.141.59"/>
         <property name="proxyInformation" value="ProxyInformation { proxyOption=NO_PROXY, proxyServerType=HTTP, username=, password=********, proxyServerAddress=, proxyServerPort=0, executionList=&quot;&quot;, isApplyToDesiredCapabilities=true }"/>
         <property name="platform" value="Windows 11"/>
      </properties>
      <testcase name="Test Cases/OrangeHrm Add Emp" time="29.088" classname="Test Cases/OrangeHrm Add Emp" status="PASSED">
         <system-out><![CDATA[2023-07-31 13:46:18 - [TEST_CASE][PASSED] - Test Cases/OrangeHrm Add Emp: Test Cases/OrangeHrm Add Emp

2023-07-31 13:46:18 - [TEST_STEP][PASSED] - callTestCase(findTestCase("Orange HRM LogIN"), [:], STOP_ON_FAILURE): Call Test Case 'Test Cases/Orange HRM LogIN' successfully

2023-07-31 13:46:18 - [TEST_CASE][PASSED] - Test Cases/Orange HRM LogIN: Test Cases/Orange HRM LogIN

2023-07-31 13:46:19 - [TEST_STEP][PASSED] - openBrowser(""): Browser is opened with url: ''

2023-07-31 13:46:19 - [MESSAGE][INFO] - Starting 'Chrome' driver

2023-07-31 13:46:19 - [MESSAGE][INFO] - Action delay is set to 0 milliseconds

2023-07-31 13:46:23 - [MESSAGE][PASSED] - Browser is opened with url: ''

2023-07-31 13:46:23 - [TEST_STEP][PASSED] - maximizeWindow(): Current window maximized

2023-07-31 13:46:23 - [MESSAGE][PASSED] - Current window maximized

2023-07-31 13:46:23 - [TEST_STEP][PASSED] - delay(3): Delayed 3 second(s)

2023-07-31 13:46:26 - [MESSAGE][PASSED] - Delayed 3 second(s)

2023-07-31 13:46:26 - [TEST_STEP][PASSED] - navigateToUrl("https://opensource-demo.orangehrmlive.com/web/index.php/auth/login"): Navigate to 'https://opensource-demo.orangehrmlive.com/web/index.php/auth/login' successfully

2023-07-31 13:46:30 - [MESSAGE][PASSED] - Navigate to 'https://opensource-demo.orangehrmlive.com/web/index.php/auth/login' successfully

2023-07-31 13:46:30 - [TEST_STEP][PASSED] - setText(findTestObject("Object Repository/OragngeHrm LOGIN/Page_OrangeHRM/input_Username_username"), "Admin"): Text 'Admin' is set on object 'Object Repository/OragngeHrm LOGIN/Page_OrangeHRM/input_Username_username'

2023-07-31 13:46:32 - [MESSAGE][PASSED] - Text 'Admin' is set on object 'Object Repository/OragngeHrm LOGIN/Page_OrangeHRM/input_Username_username'

2023-07-31 13:46:32 - [TEST_STEP][PASSED] - setEncryptedText(findTestObject("Object Repository/OragngeHrm LOGIN/Page_OrangeHRM/input_Password_password"), "hUKwJTbofgPU9eVlw/CnDQ=="): Text ****** has been set on object 'Object Repository/OragngeHrm LOGIN/Page_OrangeHRM/input_Password_password'

2023-07-31 13:46:32 - [MESSAGE][PASSED] - Text ****** has been set on object 'Object Repository/OragngeHrm LOGIN/Page_OrangeHRM/input_Password_password'

2023-07-31 13:46:32 - [TEST_STEP][PASSED] - click(findTestObject("Object Repository/OragngeHrm LOGIN/Page_OrangeHRM/button_Login")): Object: 'Object Repository/OragngeHrm LOGIN/Page_OrangeHRM/button_Login' is clicked on

2023-07-31 13:46:34 - [MESSAGE][PASSED] - Object: 'Object Repository/OragngeHrm LOGIN/Page_OrangeHRM/button_Login' is clicked on

2023-07-31 13:46:34 - [MESSAGE][PASSED] - Call Test Case 'Test Cases/Orange HRM LogIN' successfully

2023-07-31 13:46:34 - [TEST_STEP][PASSED] - click(findTestObject("Object Repository/OrangeHRM Add Emp/Page_OrangeHRM/a_PIM")): Object: 'Object Repository/OrangeHRM Add Emp/Page_OrangeHRM/a_PIM' is clicked on

2023-07-31 13:46:38 - [MESSAGE][PASSED] - Object: 'Object Repository/OrangeHRM Add Emp/Page_OrangeHRM/a_PIM' is clicked on

2023-07-31 13:46:38 - [TEST_STEP][PASSED] - click(findTestObject("Object Repository/OrangeHRM Add Emp/Page_OrangeHRM/a_Add Employee")): Object: 'Object Repository/OrangeHRM Add Emp/Page_OrangeHRM/a_Add Employee' is clicked on

2023-07-31 13:46:41 - [MESSAGE][PASSED] - Object: 'Object Repository/OrangeHRM Add Emp/Page_OrangeHRM/a_Add Employee' is clicked on

2023-07-31 13:46:41 - [TEST_STEP][PASSED] - setText(findTestObject("Object Repository/OrangeHRM Add Emp/Page_OrangeHRM/input_Employee Full Name_firstName"), "Vijaysai"): Text 'Vijaysai' is set on object 'Object Repository/OrangeHRM Add Emp/Page_OrangeHRM/input_Employee Full Name_firstName'

2023-07-31 13:46:43 - [MESSAGE][PASSED] - Text 'Vijaysai' is set on object 'Object Repository/OrangeHRM Add Emp/Page_OrangeHRM/input_Employee Full Name_firstName'

2023-07-31 13:46:43 - [TEST_STEP][PASSED] - setText(findTestObject("Object Repository/OrangeHRM Add Emp/Page_OrangeHRM/input_Employee Full Name_lastName"), "dundi"): Text 'dundi' is set on object 'Object Repository/OrangeHRM Add Emp/Page_OrangeHRM/input_Employee Full Name_lastName'

2023-07-31 13:46:44 - [MESSAGE][PASSED] - Text 'dundi' is set on object 'Object Repository/OrangeHRM Add Emp/Page_OrangeHRM/input_Employee Full Name_lastName'

2023-07-31 13:46:44 - [TEST_STEP][PASSED] - setText(findTestObject("Object Repository/OrangeHRM Add Emp/Page_OrangeHRM/input_Employee Id_oxd-input oxd-input--active"), "0362"): Text '0362' is set on object 'Object Repository/OrangeHRM Add Emp/Page_OrangeHRM/input_Employee Id_oxd-input oxd-input--active'

2023-07-31 13:46:45 - [MESSAGE][PASSED] - Text '0362' is set on object 'Object Repository/OrangeHRM Add Emp/Page_OrangeHRM/input_Employee Id_oxd-input oxd-input--active'

2023-07-31 13:46:45 - [TEST_STEP][PASSED] - id = verifyElementPresent(findTestObject("OrangeHRM Add Emp/Page_OrangeHRM/input_Employee Id_oxd-input oxd-input--focus"), 0): Object 'Object Repository/OrangeHRM Add Emp/Page_OrangeHRM/input_Employee Id_oxd-input oxd-input--focus' is present

2023-07-31 13:46:45 - [MESSAGE][WARNING] - Timeout '0' is invalid. Using default page load timeout: '30'

2023-07-31 13:46:45 - [MESSAGE][PASSED] - Object 'Object Repository/OrangeHRM Add Emp/Page_OrangeHRM/input_Employee Id_oxd-input oxd-input--focus' is present

2023-07-31 13:46:45 - [TEST_STEP][PASSED] - println(id): null

2023-07-31 13:46:45 - [TEST_STEP][PASSED] - click(findTestObject("Object Repository/OrangeHRM Add Emp/Page_OrangeHRM/button_Save")): Object: 'Object Repository/OrangeHRM Add Emp/Page_OrangeHRM/button_Save' is clicked on

2023-07-31 13:46:46 - [MESSAGE][PASSED] - Object: 'Object Repository/OrangeHRM Add Emp/Page_OrangeHRM/button_Save' is clicked on

2023-07-31 13:46:46 - [TEST_STEP][PASSED] - closeBrowser(): Browser is closed

2023-07-31 13:46:47 - [MESSAGE][PASSED] - Browser is closed]]></system-out>
         <system-err><![CDATA[]]></system-err>
      </testcase>
      <testcase name="Test Cases/OrangeHRM Directory" time="27.622" classname="Test Cases/OrangeHRM Directory" status="PASSED">
         <system-out><![CDATA[2023-07-31 13:46:47 - [TEST_CASE][PASSED] - Test Cases/OrangeHRM Directory: Test Cases/OrangeHRM Directory

2023-07-31 13:46:48 - [TEST_STEP][PASSED] - callTestCase(findTestCase("Orange HRM LogIN"), [:], STOP_ON_FAILURE): Call Test Case 'Test Cases/Orange HRM LogIN' successfully

2023-07-31 13:46:48 - [TEST_CASE][PASSED] - Test Cases/Orange HRM LogIN: Test Cases/Orange HRM LogIN

2023-07-31 13:46:48 - [TEST_STEP][PASSED] - openBrowser(""): Browser is opened with url: ''

2023-07-31 13:46:48 - [MESSAGE][INFO] - Starting 'Chrome' driver

2023-07-31 13:46:48 - [MESSAGE][INFO] - Action delay is set to 0 milliseconds

2023-07-31 13:46:52 - [MESSAGE][PASSED] - Browser is opened with url: ''

2023-07-31 13:46:52 - [TEST_STEP][PASSED] - maximizeWindow(): Current window maximized

2023-07-31 13:46:52 - [MESSAGE][PASSED] - Current window maximized

2023-07-31 13:46:52 - [TEST_STEP][PASSED] - delay(3): Delayed 3 second(s)

2023-07-31 13:46:55 - [MESSAGE][PASSED] - Delayed 3 second(s)

2023-07-31 13:46:55 - [TEST_STEP][PASSED] - navigateToUrl("https://opensource-demo.orangehrmlive.com/web/index.php/auth/login"): Navigate to 'https://opensource-demo.orangehrmlive.com/web/index.php/auth/login' successfully

2023-07-31 13:46:59 - [MESSAGE][PASSED] - Navigate to 'https://opensource-demo.orangehrmlive.com/web/index.php/auth/login' successfully

2023-07-31 13:46:59 - [TEST_STEP][PASSED] - setText(findTestObject("Object Repository/OragngeHrm LOGIN/Page_OrangeHRM/input_Username_username"), "Admin"): Text 'Admin' is set on object 'Object Repository/OragngeHrm LOGIN/Page_OrangeHRM/input_Username_username'

2023-07-31 13:47:01 - [MESSAGE][PASSED] - Text 'Admin' is set on object 'Object Repository/OragngeHrm LOGIN/Page_OrangeHRM/input_Username_username'

2023-07-31 13:47:01 - [TEST_STEP][PASSED] - setEncryptedText(findTestObject("Object Repository/OragngeHrm LOGIN/Page_OrangeHRM/input_Password_password"), "hUKwJTbofgPU9eVlw/CnDQ=="): Text ****** has been set on object 'Object Repository/OragngeHrm LOGIN/Page_OrangeHRM/input_Password_password'

2023-07-31 13:47:01 - [MESSAGE][PASSED] - Text ****** has been set on object 'Object Repository/OragngeHrm LOGIN/Page_OrangeHRM/input_Password_password'

2023-07-31 13:47:01 - [TEST_STEP][PASSED] - click(findTestObject("Object Repository/OragngeHrm LOGIN/Page_OrangeHRM/button_Login")): Object: 'Object Repository/OragngeHrm LOGIN/Page_OrangeHRM/button_Login' is clicked on

2023-07-31 13:47:03 - [MESSAGE][PASSED] - Object: 'Object Repository/OragngeHrm LOGIN/Page_OrangeHRM/button_Login' is clicked on

2023-07-31 13:47:03 - [MESSAGE][PASSED] - Call Test Case 'Test Cases/Orange HRM LogIN' successfully

2023-07-31 13:47:03 - [TEST_STEP][PASSED] - click(findTestObject("Object Repository/OrangeHRM Directory/Page_OrangeHRM/a_Directory")): Object: 'Object Repository/OrangeHRM Directory/Page_OrangeHRM/a_Directory' is clicked on

2023-07-31 13:47:08 - [MESSAGE][PASSED] - Object: 'Object Repository/OrangeHRM Directory/Page_OrangeHRM/a_Directory' is clicked on

2023-07-31 13:47:08 - [TEST_STEP][PASSED] - setText(findTestObject("Object Repository/OrangeHRM Directory/Page_OrangeHRM/input"), "satyasai"): Text 'satyasai' is set on object 'Object Repository/OrangeHRM Directory/Page_OrangeHRM/input'

2023-07-31 13:47:11 - [MESSAGE][PASSED] - Text 'satyasai' is set on object 'Object Repository/OrangeHRM Directory/Page_OrangeHRM/input'

2023-07-31 13:47:11 - [TEST_STEP][PASSED] - click(findTestObject("Object Repository/OrangeHRM Directory/Page_OrangeHRM/button_Search")): Object: 'Object Repository/OrangeHRM Directory/Page_OrangeHRM/button_Search' is clicked on

2023-07-31 13:47:12 - [MESSAGE][PASSED] - Object: 'Object Repository/OrangeHRM Directory/Page_OrangeHRM/button_Search' is clicked on

2023-07-31 13:47:12 - [TEST_STEP][PASSED] - click(findTestObject("Object Repository/OrangeHRM Directory/Page_OrangeHRM/p_Ganesh  B")): Object: 'Object Repository/OrangeHRM Directory/Page_OrangeHRM/p_Ganesh  B' is clicked on

2023-07-31 13:47:13 - [MESSAGE][PASSED] - Object: 'Object Repository/OrangeHRM Directory/Page_OrangeHRM/p_Ganesh  B' is clicked on

2023-07-31 13:47:13 - [TEST_STEP][PASSED] - click(findTestObject("Object Repository/OrangeHRM Directory/Page_OrangeHRM/button_Reset")): Object: 'Object Repository/OrangeHRM Directory/Page_OrangeHRM/button_Reset' is clicked on

2023-07-31 13:47:13 - [MESSAGE][PASSED] - Object: 'Object Repository/OrangeHRM Directory/Page_OrangeHRM/button_Reset' is clicked on

2023-07-31 13:47:13 - [TEST_STEP][PASSED] - closeBrowser(): Browser is closed

2023-07-31 13:47:15 - [MESSAGE][PASSED] - Browser is closed]]></system-out>
         <system-err><![CDATA[]]></system-err>
      </testcase>
      <system-out><![CDATA[2023-07-31 13:46:18 - [TEST_SUITE][PASSED] - Test Suite1516: Test Cases/OrangeHRM Directory]]></system-out>
      <system-err><![CDATA[]]></system-err>
   </testsuite>
</testsuites>
