<?xml version="1.0" encoding="UTF-8"?>
<testsuites name="New Test Suite3_Qa" time="138.726" tests="1" failures="0" errors="0">
   <testsuite name="New Test Suite3_Qa" tests="1" failures="0" errors="0" time="138.726" skipped="0" timestamp="2023-07-26 18:07:11" hostname="satyasai.samoju - INBL01LAP31245.brd.g-c-i.com" id="Test Suites/New Test Suite3_Qa">
      <properties>
         <property name="deviceName"/>
         <property name="devicePlatform" value="WINDOWS"/>
         <property name="logFolder" value="C:\\Users\\satyasai.samoju\\git\\TestTunnel_Pratice_Repo\\Reports\\20230726_180659\\New Test Suite3_Qa\\20230726_180659"/>
         <property name="logFiles" value="C:\\Users\\satyasai.samoju\\git\\TestTunnel_Pratice_Repo\\Reports\\20230726_180659\\New Test Suite3_Qa\\20230726_180659\\execution0.log"/>
         <property name="attachments" value=""/>
         <property name="hostName" value="satyasai.samoju - INBL01LAP31245.brd.g-c-i.com"/>
         <property name="remoteDriverUrl" value="testcloud.katalon.com/hub"/>
         <property name="desiredCapabilities" value="{
  &quot;se:cdpVersion&quot;: &quot;114.0.5735.91&quot;,
  &quot;timeouts&quot;: {
    &quot;implicit&quot;: 0,
    &quot;pageLoad&quot;: 300000,
    &quot;script&quot;: 30000
  },
  &quot;platform&quot;: &quot;WINDOWS&quot;,
  &quot;goog:chromeOptions&quot;: {
    &quot;debuggerAddress&quot;: &quot;localhost:49883&quot;
  },
  &quot;requestId&quot;: &quot;1db84759-b13e-42b2-826c-d80c6ad77a0e&quot;,
  &quot;webauthn:extension:credBlob&quot;: true,
  &quot;acceptInsecureCerts&quot;: false,
  &quot;browserVersion&quot;: &quot;114.0.0.0&quot;,
  &quot;browserName&quot;: &quot;chrome&quot;,
  &quot;javascriptEnabled&quot;: true,
  &quot;katalon:option&quot;: {
    &quot;unlimitedExecutionMinutes&quot;: true,
    &quot;userId&quot;: 1243919,
    &quot;organizationId&quot;: &quot;1221318&quot;,
    &quot;class&quot;: &quot;com.katalon.testcloud.grid.common.tunnel.domain.UserOptionCapability&quot;,
    &quot;runFromTestCloud&quot;: true,
    &quot;usingTunnel&quot;: false
  },
  &quot;platformName&quot;: &quot;WINDOWS&quot;,
  &quot;setWindowRect&quot;: true,
  &quot;webauthn:extension:largeBlob&quot;: true,
  &quot;networkConnectionEnabled&quot;: false,
  &quot;chrome&quot;: {
    &quot;chromedriverVersion&quot;: &quot;114.0.5735.90 (386bc09e8f4f2e025eddae123f36f6263096ae49-refs/branch-heads/5735@{#1052})&quot;,
    &quot;userDataDir&quot;: &quot;C:\\Windows\\SystemTemp\\scoped_dir3004_1784417594&quot;
  },
  &quot;os&quot;: &quot;windows&quot;,
  &quot;pageLoadStrategy&quot;: &quot;normal&quot;,
  &quot;unhandledPromptBehavior&quot;: &quot;dismiss and notify&quot;,
  &quot;strictFileInteractability&quot;: false,
  &quot;se:cdp&quot;: &quot;ws://10.0.2.15:4444/session/9b3853d2541fe6f0c069f27d248b5a69/se/cdp&quot;,
  &quot;proxy&quot;: {
    &quot;proxyType&quot;: &quot;DIRECT&quot;,
    &quot;autodetect&quot;: false
  },
  &quot;webauthn:extension:minPinLength&quot;: true,
  &quot;webauthn:extension:prf&quot;: true,
  &quot;webauthn:virtualAuthenticators&quot;: true
}"/>
         <property name="os" value="Windows 11 64bit"/>
         <property name="remoteOS" value="Windows"/>
         <property name="katalonVersion" value="8.6.5.208"/>
         <property name="browser" value="Chrome 114.0.0.0"/>
         <property name="hostAddress" value="192.168.1.5"/>
         <property name="sessionId" value="9b3853d2541fe6f0c069f27d248b5a69"/>
         <property name="seleniumVersion" value="3.141.59"/>
         <property name="proxyInformation" value="ProxyInformation { proxyOption=NO_PROXY, proxyServerType=HTTP, username=, password=********, proxyServerAddress=, proxyServerPort=0, executionList=&quot;&quot;, isApplyToDesiredCapabilities=true }"/>
         <property name="platform" value="Windows 11"/>
      </properties>
      <testcase name="Test Cases/TestTunnel4Demoqa" time="138.35" classname="Test Cases/TestTunnel4Demoqa" status="PASSED">
         <system-out><![CDATA[2023-07-26 18:07:12 - [TEST_CASE][PASSED] - Test Cases/TestTunnel4Demoqa: Test Cases/TestTunnel4Demoqa

2023-07-26 18:07:12 - [TEST_STEP][PASSED] - openBrowser(""): Browser is opened with url: ''

2023-07-26 18:07:12 - [MESSAGE][INFO] - User set preference: ['os', 'windows']

2023-07-26 18:07:12 - [MESSAGE][INFO] - User set preference: ['browserName', 'chrome']

2023-07-26 18:07:12 - [MESSAGE][INFO] - User set preference: ['browserVersion', '114']

2023-07-26 18:07:12 - [MESSAGE][INFO] - User set preference: ['katalon:option', '{organizationId=1221318, tunnelId=, usingTunnel=false}']

2023-07-26 18:07:12 - [MESSAGE][INFO] - Connecting to remote web server 'testcloud.katalon.com/hub' with type 'Selenium'

2023-07-26 18:07:13 - [MESSAGE][INFO] - Action delay is set to 0 milliseconds

2023-07-26 18:08:18 - [MESSAGE][PASSED] - Browser is opened with url: ''

2023-07-26 18:08:18 - [TEST_STEP][PASSED] - maximizeWindow(): Current window maximized

2023-07-26 18:08:19 - [MESSAGE][PASSED] - Current window maximized

2023-07-26 18:08:19 - [TEST_STEP][PASSED] - navigateToUrl("https://demoqa.com/"): Navigate to 'https://demoqa.com/' successfully

2023-07-26 18:08:29 - [MESSAGE][PASSED] - Navigate to 'https://demoqa.com/' successfully

2023-07-26 18:08:29 - [TEST_STEP][PASSED] - delay(2): Delayed 2 second(s)

2023-07-26 18:08:31 - [MESSAGE][PASSED] - Delayed 2 second(s)

2023-07-26 18:08:31 - [TEST_STEP][PASSED] - click(findTestObject("DemoqaText/Page_DEMOQA/path")): Object: 'Object Repository/DemoqaText/Page_DEMOQA/path' is clicked on

2023-07-26 18:08:31 - [MESSAGE][WARNING] - [SELF-HEALING] Failed to find element with id 'Object Repository/DemoqaText/Page_DEMOQA/path'. Try using Self-healing.

2023-07-26 18:08:33 - [MESSAGE][WARNING] - [SELF-HEALING] The current locator of test object 'Object Repository/DemoqaText/Page_DEMOQA/path' was broken. Propose an alternative one: 'path'.

2023-07-26 18:08:37 - [MESSAGE][PASSED] - Object: 'Object Repository/DemoqaText/Page_DEMOQA/path' is clicked on

2023-07-26 18:08:37 - [TEST_STEP][PASSED] - click(findTestObject("DemoqaText/Page_DEMOQA/li_Text Box")): Object: 'Object Repository/DemoqaText/Page_DEMOQA/li_Text Box' is clicked on

2023-07-26 18:08:41 - [MESSAGE][PASSED] - Object: 'Object Repository/DemoqaText/Page_DEMOQA/li_Text Box' is clicked on

2023-07-26 18:08:41 - [TEST_STEP][PASSED] - setText(findTestObject("DemoqaText/Page_DEMOQA/input_Full Name_userName"), "Samoju satyasai"): Text 'Samoju satyasai' is set on object 'Object Repository/DemoqaText/Page_DEMOQA/input_Full Name_userName'

2023-07-26 18:08:47 - [MESSAGE][PASSED] - Text 'Samoju satyasai' is set on object 'Object Repository/DemoqaText/Page_DEMOQA/input_Full Name_userName'

2023-07-26 18:08:47 - [TEST_STEP][PASSED] - setText(findTestObject("DemoqaText/Page_DEMOQA/input_Email_userEmail"), "abc@gmail.com"): Text 'abc@gmail.com' is set on object 'Object Repository/DemoqaText/Page_DEMOQA/input_Email_userEmail'

2023-07-26 18:08:55 - [MESSAGE][PASSED] - Text 'abc@gmail.com' is set on object 'Object Repository/DemoqaText/Page_DEMOQA/input_Email_userEmail'

2023-07-26 18:08:55 - [TEST_STEP][PASSED] - setText(findTestObject("DemoqaText/Page_DEMOQA/textarea_Current Address_currentAddress"), "visakhapatnam"): Text 'visakhapatnam' is set on object 'Object Repository/DemoqaText/Page_DEMOQA/textarea_Current Address_currentAddress'

2023-07-26 18:09:09 - [MESSAGE][PASSED] - Text 'visakhapatnam' is set on object 'Object Repository/DemoqaText/Page_DEMOQA/textarea_Current Address_currentAddress'

2023-07-26 18:09:09 - [TEST_STEP][PASSED] - setText(findTestObject("DemoqaText/Page_DEMOQA/textarea_Permanent Address_permanentAddress"), "visakhapatnam"): Text 'visakhapatnam' is set on object 'Object Repository/DemoqaText/Page_DEMOQA/textarea_Permanent Address_permanentAddress'

2023-07-26 18:09:16 - [MESSAGE][PASSED] - Text 'visakhapatnam' is set on object 'Object Repository/DemoqaText/Page_DEMOQA/textarea_Permanent Address_permanentAddress'

2023-07-26 18:09:16 - [TEST_STEP][PASSED] - click(findTestObject("DemoqaText/Page_DEMOQA/button_Submit")): Object: 'Object Repository/DemoqaText/Page_DEMOQA/button_Submit' is clicked on

2023-07-26 18:09:19 - [MESSAGE][PASSED] - Object: 'Object Repository/DemoqaText/Page_DEMOQA/button_Submit' is clicked on

2023-07-26 18:09:19 - [TEST_STEP][PASSED] - delay(3): Delayed 3 second(s)

2023-07-26 18:09:22 - [MESSAGE][PASSED] - Delayed 3 second(s)

2023-07-26 18:09:22 - [TEST_STEP][PASSED] - closeBrowser(): Browser is closed

2023-07-26 18:09:30 - [MESSAGE][PASSED] - Browser is closed]]></system-out>
         <system-err><![CDATA[]]></system-err>
      </testcase>
      <system-out><![CDATA[2023-07-26 18:07:11 - [TEST_SUITE][PASSED] - New Test Suite3_Qa: Test Cases/TestTunnel4Demoqa]]></system-out>
      <system-err><![CDATA[]]></system-err>
   </testsuite>
</testsuites>
