<?xml version="1.0" encoding="UTF-8"?>
<testsuites name="New Test Suite Collection78" time="48.886" tests="2" failures="0" errors="0">
   <testsuite name="TestSuite78" tests="2" failures="0" errors="0" time="33.746" skipped="0" timestamp="2023-07-31 13:35:17" hostname="satyasai.samoju - INBL01LAP31245.brd.g-c-i.com" id="Test Suites/TestSuite78">
      <properties>
         <property name="deviceName" value=""/>
         <property name="devicePlatform" value=""/>
         <property name="logFolder" value="C:\\Users\\satyasai.samoju\\git\\TestTunnel_Pratice_Repo\\TestTunnel_Pratice_Repo\\TestTunnel_Pratice_Repo\\TestTunnel_Pratice_Repo\\TestTunnel_Pratice_Repo\\Reports\\20230731_133505\\TestSuite78\\20230731_133506"/>
         <property name="logFiles" value="C:\\Users\\satyasai.samoju\\git\\TestTunnel_Pratice_Repo\\TestTunnel_Pratice_Repo\\TestTunnel_Pratice_Repo\\TestTunnel_Pratice_Repo\\TestTunnel_Pratice_Repo\\Reports\\20230731_133505\\TestSuite78\\20230731_133506\\execution0.log"/>
         <property name="attachments" value=""/>
         <property name="hostName" value="satyasai.samoju - INBL01LAP31245.brd.g-c-i.com"/>
         <property name="os" value="Windows 11 64bit"/>
         <property name="katalonVersion" value="8.6.5.208"/>
         <property name="browser" value="Chrome 115.0.0.0"/>
         <property name="hostAddress" value="192.168.1.14"/>
         <property name="sessionId" value="4c42726870220587be3a28931acac8ab"/>
         <property name="seleniumVersion" value="3.141.59"/>
         <property name="proxyInformation" value="ProxyInformation { proxyOption=NO_PROXY, proxyServerType=HTTP, username=, password=********, proxyServerAddress=, proxyServerPort=0, executionList=&quot;&quot;, isApplyToDesiredCapabilities=true }"/>
         <property name="platform" value="Windows 11"/>
      </properties>
      <testcase name="Test Cases/Medical_Radio_Button" time="16.844" classname="Test Cases/Medical_Radio_Button" status="PASSED">
         <system-out><![CDATA[2023-07-31 13:35:17 - [TEST_CASE][PASSED] - Test Cases/Medical_Radio_Button: Test Cases/Medical_Radio_Button

2023-07-31 13:35:17 - [TEST_STEP][PASSED] - callTestCase(findTestCase("Appointment_Login"), [:], STOP_ON_FAILURE): Call Test Case 'Test Cases/Appointment_Login' successfully

2023-07-31 13:35:17 - [TEST_CASE][PASSED] - Test Cases/Appointment_Login: Test Cases/Appointment_Login

2023-07-31 13:35:18 - [TEST_STEP][PASSED] - openBrowser(""): Browser is opened with url: ''

2023-07-31 13:35:18 - [MESSAGE][INFO] - Starting 'Chrome' driver

2023-07-31 13:35:18 - [MESSAGE][INFO] - Action delay is set to 0 milliseconds

2023-07-31 13:35:22 - [MESSAGE][PASSED] - Browser is opened with url: ''

2023-07-31 13:35:22 - [TEST_STEP][PASSED] - maximizeWindow(): Current window maximized

2023-07-31 13:35:22 - [MESSAGE][PASSED] - Current window maximized

2023-07-31 13:35:22 - [TEST_STEP][PASSED] - navigateToUrl("https://katalon-demo-cura.herokuapp.com/"): Navigate to 'https://katalon-demo-cura.herokuapp.com/' successfully

2023-07-31 13:35:26 - [MESSAGE][PASSED] - Navigate to 'https://katalon-demo-cura.herokuapp.com/' successfully

2023-07-31 13:35:26 - [TEST_STEP][PASSED] - click(findTestObject("Object Repository/MakeAppointment_TestSuite/Page_CURA Healthcare Service/a_Make Appointment")): Object: 'Object Repository/MakeAppointment_TestSuite/Page_CURA Healthcare Service/a_Make Appointment' is clicked on

2023-07-31 13:35:27 - [MESSAGE][PASSED] - Object: 'Object Repository/MakeAppointment_TestSuite/Page_CURA Healthcare Service/a_Make Appointment' is clicked on

2023-07-31 13:35:27 - [TEST_STEP][PASSED] - setText(findTestObject("Object Repository/MakeAppointment_TestSuite/Page_CURA Healthcare Service/input_Username_username"), "John Doe"): Text 'John Doe' is set on object 'Object Repository/MakeAppointment_TestSuite/Page_CURA Healthcare Service/input_Username_username'

2023-07-31 13:35:27 - [MESSAGE][PASSED] - Text 'John Doe' is set on object 'Object Repository/MakeAppointment_TestSuite/Page_CURA Healthcare Service/input_Username_username'

2023-07-31 13:35:27 - [TEST_STEP][PASSED] - setEncryptedText(findTestObject("Object Repository/MakeAppointment_TestSuite/Page_CURA Healthcare Service/input_Password_password"), "g3/DOGG74jC3Flrr3yH+3D/yKbOqqUNM"): Text ****** has been set on object 'Object Repository/MakeAppointment_TestSuite/Page_CURA Healthcare Service/input_Password_password'

2023-07-31 13:35:28 - [MESSAGE][PASSED] - Text ****** has been set on object 'Object Repository/MakeAppointment_TestSuite/Page_CURA Healthcare Service/input_Password_password'

2023-07-31 13:35:28 - [TEST_STEP][PASSED] - click(findTestObject("Object Repository/MakeAppointment_TestSuite/Page_CURA Healthcare Service/button_Login")): Object: 'Object Repository/MakeAppointment_TestSuite/Page_CURA Healthcare Service/button_Login' is clicked on

2023-07-31 13:35:29 - [MESSAGE][PASSED] - Object: 'Object Repository/MakeAppointment_TestSuite/Page_CURA Healthcare Service/button_Login' is clicked on

2023-07-31 13:35:29 - [MESSAGE][PASSED] - Call Test Case 'Test Cases/Appointment_Login' successfully

2023-07-31 13:35:29 - [TEST_STEP][PASSED] - click(findTestObject("Object Repository/Medical_Radio_Button/Page_CURA Healthcare Service/input_Medicaid_programs")): Object: 'Object Repository/Medical_Radio_Button/Page_CURA Healthcare Service/input_Medicaid_programs' is clicked on

2023-07-31 13:35:30 - [MESSAGE][PASSED] - Object: 'Object Repository/Medical_Radio_Button/Page_CURA Healthcare Service/input_Medicaid_programs' is clicked on

2023-07-31 13:35:30 - [TEST_STEP][PASSED] - delay(3): Delayed 3 second(s)

2023-07-31 13:35:33 - [MESSAGE][PASSED] - Delayed 3 second(s)

2023-07-31 13:35:33 - [TEST_STEP][PASSED] - closeBrowser(): Browser is closed

2023-07-31 13:35:34 - [MESSAGE][PASSED] - Browser is closed]]></system-out>
         <system-err><![CDATA[]]></system-err>
      </testcase>
      <testcase name="Test Cases/Medi_Select_date" time="16.599" classname="Test Cases/Medi_Select_date" status="PASSED">
         <system-out><![CDATA[2023-07-31 13:35:34 - [TEST_CASE][PASSED] - Test Cases/Medi_Select_date: Test Cases/Medi_Select_date

2023-07-31 13:35:34 - [TEST_STEP][PASSED] - callTestCase(findTestCase("Appointment_Login"), [:], STOP_ON_FAILURE): Call Test Case 'Test Cases/Appointment_Login' successfully

2023-07-31 13:35:34 - [TEST_CASE][PASSED] - Test Cases/Appointment_Login: Test Cases/Appointment_Login

2023-07-31 13:35:34 - [TEST_STEP][PASSED] - openBrowser(""): Browser is opened with url: ''

2023-07-31 13:35:34 - [MESSAGE][INFO] - Starting 'Chrome' driver

2023-07-31 13:35:34 - [MESSAGE][INFO] - Action delay is set to 0 milliseconds

2023-07-31 13:35:37 - [MESSAGE][PASSED] - Browser is opened with url: ''

2023-07-31 13:35:37 - [TEST_STEP][PASSED] - maximizeWindow(): Current window maximized

2023-07-31 13:35:37 - [MESSAGE][PASSED] - Current window maximized

2023-07-31 13:35:37 - [TEST_STEP][PASSED] - navigateToUrl("https://katalon-demo-cura.herokuapp.com/"): Navigate to 'https://katalon-demo-cura.herokuapp.com/' successfully

2023-07-31 13:35:41 - [MESSAGE][PASSED] - Navigate to 'https://katalon-demo-cura.herokuapp.com/' successfully

2023-07-31 13:35:41 - [TEST_STEP][PASSED] - click(findTestObject("Object Repository/MakeAppointment_TestSuite/Page_CURA Healthcare Service/a_Make Appointment")): Object: 'Object Repository/MakeAppointment_TestSuite/Page_CURA Healthcare Service/a_Make Appointment' is clicked on

2023-07-31 13:35:42 - [MESSAGE][PASSED] - Object: 'Object Repository/MakeAppointment_TestSuite/Page_CURA Healthcare Service/a_Make Appointment' is clicked on

2023-07-31 13:35:42 - [TEST_STEP][PASSED] - setText(findTestObject("Object Repository/MakeAppointment_TestSuite/Page_CURA Healthcare Service/input_Username_username"), "John Doe"): Text 'John Doe' is set on object 'Object Repository/MakeAppointment_TestSuite/Page_CURA Healthcare Service/input_Username_username'

2023-07-31 13:35:43 - [MESSAGE][PASSED] - Text 'John Doe' is set on object 'Object Repository/MakeAppointment_TestSuite/Page_CURA Healthcare Service/input_Username_username'

2023-07-31 13:35:43 - [TEST_STEP][PASSED] - setEncryptedText(findTestObject("Object Repository/MakeAppointment_TestSuite/Page_CURA Healthcare Service/input_Password_password"), "g3/DOGG74jC3Flrr3yH+3D/yKbOqqUNM"): Text ****** has been set on object 'Object Repository/MakeAppointment_TestSuite/Page_CURA Healthcare Service/input_Password_password'

2023-07-31 13:35:44 - [MESSAGE][PASSED] - Text ****** has been set on object 'Object Repository/MakeAppointment_TestSuite/Page_CURA Healthcare Service/input_Password_password'

2023-07-31 13:35:44 - [TEST_STEP][PASSED] - click(findTestObject("Object Repository/MakeAppointment_TestSuite/Page_CURA Healthcare Service/button_Login")): Object: 'Object Repository/MakeAppointment_TestSuite/Page_CURA Healthcare Service/button_Login' is clicked on

2023-07-31 13:35:45 - [MESSAGE][PASSED] - Object: 'Object Repository/MakeAppointment_TestSuite/Page_CURA Healthcare Service/button_Login' is clicked on

2023-07-31 13:35:45 - [MESSAGE][PASSED] - Call Test Case 'Test Cases/Appointment_Login' successfully

2023-07-31 13:35:45 - [TEST_STEP][PASSED] - click(findTestObject("Object Repository/Medi_Select_Date/Page_CURA Healthcare Service/input_Visit Date (Required)_visit_date")): Object: 'Object Repository/Medi_Select_Date/Page_CURA Healthcare Service/input_Visit Date (Required)_visit_date' is clicked on

2023-07-31 13:35:45 - [MESSAGE][PASSED] - Object: 'Object Repository/Medi_Select_Date/Page_CURA Healthcare Service/input_Visit Date (Required)_visit_date' is clicked on

2023-07-31 13:35:45 - [TEST_STEP][PASSED] - click(findTestObject("Object Repository/Medi_Select_Date/Page_CURA Healthcare Service/td_14")): Object: 'Object Repository/Medi_Select_Date/Page_CURA Healthcare Service/td_14' is clicked on

2023-07-31 13:35:46 - [MESSAGE][PASSED] - Object: 'Object Repository/Medi_Select_Date/Page_CURA Healthcare Service/td_14' is clicked on

2023-07-31 13:35:46 - [TEST_STEP][PASSED] - click(findTestObject("Object Repository/Medi_Select_Date/Page_CURA Healthcare Service/div_Comment")): Object: 'Object Repository/Medi_Select_Date/Page_CURA Healthcare Service/div_Comment' is clicked on

2023-07-31 13:35:46 - [MESSAGE][PASSED] - Object: 'Object Repository/Medi_Select_Date/Page_CURA Healthcare Service/div_Comment' is clicked on

2023-07-31 13:35:46 - [TEST_STEP][PASSED] - delay(3): Delayed 3 second(s)

2023-07-31 13:35:49 - [MESSAGE][PASSED] - Delayed 3 second(s)

2023-07-31 13:35:49 - [TEST_STEP][PASSED] - closeBrowser(): Browser is closed

2023-07-31 13:35:50 - [MESSAGE][PASSED] - Browser is closed]]></system-out>
         <system-err><![CDATA[]]></system-err>
      </testcase>
      <system-out><![CDATA[2023-07-31 13:35:17 - [TEST_SUITE][PASSED] - TestSuite78: Test Cases/Medi_Select_date]]></system-out>
      <system-err><![CDATA[]]></system-err>
   </testsuite>
</testsuites>
